{"C:\\Users\\samu3\\Desktop\\Contador IA\\backend\\controllers\\authController.js": {"path":"C:\\Users\\samu3\\Desktop\\Contador IA\\backend\\controllers\\authController.js","statementMap":{"0":{"start":{"line":1,"column":12},"end":{"line":1,"column":35}},"1":{"start":{"line":2,"column":16},"end":{"line":2,"column":44}},"2":{"start":{"line":5,"column":21},"end":{"line":9,"column":1}},"3":{"start":{"line":6,"column":2},"end":{"line":8,"column":5}},"4":{"start":{"line":16,"column":17},"end":{"line":47,"column":1}},"5":{"start":{"line":17,"column":2},"end":{"line":46,"column":3}},"6":{"start":{"line":18,"column":90},"end":{"line":18,"column":98}},"7":{"start":{"line":21,"column":19},"end":{"line":21,"column":51}},"8":{"start":{"line":22,"column":4},"end":{"line":25,"column":5}},"9":{"start":{"line":23,"column":6},"end":{"line":23,"column":22}},"10":{"start":{"line":24,"column":6},"end":{"line":24,"column":60}},"11":{"start":{"line":27,"column":20},"end":{"line":35,"column":6}},"12":{"start":{"line":37,"column":4},"end":{"line":43,"column":7}},"13":{"start":{"line":45,"column":4},"end":{"line":45,"column":16}},"14":{"start":{"line":54,"column":14},"end":{"line":81,"column":1}},"15":{"start":{"line":55,"column":2},"end":{"line":80,"column":3}},"16":{"start":{"line":56,"column":32},"end":{"line":56,"column":40}},"17":{"start":{"line":58,"column":4},"end":{"line":61,"column":5}},"18":{"start":{"line":59,"column":6},"end":{"line":59,"column":22}},"19":{"start":{"line":60,"column":6},"end":{"line":60,"column":61}},"20":{"start":{"line":64,"column":20},"end":{"line":64,"column":72}},"21":{"start":{"line":66,"column":4},"end":{"line":69,"column":5}},"22":{"start":{"line":67,"column":6},"end":{"line":67,"column":22}},"23":{"start":{"line":68,"column":6},"end":{"line":68,"column":50}},"24":{"start":{"line":71,"column":4},"end":{"line":77,"column":7}},"25":{"start":{"line":79,"column":4},"end":{"line":79,"column":16}},"26":{"start":{"line":88,"column":22},"end":{"line":94,"column":1}},"27":{"start":{"line":89,"column":2},"end":{"line":93,"column":3}},"28":{"start":{"line":90,"column":4},"end":{"line":90,"column":26}},"29":{"start":{"line":92,"column":4},"end":{"line":92,"column":16}},"30":{"start":{"line":101,"column":25},"end":{"line":130,"column":1}},"31":{"start":{"line":102,"column":2},"end":{"line":129,"column":3}},"32":{"start":{"line":103,"column":73},"end":{"line":103,"column":81}},"33":{"start":{"line":105,"column":20},"end":{"line":105,"column":59}},"34":{"start":{"line":106,"column":4},"end":{"line":109,"column":5}},"35":{"start":{"line":107,"column":6},"end":{"line":107,"column":22}},"36":{"start":{"line":108,"column":6},"end":{"line":108,"column":47}},"37":{"start":{"line":111,"column":4},"end":{"line":111,"column":40}},"38":{"start":{"line":111,"column":16},"end":{"line":111,"column":40}},"39":{"start":{"line":112,"column":4},"end":{"line":112,"column":69}},"40":{"start":{"line":112,"column":35},"end":{"line":112,"column":69}},"41":{"start":{"line":113,"column":4},"end":{"line":113,"column":75}},"42":{"start":{"line":113,"column":37},"end":{"line":113,"column":75}},"43":{"start":{"line":114,"column":4},"end":{"line":114,"column":72}},"44":{"start":{"line":114,"column":36},"end":{"line":114,"column":72}},"45":{"start":{"line":115,"column":4},"end":{"line":115,"column":40}},"46":{"start":{"line":115,"column":16},"end":{"line":115,"column":40}},"47":{"start":{"line":117,"column":24},"end":{"line":117,"column":44}},"48":{"start":{"line":119,"column":4},"end":{"line":126,"column":7}},"49":{"start":{"line":128,"column":4},"end":{"line":128,"column":16}},"50":{"start":{"line":137,"column":24},"end":{"line":170,"column":1}},"51":{"start":{"line":138,"column":2},"end":{"line":169,"column":3}},"52":{"start":{"line":139,"column":46},"end":{"line":139,"column":54}},"53":{"start":{"line":141,"column":4},"end":{"line":144,"column":5}},"54":{"start":{"line":142,"column":6},"end":{"line":142,"column":22}},"55":{"start":{"line":143,"column":6},"end":{"line":143,"column":79}},"56":{"start":{"line":146,"column":4},"end":{"line":149,"column":5}},"57":{"start":{"line":147,"column":6},"end":{"line":147,"column":22}},"58":{"start":{"line":148,"column":6},"end":{"line":148,"column":78}},"59":{"start":{"line":151,"column":20},"end":{"line":151,"column":79}},"60":{"start":{"line":152,"column":4},"end":{"line":155,"column":5}},"61":{"start":{"line":153,"column":6},"end":{"line":153,"column":22}},"62":{"start":{"line":154,"column":6},"end":{"line":154,"column":47}},"63":{"start":{"line":157,"column":21},"end":{"line":157,"column":67}},"64":{"start":{"line":158,"column":4},"end":{"line":161,"column":5}},"65":{"start":{"line":159,"column":6},"end":{"line":159,"column":22}},"66":{"start":{"line":160,"column":6},"end":{"line":160,"column":60}},"67":{"start":{"line":163,"column":4},"end":{"line":163,"column":37}},"68":{"start":{"line":164,"column":4},"end":{"line":164,"column":25}},"69":{"start":{"line":166,"column":4},"end":{"line":166,"column":66}},"70":{"start":{"line":168,"column":4},"end":{"line":168,"column":16}},"71":{"start":{"line":172,"column":0},"end":{"line":172,"column":87}}},"fnMap":{"0":{"name":"(anonymous_0)","decl":{"start":{"line":5,"column":21},"end":{"line":5,"column":22}},"loc":{"start":{"line":5,"column":29},"end":{"line":9,"column":1}},"line":5},"1":{"name":"(anonymous_1)","decl":{"start":{"line":16,"column":17},"end":{"line":16,"column":18}},"loc":{"start":{"line":16,"column":43},"end":{"line":47,"column":1}},"line":16},"2":{"name":"(anonymous_2)","decl":{"start":{"line":54,"column":14},"end":{"line":54,"column":15}},"loc":{"start":{"line":54,"column":40},"end":{"line":81,"column":1}},"line":54},"3":{"name":"(anonymous_3)","decl":{"start":{"line":88,"column":22},"end":{"line":88,"column":23}},"loc":{"start":{"line":88,"column":48},"end":{"line":94,"column":1}},"line":88},"4":{"name":"(anonymous_4)","decl":{"start":{"line":101,"column":25},"end":{"line":101,"column":26}},"loc":{"start":{"line":101,"column":51},"end":{"line":130,"column":1}},"line":101},"5":{"name":"(anonymous_5)","decl":{"start":{"line":137,"column":24},"end":{"line":137,"column":25}},"loc":{"start":{"line":137,"column":50},"end":{"line":170,"column":1}},"line":137}},"branchMap":{"0":{"loc":{"start":{"line":7,"column":15},"end":{"line":7,"column":45}},"type":"binary-expr","locations":[{"start":{"line":7,"column":15},"end":{"line":7,"column":37}},{"start":{"line":7,"column":41},"end":{"line":7,"column":45}}],"line":7},"1":{"loc":{"start":{"line":22,"column":4},"end":{"line":25,"column":5}},"type":"if","locations":[{"start":{"line":22,"column":4},"end":{"line":25,"column":5}},{"start":{},"end":{}}],"line":22},"2":{"loc":{"start":{"line":58,"column":4},"end":{"line":61,"column":5}},"type":"if","locations":[{"start":{"line":58,"column":4},"end":{"line":61,"column":5}},{"start":{},"end":{}}],"line":58},"3":{"loc":{"start":{"line":58,"column":8},"end":{"line":58,"column":27}},"type":"binary-expr","locations":[{"start":{"line":58,"column":8},"end":{"line":58,"column":14}},{"start":{"line":58,"column":18},"end":{"line":58,"column":27}}],"line":58},"4":{"loc":{"start":{"line":66,"column":4},"end":{"line":69,"column":5}},"type":"if","locations":[{"start":{"line":66,"column":4},"end":{"line":69,"column":5}},{"start":{},"end":{}}],"line":66},"5":{"loc":{"start":{"line":66,"column":8},"end":{"line":66,"column":63}},"type":"binary-expr","locations":[{"start":{"line":66,"column":8},"end":{"line":66,"column":16}},{"start":{"line":66,"column":20},"end":{"line":66,"column":63}}],"line":66},"6":{"loc":{"start":{"line":106,"column":4},"end":{"line":109,"column":5}},"type":"if","locations":[{"start":{"line":106,"column":4},"end":{"line":109,"column":5}},{"start":{},"end":{}}],"line":106},"7":{"loc":{"start":{"line":111,"column":4},"end":{"line":111,"column":40}},"type":"if","locations":[{"start":{"line":111,"column":4},"end":{"line":111,"column":40}},{"start":{},"end":{}}],"line":111},"8":{"loc":{"start":{"line":112,"column":4},"end":{"line":112,"column":69}},"type":"if","locations":[{"start":{"line":112,"column":4},"end":{"line":112,"column":69}},{"start":{},"end":{}}],"line":112},"9":{"loc":{"start":{"line":113,"column":4},"end":{"line":113,"column":75}},"type":"if","locations":[{"start":{"line":113,"column":4},"end":{"line":113,"column":75}},{"start":{},"end":{}}],"line":113},"10":{"loc":{"start":{"line":114,"column":4},"end":{"line":114,"column":72}},"type":"if","locations":[{"start":{"line":114,"column":4},"end":{"line":114,"column":72}},{"start":{},"end":{}}],"line":114},"11":{"loc":{"start":{"line":115,"column":4},"end":{"line":115,"column":40}},"type":"if","locations":[{"start":{"line":115,"column":4},"end":{"line":115,"column":40}},{"start":{},"end":{}}],"line":115},"12":{"loc":{"start":{"line":141,"column":4},"end":{"line":144,"column":5}},"type":"if","locations":[{"start":{"line":141,"column":4},"end":{"line":144,"column":5}},{"start":{},"end":{}}],"line":141},"13":{"loc":{"start":{"line":141,"column":8},"end":{"line":141,"column":41}},"type":"binary-expr","locations":[{"start":{"line":141,"column":8},"end":{"line":141,"column":23}},{"start":{"line":141,"column":27},"end":{"line":141,"column":41}}],"line":141},"14":{"loc":{"start":{"line":146,"column":4},"end":{"line":149,"column":5}},"type":"if","locations":[{"start":{"line":146,"column":4},"end":{"line":149,"column":5}},{"start":{},"end":{}}],"line":146},"15":{"loc":{"start":{"line":152,"column":4},"end":{"line":155,"column":5}},"type":"if","locations":[{"start":{"line":152,"column":4},"end":{"line":155,"column":5}},{"start":{},"end":{}}],"line":152},"16":{"loc":{"start":{"line":158,"column":4},"end":{"line":161,"column":5}},"type":"if","locations":[{"start":{"line":158,"column":4},"end":{"line":161,"column":5}},{"start":{},"end":{}}],"line":158}},"s":{"0":0,"1":0,"2":0,"3":0,"4":0,"5":0,"6":0,"7":0,"8":0,"9":0,"10":0,"11":0,"12":0,"13":0,"14":0,"15":0,"16":0,"17":0,"18":0,"19":0,"20":0,"21":0,"22":0,"23":0,"24":0,"25":0,"26":0,"27":0,"28":0,"29":0,"30":0,"31":0,"32":0,"33":0,"34":0,"35":0,"36":0,"37":0,"38":0,"39":0,"40":0,"41":0,"42":0,"43":0,"44":0,"45":0,"46":0,"47":0,"48":0,"49":0,"50":0,"51":0,"52":0,"53":0,"54":0,"55":0,"56":0,"57":0,"58":0,"59":0,"60":0,"61":0,"62":0,"63":0,"64":0,"65":0,"66":0,"67":0,"68":0,"69":0,"70":0,"71":0},"f":{"0":0,"1":0,"2":0,"3":0,"4":0,"5":0},"b":{"0":[0,0],"1":[0,0],"2":[0,0],"3":[0,0],"4":[0,0],"5":[0,0],"6":[0,0],"7":[0,0],"8":[0,0],"9":[0,0],"10":[0,0],"11":[0,0],"12":[0,0],"13":[0,0],"14":[0,0],"15":[0,0],"16":[0,0]}}
,"C:\\Users\\samu3\\Desktop\\Contador IA\\backend\\controllers\\chatController.js": {"path":"C:\\Users\\samu3\\Desktop\\Contador IA\\backend\\controllers\\chatController.js","statementMap":{"0":{"start":{"line":1,"column":15},"end":{"line":1,"column":32}},"1":{"start":{"line":2,"column":23},"end":{"line":2,"column":38}},"2":{"start":{"line":3,"column":33},"end":{"line":3,"column":56}},"3":{"start":{"line":4,"column":16},"end":{"line":4,"column":44}},"4":{"start":{"line":5,"column":16},"end":{"line":5,"column":44}},"5":{"start":{"line":6,"column":19},"end":{"line":6,"column":50}},"6":{"start":{"line":7,"column":24},"end":{"line":7,"column":60}},"7":{"start":{"line":8,"column":21},"end":{"line":8,"column":54}},"8":{"start":{"line":9,"column":31},"end":{"line":9,"column":50}},"9":{"start":{"line":10,"column":25},"end":{"line":10,"column":54}},"10":{"start":{"line":11,"column":58},"end":{"line":11,"column":87}},"11":{"start":{"line":15,"column":16},"end":{"line":15,"column":20}},"12":{"start":{"line":16,"column":15},"end":{"line":16,"column":19}},"13":{"start":{"line":17,"column":17},"end":{"line":17,"column":21}},"14":{"start":{"line":18,"column":26},"end":{"line":18,"column":31}},"15":{"start":{"line":19,"column":22},"end":{"line":19,"column":26}},"16":{"start":{"line":22,"column":2},"end":{"line":28,"column":3}},"17":{"start":{"line":23,"column":4},"end":{"line":27,"column":5}},"18":{"start":{"line":24,"column":6},"end":{"line":24,"column":52}},"19":{"start":{"line":26,"column":6},"end":{"line":26,"column":58}},"20":{"start":{"line":29,"column":2},"end":{"line":29,"column":25}},"21":{"start":{"line":33,"column":2},"end":{"line":39,"column":3}},"22":{"start":{"line":34,"column":20},"end":{"line":34,"column":36}},"23":{"start":{"line":35,"column":4},"end":{"line":35,"column":40}},"24":{"start":{"line":38,"column":4},"end":{"line":38,"column":39}},"25":{"start":{"line":43,"column":2},"end":{"line":43,"column":46}},"26":{"start":{"line":43,"column":27},"end":{"line":43,"column":46}},"27":{"start":{"line":44,"column":2},"end":{"line":44,"column":29}},"28":{"start":{"line":46,"column":17},"end":{"line":46,"column":39}},"29":{"start":{"line":47,"column":2},"end":{"line":50,"column":3}},"30":{"start":{"line":48,"column":4},"end":{"line":48,"column":81}},"31":{"start":{"line":49,"column":4},"end":{"line":49,"column":17}},"32":{"start":{"line":51,"column":2},"end":{"line":67,"column":3}},"33":{"start":{"line":52,"column":4},"end":{"line":59,"column":7}},"34":{"start":{"line":58,"column":31},"end":{"line":58,"column":67}},"35":{"start":{"line":60,"column":4},"end":{"line":60,"column":29}},"36":{"start":{"line":61,"column":4},"end":{"line":61,"column":33}},"37":{"start":{"line":62,"column":4},"end":{"line":62,"column":65}},"38":{"start":{"line":63,"column":4},"end":{"line":63,"column":16}},"39":{"start":{"line":65,"column":4},"end":{"line":65,"column":70}},"40":{"start":{"line":66,"column":4},"end":{"line":66,"column":17}},"41":{"start":{"line":71,"column":2},"end":{"line":71,"column":30}},"42":{"start":{"line":76,"column":27},"end":{"line":127,"column":72}},"43":{"start":{"line":133,"column":17},"end":{"line":133,"column":44}},"44":{"start":{"line":134,"column":2},"end":{"line":134,"column":28}},"45":{"start":{"line":134,"column":14},"end":{"line":134,"column":28}},"46":{"start":{"line":136,"column":51},"end":{"line":141,"column":4}},"47":{"start":{"line":143,"column":22},"end":{"line":143,"column":101}},"48":{"start":{"line":143,"column":50},"end":{"line":143,"column":97}},"49":{"start":{"line":144,"column":24},"end":{"line":144,"column":76}},"50":{"start":{"line":144,"column":52},"end":{"line":144,"column":72}},"51":{"start":{"line":145,"column":29},"end":{"line":145,"column":31}},"52":{"start":{"line":146,"column":2},"end":{"line":149,"column":5}},"53":{"start":{"line":147,"column":16},"end":{"line":147,"column":49}},"54":{"start":{"line":148,"column":4},"end":{"line":148,"column":105}},"55":{"start":{"line":152,"column":25},"end":{"line":152,"column":67}},"56":{"start":{"line":152,"column":44},"end":{"line":152,"column":66}},"57":{"start":{"line":153,"column":25},"end":{"line":153,"column":67}},"58":{"start":{"line":153,"column":44},"end":{"line":153,"column":66}},"59":{"start":{"line":154,"column":24},"end":{"line":154,"column":28}},"60":{"start":{"line":155,"column":2},"end":{"line":159,"column":3}},"61":{"start":{"line":156,"column":23},"end":{"line":156,"column":86}},"62":{"start":{"line":156,"column":57},"end":{"line":156,"column":82}},"63":{"start":{"line":157,"column":20},"end":{"line":157,"column":92}},"64":{"start":{"line":157,"column":54},"end":{"line":157,"column":88}},"65":{"start":{"line":158,"column":4},"end":{"line":158,"column":60}},"66":{"start":{"line":158,"column":21},"end":{"line":158,"column":60}},"67":{"start":{"line":161,"column":18},"end":{"line":161,"column":50}},"68":{"start":{"line":162,"column":15},"end":{"line":162,"column":84}},"69":{"start":{"line":162,"column":52},"end":{"line":162,"column":75}},"70":{"start":{"line":163,"column":16},"end":{"line":163,"column":86}},"71":{"start":{"line":163,"column":54},"end":{"line":163,"column":77}},"72":{"start":{"line":164,"column":19},"end":{"line":164,"column":52}},"73":{"start":{"line":167,"column":21},"end":{"line":167,"column":31}},"74":{"start":{"line":168,"column":2},"end":{"line":168,"column":49}},"75":{"start":{"line":169,"column":23},"end":{"line":169,"column":25}},"76":{"start":{"line":170,"column":2},"end":{"line":174,"column":5}},"77":{"start":{"line":170,"column":23},"end":{"line":170,"column":61}},"78":{"start":{"line":171,"column":18},"end":{"line":171,"column":42}},"79":{"start":{"line":172,"column":16},"end":{"line":172,"column":89}},"80":{"start":{"line":173,"column":4},"end":{"line":173,"column":93}},"81":{"start":{"line":176,"column":19},"end":{"line":205,"column":3}},"82":{"start":{"line":190,"column":52},"end":{"line":197,"column":5}},"83":{"start":{"line":198,"column":52},"end":{"line":203,"column":5}},"84":{"start":{"line":208,"column":2},"end":{"line":208,"column":40}},"85":{"start":{"line":210,"column":2},"end":{"line":210,"column":18}},"86":{"start":{"line":216,"column":18},"end":{"line":216,"column":20}},"87":{"start":{"line":217,"column":2},"end":{"line":217,"column":124}},"88":{"start":{"line":217,"column":38},"end":{"line":217,"column":124}},"89":{"start":{"line":218,"column":2},"end":{"line":218,"column":86}},"90":{"start":{"line":218,"column":37},"end":{"line":218,"column":86}},"91":{"start":{"line":220,"column":23},"end":{"line":223,"column":15}},"92":{"start":{"line":221,"column":24},"end":{"line":221,"column":42}},"93":{"start":{"line":222,"column":25},"end":{"line":222,"column":63}},"94":{"start":{"line":225,"column":2},"end":{"line":244,"column":141}},"95":{"start":{"line":235,"column":74},"end":{"line":235,"column":112}},"96":{"start":{"line":241,"column":36},"end":{"line":241,"column":144}},"97":{"start":{"line":244,"column":36},"end":{"line":244,"column":109}},"98":{"start":{"line":249,"column":27},"end":{"line":249,"column":31}},"99":{"start":{"line":250,"column":31},"end":{"line":250,"column":33}},"100":{"start":{"line":251,"column":28},"end":{"line":251,"column":32}},"101":{"start":{"line":254,"column":25},"end":{"line":254,"column":58}},"102":{"start":{"line":255,"column":25},"end":{"line":255,"column":53}},"103":{"start":{"line":257,"column":2},"end":{"line":257,"column":57}},"104":{"start":{"line":257,"column":35},"end":{"line":257,"column":57}},"105":{"start":{"line":261,"column":17},"end":{"line":261,"column":43}},"106":{"start":{"line":262,"column":22},"end":{"line":262,"column":57}},"107":{"start":{"line":263,"column":22},"end":{"line":263,"column":57}},"108":{"start":{"line":265,"column":28},"end":{"line":276,"column":3}},"109":{"start":{"line":278,"column":2},"end":{"line":278,"column":52}},"110":{"start":{"line":284,"column":2},"end":{"line":286,"column":3}},"111":{"start":{"line":285,"column":4},"end":{"line":285,"column":128}},"112":{"start":{"line":288,"column":2},"end":{"line":302,"column":67}},"113":{"start":{"line":300,"column":74},"end":{"line":300,"column":110}},"114":{"start":{"line":308,"column":20},"end":{"line":308,"column":30}},"115":{"start":{"line":309,"column":20},"end":{"line":309,"column":40}},"116":{"start":{"line":311,"column":2},"end":{"line":421,"column":3}},"117":{"start":{"line":312,"column":40},"end":{"line":312,"column":48}},"118":{"start":{"line":313,"column":22},"end":{"line":313,"column":37}},"119":{"start":{"line":316,"column":71},"end":{"line":316,"column":94}},"120":{"start":{"line":317,"column":4},"end":{"line":322,"column":5}},"121":{"start":{"line":318,"column":6},"end":{"line":321,"column":9}},"122":{"start":{"line":325,"column":4},"end":{"line":339,"column":5}},"123":{"start":{"line":327,"column":6},"end":{"line":338,"column":7}},"124":{"start":{"line":328,"column":25},"end":{"line":328,"column":64}},"125":{"start":{"line":329,"column":8},"end":{"line":332,"column":11}},"126":{"start":{"line":334,"column":8},"end":{"line":337,"column":11}},"127":{"start":{"line":342,"column":24},"end":{"line":342,"column":63}},"128":{"start":{"line":343,"column":21},"end":{"line":343,"column":51}},"129":{"start":{"line":344,"column":27},"end":{"line":344,"column":52}},"130":{"start":{"line":347,"column":28},"end":{"line":347,"column":53}},"131":{"start":{"line":350,"column":31},"end":{"line":353,"column":7}},"132":{"start":{"line":350,"column":82},"end":{"line":353,"column":5}},"133":{"start":{"line":355,"column":21},"end":{"line":360,"column":5}},"134":{"start":{"line":363,"column":22},"end":{"line":368,"column":6}},"135":{"start":{"line":370,"column":22},"end":{"line":370,"column":95}},"136":{"start":{"line":371,"column":25},"end":{"line":371,"column":59}},"137":{"start":{"line":373,"column":21},"end":{"line":373,"column":43}},"138":{"start":{"line":374,"column":4},"end":{"line":374,"column":127}},"139":{"start":{"line":376,"column":4},"end":{"line":376,"column":50}},"140":{"start":{"line":378,"column":21},"end":{"line":378,"column":43}},"141":{"start":{"line":379,"column":4},"end":{"line":379,"column":84}},"142":{"start":{"line":382,"column":4},"end":{"line":388,"column":5}},"143":{"start":{"line":383,"column":6},"end":{"line":387,"column":9}},"144":{"start":{"line":390,"column":4},"end":{"line":395,"column":5}},"145":{"start":{"line":391,"column":6},"end":{"line":394,"column":9}},"146":{"start":{"line":397,"column":4},"end":{"line":402,"column":5}},"147":{"start":{"line":398,"column":6},"end":{"line":401,"column":9}},"148":{"start":{"line":404,"column":4},"end":{"line":415,"column":5}},"149":{"start":{"line":406,"column":6},"end":{"line":414,"column":7}},"150":{"start":{"line":407,"column":25},"end":{"line":407,"column":70}},"151":{"start":{"line":408,"column":8},"end":{"line":411,"column":11}},"152":{"start":{"line":417,"column":4},"end":{"line":420,"column":7}},"153":{"start":{"line":427,"column":20},"end":{"line":427,"column":30}},"154":{"start":{"line":428,"column":20},"end":{"line":428,"column":40}},"155":{"start":{"line":431,"column":2},"end":{"line":436,"column":5}},"156":{"start":{"line":438,"column":2},"end":{"line":516,"column":3}},"157":{"start":{"line":439,"column":40},"end":{"line":439,"column":48}},"158":{"start":{"line":440,"column":22},"end":{"line":440,"column":37}},"159":{"start":{"line":443,"column":71},"end":{"line":443,"column":94}},"160":{"start":{"line":444,"column":4},"end":{"line":448,"column":5}},"161":{"start":{"line":445,"column":6},"end":{"line":445,"column":77}},"162":{"start":{"line":446,"column":6},"end":{"line":446,"column":36}},"163":{"start":{"line":447,"column":6},"end":{"line":447,"column":23}},"164":{"start":{"line":450,"column":4},"end":{"line":459,"column":5}},"165":{"start":{"line":451,"column":6},"end":{"line":456,"column":7}},"166":{"start":{"line":452,"column":25},"end":{"line":452,"column":64}},"167":{"start":{"line":453,"column":8},"end":{"line":453,"column":114}},"168":{"start":{"line":455,"column":8},"end":{"line":455,"column":92}},"169":{"start":{"line":457,"column":6},"end":{"line":457,"column":36}},"170":{"start":{"line":458,"column":6},"end":{"line":458,"column":23}},"171":{"start":{"line":462,"column":24},"end":{"line":462,"column":63}},"172":{"start":{"line":463,"column":21},"end":{"line":463,"column":51}},"173":{"start":{"line":464,"column":27},"end":{"line":464,"column":52}},"174":{"start":{"line":465,"column":28},"end":{"line":465,"column":53}},"175":{"start":{"line":467,"column":31},"end":{"line":470,"column":7}},"176":{"start":{"line":467,"column":82},"end":{"line":470,"column":5}},"177":{"start":{"line":472,"column":21},"end":{"line":477,"column":5}},"178":{"start":{"line":480,"column":19},"end":{"line":486,"column":6}},"179":{"start":{"line":488,"column":20},"end":{"line":488,"column":21}},"180":{"start":{"line":489,"column":4},"end":{"line":495,"column":5}},"181":{"start":{"line":490,"column":20},"end":{"line":490,"column":52}},"182":{"start":{"line":491,"column":6},"end":{"line":494,"column":7}},"183":{"start":{"line":492,"column":8},"end":{"line":492,"column":20}},"184":{"start":{"line":493,"column":8},"end":{"line":493,"column":71}},"185":{"start":{"line":497,"column":21},"end":{"line":497,"column":43}},"186":{"start":{"line":498,"column":4},"end":{"line":498,"column":107}},"187":{"start":{"line":500,"column":4},"end":{"line":500,"column":72}},"188":{"start":{"line":501,"column":4},"end":{"line":501,"column":34}},"189":{"start":{"line":502,"column":4},"end":{"line":502,"column":14}},"190":{"start":{"line":504,"column":21},"end":{"line":504,"column":43}},"191":{"start":{"line":505,"column":4},"end":{"line":505,"column":86}},"192":{"start":{"line":507,"column":21},"end":{"line":511,"column":58}},"193":{"start":{"line":513,"column":4},"end":{"line":513,"column":66}},"194":{"start":{"line":514,"column":4},"end":{"line":514,"column":34}},"195":{"start":{"line":515,"column":4},"end":{"line":515,"column":14}},"196":{"start":{"line":522,"column":2},"end":{"line":545,"column":3}},"197":{"start":{"line":523,"column":66},"end":{"line":523,"column":74}},"198":{"start":{"line":524,"column":22},"end":{"line":524,"column":37}},"199":{"start":{"line":526,"column":4},"end":{"line":528,"column":5}},"200":{"start":{"line":527,"column":6},"end":{"line":527,"column":76}},"201":{"start":{"line":530,"column":24},"end":{"line":537,"column":6}},"202":{"start":{"line":539,"column":4},"end":{"line":539,"column":87}},"203":{"start":{"line":541,"column":4},"end":{"line":541,"column":27}},"204":{"start":{"line":543,"column":4},"end":{"line":543,"column":64}},"205":{"start":{"line":544,"column":4},"end":{"line":544,"column":65}},"206":{"start":{"line":550,"column":0},"end":{"line":561,"column":2}}},"fnMap":{"0":{"name":"obtenerEncoder","decl":{"start":{"line":21,"column":9},"end":{"line":21,"column":23}},"loc":{"start":{"line":21,"column":26},"end":{"line":30,"column":1}},"line":21},"1":{"name":"contarTokens","decl":{"start":{"line":32,"column":9},"end":{"line":32,"column":21}},"loc":{"start":{"line":32,"column":29},"end":{"line":40,"column":1}},"line":32},"2":{"name":"inicializarCliente","decl":{"start":{"line":42,"column":9},"end":{"line":42,"column":27}},"loc":{"start":{"line":42,"column":30},"end":{"line":68,"column":1}},"line":42},"3":{"name":"(anonymous_3)","decl":{"start":{"line":58,"column":18},"end":{"line":58,"column":19}},"loc":{"start":{"line":58,"column":31},"end":{"line":58,"column":67}},"line":58},"4":{"name":"estaIADisponible","decl":{"start":{"line":70,"column":9},"end":{"line":70,"column":25}},"loc":{"start":{"line":70,"column":28},"end":{"line":72,"column":1}},"line":70},"5":{"name":"obtenerContextoUsuario","decl":{"start":{"line":131,"column":15},"end":{"line":131,"column":37}},"loc":{"start":{"line":131,"column":49},"end":{"line":211,"column":1}},"line":131},"6":{"name":"(anonymous_6)","decl":{"start":{"line":143,"column":38},"end":{"line":143,"column":39}},"loc":{"start":{"line":143,"column":50},"end":{"line":143,"column":97}},"line":143},"7":{"name":"(anonymous_7)","decl":{"start":{"line":144,"column":40},"end":{"line":144,"column":41}},"loc":{"start":{"line":144,"column":52},"end":{"line":144,"column":72}},"line":144},"8":{"name":"(anonymous_8)","decl":{"start":{"line":146,"column":19},"end":{"line":146,"column":20}},"loc":{"start":{"line":146,"column":24},"end":{"line":149,"column":3}},"line":146},"9":{"name":"(anonymous_9)","decl":{"start":{"line":152,"column":39},"end":{"line":152,"column":40}},"loc":{"start":{"line":152,"column":44},"end":{"line":152,"column":66}},"line":152},"10":{"name":"(anonymous_10)","decl":{"start":{"line":153,"column":39},"end":{"line":153,"column":40}},"loc":{"start":{"line":153,"column":44},"end":{"line":153,"column":66}},"line":153},"11":{"name":"(anonymous_11)","decl":{"start":{"line":156,"column":45},"end":{"line":156,"column":46}},"loc":{"start":{"line":156,"column":57},"end":{"line":156,"column":82}},"line":156},"12":{"name":"(anonymous_12)","decl":{"start":{"line":157,"column":42},"end":{"line":157,"column":43}},"loc":{"start":{"line":157,"column":54},"end":{"line":157,"column":88}},"line":157},"13":{"name":"(anonymous_13)","decl":{"start":{"line":162,"column":40},"end":{"line":162,"column":41}},"loc":{"start":{"line":162,"column":52},"end":{"line":162,"column":75}},"line":162},"14":{"name":"(anonymous_14)","decl":{"start":{"line":163,"column":42},"end":{"line":163,"column":43}},"loc":{"start":{"line":163,"column":54},"end":{"line":163,"column":77}},"line":163},"15":{"name":"(anonymous_15)","decl":{"start":{"line":170,"column":18},"end":{"line":170,"column":19}},"loc":{"start":{"line":170,"column":23},"end":{"line":170,"column":61}},"line":170},"16":{"name":"(anonymous_16)","decl":{"start":{"line":170,"column":71},"end":{"line":170,"column":72}},"loc":{"start":{"line":170,"column":76},"end":{"line":174,"column":3}},"line":170},"17":{"name":"(anonymous_17)","decl":{"start":{"line":190,"column":46},"end":{"line":190,"column":47}},"loc":{"start":{"line":190,"column":52},"end":{"line":197,"column":5}},"line":190},"18":{"name":"(anonymous_18)","decl":{"start":{"line":198,"column":46},"end":{"line":198,"column":47}},"loc":{"start":{"line":198,"column":52},"end":{"line":203,"column":5}},"line":198},"19":{"name":"construirPromptContexto","decl":{"start":{"line":215,"column":9},"end":{"line":215,"column":32}},"loc":{"start":{"line":215,"column":43},"end":{"line":245,"column":1}},"line":215},"20":{"name":"(anonymous_20)","decl":{"start":{"line":221,"column":10},"end":{"line":221,"column":11}},"loc":{"start":{"line":221,"column":24},"end":{"line":221,"column":42}},"line":221},"21":{"name":"(anonymous_21)","decl":{"start":{"line":222,"column":9},"end":{"line":222,"column":10}},"loc":{"start":{"line":222,"column":25},"end":{"line":222,"column":63}},"line":222},"22":{"name":"(anonymous_22)","decl":{"start":{"line":235,"column":58},"end":{"line":235,"column":59}},"loc":{"start":{"line":235,"column":74},"end":{"line":235,"column":112}},"line":235},"23":{"name":"(anonymous_23)","decl":{"start":{"line":241,"column":31},"end":{"line":241,"column":32}},"loc":{"start":{"line":241,"column":36},"end":{"line":241,"column":144}},"line":241},"24":{"name":"(anonymous_24)","decl":{"start":{"line":244,"column":31},"end":{"line":244,"column":32}},"loc":{"start":{"line":244,"column":36},"end":{"line":244,"column":109}},"line":244},"25":{"name":"truncarContexto","decl":{"start":{"line":253,"column":9},"end":{"line":253,"column":24}},"loc":{"start":{"line":253,"column":68},"end":{"line":279,"column":1}},"line":253},"26":{"name":"generarRespuestaOffline","decl":{"start":{"line":283,"column":9},"end":{"line":283,"column":32}},"loc":{"start":{"line":283,"column":43},"end":{"line":303,"column":1}},"line":283},"27":{"name":"(anonymous_27)","decl":{"start":{"line":300,"column":58},"end":{"line":300,"column":59}},"loc":{"start":{"line":300,"column":74},"end":{"line":300,"column":110}},"line":300},"28":{"name":"chat","decl":{"start":{"line":307,"column":15},"end":{"line":307,"column":19}},"loc":{"start":{"line":307,"column":30},"end":{"line":422,"column":1}},"line":307},"29":{"name":"(anonymous_29)","decl":{"start":{"line":350,"column":76},"end":{"line":350,"column":77}},"loc":{"start":{"line":350,"column":82},"end":{"line":353,"column":5}},"line":350},"30":{"name":"chatStream","decl":{"start":{"line":426,"column":15},"end":{"line":426,"column":25}},"loc":{"start":{"line":426,"column":36},"end":{"line":517,"column":1}},"line":426},"31":{"name":"(anonymous_31)","decl":{"start":{"line":467,"column":76},"end":{"line":467,"column":77}},"loc":{"start":{"line":467,"column":82},"end":{"line":470,"column":5}},"line":467},"32":{"name":"enviarFeedback","decl":{"start":{"line":521,"column":15},"end":{"line":521,"column":29}},"loc":{"start":{"line":521,"column":40},"end":{"line":546,"column":1}},"line":521}},"branchMap":{"0":{"loc":{"start":{"line":22,"column":2},"end":{"line":28,"column":3}},"type":"if","locations":[{"start":{"line":22,"column":2},"end":{"line":28,"column":3}},{"start":{},"end":{}}],"line":22},"1":{"loc":{"start":{"line":43,"column":2},"end":{"line":43,"column":46}},"type":"if","locations":[{"start":{"line":43,"column":2},"end":{"line":43,"column":46}},{"start":{},"end":{}}],"line":43},"2":{"loc":{"start":{"line":47,"column":2},"end":{"line":50,"column":3}},"type":"if","locations":[{"start":{"line":47,"column":2},"end":{"line":50,"column":3}},{"start":{},"end":{}}],"line":47},"3":{"loc":{"start":{"line":134,"column":2},"end":{"line":134,"column":28}},"type":"if","locations":[{"start":{"line":134,"column":2},"end":{"line":134,"column":28}},{"start":{},"end":{}}],"line":134},"4":{"loc":{"start":{"line":143,"column":57},"end":{"line":143,"column":96}},"type":"binary-expr","locations":[{"start":{"line":143,"column":57},"end":{"line":143,"column":91}},{"start":{"line":143,"column":95},"end":{"line":143,"column":96}}],"line":143},"5":{"loc":{"start":{"line":144,"column":59},"end":{"line":144,"column":71}},"type":"binary-expr","locations":[{"start":{"line":144,"column":59},"end":{"line":144,"column":66}},{"start":{"line":144,"column":70},"end":{"line":144,"column":71}}],"line":144},"6":{"loc":{"start":{"line":147,"column":16},"end":{"line":147,"column":49}},"type":"binary-expr","locations":[{"start":{"line":147,"column":16},"end":{"line":147,"column":29}},{"start":{"line":147,"column":33},"end":{"line":147,"column":49}}],"line":147},"7":{"loc":{"start":{"line":148,"column":31},"end":{"line":148,"column":59}},"type":"binary-expr","locations":[{"start":{"line":148,"column":31},"end":{"line":148,"column":54}},{"start":{"line":148,"column":58},"end":{"line":148,"column":59}}],"line":148},"8":{"loc":{"start":{"line":148,"column":64},"end":{"line":148,"column":103}},"type":"binary-expr","locations":[{"start":{"line":148,"column":64},"end":{"line":148,"column":98}},{"start":{"line":148,"column":102},"end":{"line":148,"column":103}}],"line":148},"9":{"loc":{"start":{"line":155,"column":2},"end":{"line":159,"column":3}},"type":"if","locations":[{"start":{"line":155,"column":2},"end":{"line":159,"column":3}},{"start":{},"end":{}}],"line":155},"10":{"loc":{"start":{"line":156,"column":64},"end":{"line":156,"column":81}},"type":"binary-expr","locations":[{"start":{"line":156,"column":64},"end":{"line":156,"column":76}},{"start":{"line":156,"column":80},"end":{"line":156,"column":81}}],"line":156},"11":{"loc":{"start":{"line":157,"column":61},"end":{"line":157,"column":87}},"type":"binary-expr","locations":[{"start":{"line":157,"column":61},"end":{"line":157,"column":82}},{"start":{"line":157,"column":86},"end":{"line":157,"column":87}}],"line":157},"12":{"loc":{"start":{"line":158,"column":4},"end":{"line":158,"column":60}},"type":"if","locations":[{"start":{"line":158,"column":4},"end":{"line":158,"column":60}},{"start":{},"end":{}}],"line":158},"13":{"loc":{"start":{"line":161,"column":18},"end":{"line":161,"column":50}},"type":"binary-expr","locations":[{"start":{"line":161,"column":18},"end":{"line":161,"column":45}},{"start":{"line":161,"column":49},"end":{"line":161,"column":50}}],"line":161},"14":{"loc":{"start":{"line":162,"column":15},"end":{"line":162,"column":84}},"type":"binary-expr","locations":[{"start":{"line":162,"column":15},"end":{"line":162,"column":79}},{"start":{"line":162,"column":83},"end":{"line":162,"column":84}}],"line":162},"15":{"loc":{"start":{"line":162,"column":59},"end":{"line":162,"column":74}},"type":"binary-expr","locations":[{"start":{"line":162,"column":59},"end":{"line":162,"column":69}},{"start":{"line":162,"column":73},"end":{"line":162,"column":74}}],"line":162},"16":{"loc":{"start":{"line":163,"column":16},"end":{"line":163,"column":86}},"type":"binary-expr","locations":[{"start":{"line":163,"column":16},"end":{"line":163,"column":81}},{"start":{"line":163,"column":85},"end":{"line":163,"column":86}}],"line":163},"17":{"loc":{"start":{"line":163,"column":61},"end":{"line":163,"column":76}},"type":"binary-expr","locations":[{"start":{"line":163,"column":61},"end":{"line":163,"column":71}},{"start":{"line":163,"column":75},"end":{"line":163,"column":76}}],"line":163},"18":{"loc":{"start":{"line":164,"column":19},"end":{"line":164,"column":52}},"type":"binary-expr","locations":[{"start":{"line":164,"column":19},"end":{"line":164,"column":47}},{"start":{"line":164,"column":51},"end":{"line":164,"column":52}}],"line":164},"19":{"loc":{"start":{"line":173,"column":25},"end":{"line":173,"column":47}},"type":"binary-expr","locations":[{"start":{"line":173,"column":25},"end":{"line":173,"column":42}},{"start":{"line":173,"column":46},"end":{"line":173,"column":47}}],"line":173},"20":{"loc":{"start":{"line":173,"column":52},"end":{"line":173,"column":91}},"type":"binary-expr","locations":[{"start":{"line":173,"column":52},"end":{"line":173,"column":86}},{"start":{"line":173,"column":90},"end":{"line":173,"column":91}}],"line":173},"21":{"loc":{"start":{"line":186,"column":23},"end":{"line":186,"column":75}},"type":"cond-expr","locations":[{"start":{"line":186,"column":41},"end":{"line":186,"column":68}},{"start":{"line":186,"column":71},"end":{"line":186,"column":75}}],"line":186},"22":{"loc":{"start":{"line":187,"column":14},"end":{"line":187,"column":106}},"type":"cond-expr","locations":[{"start":{"line":187,"column":34},"end":{"line":187,"column":99}},{"start":{"line":187,"column":102},"end":{"line":187,"column":106}}],"line":187},"23":{"loc":{"start":{"line":217,"column":2},"end":{"line":217,"column":124}},"type":"if","locations":[{"start":{"line":217,"column":2},"end":{"line":217,"column":124}},{"start":{},"end":{}}],"line":217},"24":{"loc":{"start":{"line":218,"column":2},"end":{"line":218,"column":86}},"type":"if","locations":[{"start":{"line":218,"column":2},"end":{"line":218,"column":86}},{"start":{},"end":{}}],"line":218},"25":{"loc":{"start":{"line":220,"column":38},"end":{"line":220,"column":73}},"type":"binary-expr","locations":[{"start":{"line":220,"column":38},"end":{"line":220,"column":67}},{"start":{"line":220,"column":71},"end":{"line":220,"column":73}}],"line":220},"26":{"loc":{"start":{"line":232,"column":2},"end":{"line":232,"column":59}},"type":"cond-expr","locations":[{"start":{"line":232,"column":23},"end":{"line":232,"column":54}},{"start":{"line":232,"column":57},"end":{"line":232,"column":59}}],"line":232},"27":{"loc":{"start":{"line":235,"column":2},"end":{"line":235,"column":143}},"type":"binary-expr","locations":[{"start":{"line":235,"column":2},"end":{"line":235,"column":124}},{"start":{"line":235,"column":128},"end":{"line":235,"column":143}}],"line":235},"28":{"loc":{"start":{"line":238,"column":2},"end":{"line":238,"column":33}},"type":"binary-expr","locations":[{"start":{"line":238,"column":2},"end":{"line":238,"column":14}},{"start":{"line":238,"column":18},"end":{"line":238,"column":33}}],"line":238},"29":{"loc":{"start":{"line":241,"column":2},"end":{"line":241,"column":173}},"type":"binary-expr","locations":[{"start":{"line":241,"column":2},"end":{"line":241,"column":156}},{"start":{"line":241,"column":160},"end":{"line":241,"column":173}}],"line":241},"30":{"loc":{"start":{"line":241,"column":44},"end":{"line":241,"column":66}},"type":"binary-expr","locations":[{"start":{"line":241,"column":44},"end":{"line":241,"column":59}},{"start":{"line":241,"column":63},"end":{"line":241,"column":66}}],"line":241},"31":{"loc":{"start":{"line":241,"column":132},"end":{"line":241,"column":142}},"type":"binary-expr","locations":[{"start":{"line":241,"column":132},"end":{"line":241,"column":137}},{"start":{"line":241,"column":141},"end":{"line":241,"column":142}}],"line":241},"32":{"loc":{"start":{"line":244,"column":2},"end":{"line":244,"column":138}},"type":"binary-expr","locations":[{"start":{"line":244,"column":2},"end":{"line":244,"column":121}},{"start":{"line":244,"column":125},"end":{"line":244,"column":138}}],"line":244},"33":{"loc":{"start":{"line":244,"column":44},"end":{"line":244,"column":66}},"type":"binary-expr","locations":[{"start":{"line":244,"column":44},"end":{"line":244,"column":59}},{"start":{"line":244,"column":63},"end":{"line":244,"column":66}}],"line":244},"34":{"loc":{"start":{"line":253,"column":35},"end":{"line":253,"column":66}},"type":"default-arg","locations":[{"start":{"line":253,"column":47},"end":{"line":253,"column":66}}],"line":253},"35":{"loc":{"start":{"line":257,"column":2},"end":{"line":257,"column":57}},"type":"if","locations":[{"start":{"line":257,"column":2},"end":{"line":257,"column":57}},{"start":{},"end":{}}],"line":257},"36":{"loc":{"start":{"line":273,"column":23},"end":{"line":273,"column":58}},"type":"binary-expr","locations":[{"start":{"line":273,"column":23},"end":{"line":273,"column":52}},{"start":{"line":273,"column":56},"end":{"line":273,"column":58}}],"line":273},"37":{"loc":{"start":{"line":284,"column":2},"end":{"line":286,"column":3}},"type":"if","locations":[{"start":{"line":284,"column":2},"end":{"line":286,"column":3}},{"start":{},"end":{}}],"line":284},"38":{"loc":{"start":{"line":300,"column":2},"end":{"line":300,"column":139}},"type":"binary-expr","locations":[{"start":{"line":300,"column":2},"end":{"line":300,"column":122}},{"start":{"line":300,"column":126},"end":{"line":300,"column":139}}],"line":300},"39":{"loc":{"start":{"line":312,"column":21},"end":{"line":312,"column":35}},"type":"default-arg","locations":[{"start":{"line":312,"column":33},"end":{"line":312,"column":35}}],"line":312},"40":{"loc":{"start":{"line":317,"column":4},"end":{"line":322,"column":5}},"type":"if","locations":[{"start":{"line":317,"column":4},"end":{"line":322,"column":5}},{"start":{},"end":{}}],"line":317},"41":{"loc":{"start":{"line":325,"column":4},"end":{"line":339,"column":5}},"type":"if","locations":[{"start":{"line":325,"column":4},"end":{"line":339,"column":5}},{"start":{},"end":{}}],"line":325},"42":{"loc":{"start":{"line":351,"column":12},"end":{"line":351,"column":51}},"type":"cond-expr","locations":[{"start":{"line":351,"column":31},"end":{"line":351,"column":37}},{"start":{"line":351,"column":40},"end":{"line":351,"column":51}}],"line":351},"43":{"loc":{"start":{"line":352,"column":16},"end":{"line":352,"column":33}},"type":"binary-expr","locations":[{"start":{"line":352,"column":16},"end":{"line":352,"column":27}},{"start":{"line":352,"column":31},"end":{"line":352,"column":33}}],"line":352},"44":{"loc":{"start":{"line":370,"column":22},"end":{"line":370,"column":95}},"type":"binary-expr","locations":[{"start":{"line":370,"column":22},"end":{"line":370,"column":60}},{"start":{"line":370,"column":64},"end":{"line":370,"column":95}}],"line":370},"45":{"loc":{"start":{"line":371,"column":25},"end":{"line":371,"column":59}},"type":"binary-expr","locations":[{"start":{"line":371,"column":25},"end":{"line":371,"column":54}},{"start":{"line":371,"column":58},"end":{"line":371,"column":59}}],"line":371},"46":{"loc":{"start":{"line":382,"column":4},"end":{"line":388,"column":5}},"type":"if","locations":[{"start":{"line":382,"column":4},"end":{"line":388,"column":5}},{"start":{},"end":{}}],"line":382},"47":{"loc":{"start":{"line":386,"column":20},"end":{"line":386,"column":56}},"type":"binary-expr","locations":[{"start":{"line":386,"column":20},"end":{"line":386,"column":50}},{"start":{"line":386,"column":54},"end":{"line":386,"column":56}}],"line":386},"48":{"loc":{"start":{"line":390,"column":4},"end":{"line":395,"column":5}},"type":"if","locations":[{"start":{"line":390,"column":4},"end":{"line":395,"column":5}},{"start":{},"end":{}}],"line":390},"49":{"loc":{"start":{"line":397,"column":4},"end":{"line":402,"column":5}},"type":"if","locations":[{"start":{"line":397,"column":4},"end":{"line":402,"column":5}},{"start":{},"end":{}}],"line":397},"50":{"loc":{"start":{"line":404,"column":4},"end":{"line":415,"column":5}},"type":"if","locations":[{"start":{"line":404,"column":4},"end":{"line":415,"column":5}},{"start":{},"end":{}}],"line":404},"51":{"loc":{"start":{"line":404,"column":8},"end":{"line":404,"column":52}},"type":"binary-expr","locations":[{"start":{"line":404,"column":8},"end":{"line":404,"column":28}},{"start":{"line":404,"column":32},"end":{"line":404,"column":52}}],"line":404},"52":{"loc":{"start":{"line":439,"column":21},"end":{"line":439,"column":35}},"type":"default-arg","locations":[{"start":{"line":439,"column":33},"end":{"line":439,"column":35}}],"line":439},"53":{"loc":{"start":{"line":444,"column":4},"end":{"line":448,"column":5}},"type":"if","locations":[{"start":{"line":444,"column":4},"end":{"line":448,"column":5}},{"start":{},"end":{}}],"line":444},"54":{"loc":{"start":{"line":450,"column":4},"end":{"line":459,"column":5}},"type":"if","locations":[{"start":{"line":450,"column":4},"end":{"line":459,"column":5}},{"start":{},"end":{}}],"line":450},"55":{"loc":{"start":{"line":468,"column":12},"end":{"line":468,"column":51}},"type":"cond-expr","locations":[{"start":{"line":468,"column":31},"end":{"line":468,"column":37}},{"start":{"line":468,"column":40},"end":{"line":468,"column":51}}],"line":468},"56":{"loc":{"start":{"line":469,"column":16},"end":{"line":469,"column":33}},"type":"binary-expr","locations":[{"start":{"line":469,"column":16},"end":{"line":469,"column":27}},{"start":{"line":469,"column":31},"end":{"line":469,"column":33}}],"line":469},"57":{"loc":{"start":{"line":491,"column":6},"end":{"line":494,"column":7}},"type":"if","locations":[{"start":{"line":491,"column":6},"end":{"line":494,"column":7}},{"start":{},"end":{}}],"line":491},"58":{"loc":{"start":{"line":507,"column":21},"end":{"line":511,"column":58}},"type":"cond-expr","locations":[{"start":{"line":508,"column":8},"end":{"line":508,"column":50}},{"start":{"line":509,"column":8},"end":{"line":511,"column":58}}],"line":507},"59":{"loc":{"start":{"line":509,"column":8},"end":{"line":511,"column":58}},"type":"cond-expr","locations":[{"start":{"line":510,"column":8},"end":{"line":510,"column":52}},{"start":{"line":511,"column":8},"end":{"line":511,"column":58}}],"line":509},"60":{"loc":{"start":{"line":526,"column":4},"end":{"line":528,"column":5}},"type":"if","locations":[{"start":{"line":526,"column":4},"end":{"line":528,"column":5}},{"start":{},"end":{}}],"line":526},"61":{"loc":{"start":{"line":526,"column":8},"end":{"line":526,"column":87}},"type":"binary-expr","locations":[{"start":{"line":526,"column":8},"end":{"line":526,"column":23}},{"start":{"line":526,"column":27},"end":{"line":526,"column":39}},{"start":{"line":526,"column":43},"end":{"line":526,"column":87}}],"line":526}},"s":{"0":1,"1":1,"2":1,"3":1,"4":1,"5":1,"6":1,"7":1,"8":1,"9":1,"10":1,"11":1,"12":1,"13":1,"14":1,"15":1,"16":4,"17":1,"18":1,"19":0,"20":4,"21":4,"22":4,"23":4,"24":0,"25":0,"26":0,"27":0,"28":0,"29":0,"30":0,"31":0,"32":0,"33":0,"34":0,"35":0,"36":0,"37":0,"38":0,"39":0,"40":0,"41":0,"42":1,"43":0,"44":0,"45":0,"46":0,"47":0,"48":0,"49":0,"50":0,"51":0,"52":0,"53":0,"54":0,"55":0,"56":0,"57":0,"58":0,"59":0,"60":0,"61":0,"62":0,"63":0,"64":0,"65":0,"66":0,"67":0,"68":0,"69":0,"70":0,"71":0,"72":0,"73":0,"74":0,"75":0,"76":0,"77":0,"78":0,"79":0,"80":0,"81":0,"82":0,"83":0,"84":0,"85":0,"86":9,"87":9,"88":9,"89":9,"90":9,"91":9,"92":17,"93":26,"94":9,"95":27,"96":27,"97":17,"98":1,"99":1,"100":1,"101":2,"102":2,"103":2,"104":1,"105":1,"106":1,"107":1,"108":1,"109":1,"110":3,"111":1,"112":2,"113":6,"114":0,"115":0,"116":0,"117":0,"118":0,"119":0,"120":0,"121":0,"122":0,"123":0,"124":0,"125":0,"126":0,"127":0,"128":0,"129":0,"130":0,"131":0,"132":0,"133":0,"134":0,"135":0,"136":0,"137":0,"138":0,"139":0,"140":0,"141":0,"142":0,"143":0,"144":0,"145":0,"146":0,"147":0,"148":0,"149":0,"150":0,"151":0,"152":0,"153":0,"154":0,"155":0,"156":0,"157":0,"158":0,"159":0,"160":0,"161":0,"162":0,"163":0,"164":0,"165":0,"166":0,"167":0,"168":0,"169":0,"170":0,"171":0,"172":0,"173":0,"174":0,"175":0,"176":0,"177":0,"178":0,"179":0,"180":0,"181":0,"182":0,"183":0,"184":0,"185":0,"186":0,"187":0,"188":0,"189":0,"190":0,"191":0,"192":0,"193":0,"194":0,"195":0,"196":0,"197":0,"198":0,"199":0,"200":0,"201":0,"202":0,"203":0,"204":0,"205":0,"206":1},"f":{"0":4,"1":4,"2":0,"3":0,"4":0,"5":0,"6":0,"7":0,"8":0,"9":0,"10":0,"11":0,"12":0,"13":0,"14":0,"15":0,"16":0,"17":0,"18":0,"19":9,"20":17,"21":26,"22":27,"23":27,"24":17,"25":2,"26":3,"27":6,"28":0,"29":0,"30":0,"31":0,"32":0},"b":{"0":[1,3],"1":[0,0],"2":[0,0],"3":[0,0],"4":[0,0],"5":[0,0],"6":[0,0],"7":[0,0],"8":[0,0],"9":[0,0],"10":[0,0],"11":[0,0],"12":[0,0],"13":[0,0],"14":[0,0],"15":[0,0],"16":[0,0],"17":[0,0],"18":[0,0],"19":[0,0],"20":[0,0],"21":[0,0],"22":[0,0],"23":[9,0],"24":[9,0],"25":[9,0],"26":[9,0],"27":[9,0],"28":[9,0],"29":[9,0],"30":[27,0],"31":[27,0],"32":[9,0],"33":[17,0],"34":[0],"35":[1,1],"36":[1,0],"37":[1,2],"38":[2,0],"39":[0],"40":[0,0],"41":[0,0],"42":[0,0],"43":[0,0],"44":[0,0],"45":[0,0],"46":[0,0],"47":[0,0],"48":[0,0],"49":[0,0],"50":[0,0],"51":[0,0],"52":[0],"53":[0,0],"54":[0,0],"55":[0,0],"56":[0,0],"57":[0,0],"58":[0,0],"59":[0,0],"60":[0,0],"61":[0,0,0]},"_coverageSchema":"1a1c01bbd47fc00a2c39e90264f33305004495a9","hash":"eb8cd1c7889ff537ecf2500840da2f8bd4ba48bf"}
,"C:\\Users\\samu3\\Desktop\\Contador IA\\backend\\controllers\\costoController.js": {"path":"C:\\Users\\samu3\\Desktop\\Contador IA\\backend\\controllers\\costoController.js","statementMap":{"0":{"start":{"line":1,"column":24},"end":{"line":1,"column":60}},"1":{"start":{"line":5,"column":22},"end":{"line":15,"column":1}},"2":{"start":{"line":6,"column":2},"end":{"line":14,"column":34}},"3":{"start":{"line":7,"column":30},"end":{"line":7,"column":39}},"4":{"start":{"line":8,"column":17},"end":{"line":8,"column":66}},"5":{"start":{"line":9,"column":17},"end":{"line":9,"column":97}},"6":{"start":{"line":10,"column":4},"end":{"line":12,"column":5}},"7":{"start":{"line":11,"column":6},"end":{"line":11,"column":113}},"8":{"start":{"line":13,"column":4},"end":{"line":13,"column":21}},"9":{"start":{"line":14,"column":20},"end":{"line":14,"column":32}},"10":{"start":{"line":17,"column":25},"end":{"line":32,"column":1}},"11":{"start":{"line":18,"column":2},"end":{"line":31,"column":34}},"12":{"start":{"line":19,"column":69},"end":{"line":19,"column":77}},"13":{"start":{"line":20,"column":17},"end":{"line":20,"column":66}},"14":{"start":{"line":22,"column":17},"end":{"line":22,"column":97}},"15":{"start":{"line":23,"column":4},"end":{"line":23,"column":124}},"16":{"start":{"line":23,"column":17},"end":{"line":23,"column":124}},"17":{"start":{"line":25,"column":19},"end":{"line":25,"column":81}},"18":{"start":{"line":25,"column":49},"end":{"line":25,"column":80}},"19":{"start":{"line":26,"column":4},"end":{"line":26,"column":104}},"20":{"start":{"line":26,"column":18},"end":{"line":26,"column":34}},"21":{"start":{"line":26,"column":35},"end":{"line":26,"column":102}},"22":{"start":{"line":28,"column":4},"end":{"line":28,"column":137}},"23":{"start":{"line":29,"column":4},"end":{"line":29,"column":24}},"24":{"start":{"line":30,"column":4},"end":{"line":30,"column":78}},"25":{"start":{"line":31,"column":20},"end":{"line":31,"column":32}},"26":{"start":{"line":34,"column":23},"end":{"line":51,"column":1}},"27":{"start":{"line":35,"column":2},"end":{"line":50,"column":34}},"28":{"start":{"line":36,"column":29},"end":{"line":36,"column":39}},"29":{"start":{"line":37,"column":102},"end":{"line":37,"column":110}},"30":{"start":{"line":38,"column":19},"end":{"line":38,"column":121}},"31":{"start":{"line":39,"column":4},"end":{"line":39,"column":100}},"32":{"start":{"line":39,"column":19},"end":{"line":39,"column":35}},"33":{"start":{"line":39,"column":36},"end":{"line":39,"column":98}},"34":{"start":{"line":41,"column":19},"end":{"line":41,"column":81}},"35":{"start":{"line":41,"column":49},"end":{"line":41,"column":80}},"36":{"start":{"line":42,"column":4},"end":{"line":42,"column":87}},"37":{"start":{"line":42,"column":19},"end":{"line":42,"column":35}},"38":{"start":{"line":42,"column":36},"end":{"line":42,"column":85}},"39":{"start":{"line":44,"column":23},"end":{"line":44,"column":73}},"40":{"start":{"line":45,"column":4},"end":{"line":45,"column":128}},"41":{"start":{"line":47,"column":4},"end":{"line":47,"column":53}},"42":{"start":{"line":48,"column":4},"end":{"line":48,"column":24}},"43":{"start":{"line":49,"column":4},"end":{"line":49,"column":33}},"44":{"start":{"line":50,"column":20},"end":{"line":50,"column":32}},"45":{"start":{"line":53,"column":26},"end":{"line":68,"column":1}},"46":{"start":{"line":54,"column":2},"end":{"line":67,"column":34}},"47":{"start":{"line":55,"column":29},"end":{"line":55,"column":39}},"48":{"start":{"line":56,"column":72},"end":{"line":56,"column":80}},"49":{"start":{"line":57,"column":19},"end":{"line":57,"column":121}},"50":{"start":{"line":58,"column":4},"end":{"line":58,"column":100}},"51":{"start":{"line":58,"column":19},"end":{"line":58,"column":35}},"52":{"start":{"line":58,"column":36},"end":{"line":58,"column":98}},"53":{"start":{"line":60,"column":19},"end":{"line":60,"column":81}},"54":{"start":{"line":60,"column":49},"end":{"line":60,"column":80}},"55":{"start":{"line":61,"column":4},"end":{"line":61,"column":87}},"56":{"start":{"line":61,"column":19},"end":{"line":61,"column":35}},"57":{"start":{"line":61,"column":36},"end":{"line":61,"column":85}},"58":{"start":{"line":63,"column":4},"end":{"line":63,"column":90}},"59":{"start":{"line":64,"column":4},"end":{"line":64,"column":53}},"60":{"start":{"line":65,"column":4},"end":{"line":65,"column":24}},"61":{"start":{"line":66,"column":4},"end":{"line":66,"column":33}},"62":{"start":{"line":67,"column":20},"end":{"line":67,"column":32}},"63":{"start":{"line":70,"column":26},"end":{"line":85,"column":1}},"64":{"start":{"line":71,"column":2},"end":{"line":84,"column":34}},"65":{"start":{"line":72,"column":29},"end":{"line":72,"column":39}},"66":{"start":{"line":73,"column":19},"end":{"line":73,"column":121}},"67":{"start":{"line":74,"column":4},"end":{"line":74,"column":86}},"68":{"start":{"line":74,"column":19},"end":{"line":74,"column":35}},"69":{"start":{"line":74,"column":36},"end":{"line":74,"column":84}},"70":{"start":{"line":76,"column":19},"end":{"line":76,"column":81}},"71":{"start":{"line":76,"column":49},"end":{"line":76,"column":80}},"72":{"start":{"line":77,"column":4},"end":{"line":77,"column":87}},"73":{"start":{"line":77,"column":19},"end":{"line":77,"column":35}},"74":{"start":{"line":77,"column":36},"end":{"line":77,"column":85}},"75":{"start":{"line":79,"column":4},"end":{"line":79,"column":26}},"76":{"start":{"line":80,"column":4},"end":{"line":80,"column":36}},"77":{"start":{"line":81,"column":4},"end":{"line":81,"column":53}},"78":{"start":{"line":82,"column":4},"end":{"line":82,"column":24}},"79":{"start":{"line":83,"column":4},"end":{"line":83,"column":21}},"80":{"start":{"line":84,"column":20},"end":{"line":84,"column":32}},"81":{"start":{"line":89,"column":29},"end":{"line":108,"column":1}},"82":{"start":{"line":90,"column":2},"end":{"line":107,"column":34}},"83":{"start":{"line":91,"column":30},"end":{"line":91,"column":39}},"84":{"start":{"line":92,"column":17},"end":{"line":92,"column":66}},"85":{"start":{"line":93,"column":19},"end":{"line":93,"column":99}},"86":{"start":{"line":94,"column":4},"end":{"line":94,"column":95}},"87":{"start":{"line":94,"column":17},"end":{"line":94,"column":95}},"88":{"start":{"line":96,"column":4},"end":{"line":106,"column":7}},"89":{"start":{"line":99,"column":50},"end":{"line":105,"column":7}},"90":{"start":{"line":107,"column":20},"end":{"line":107,"column":32}},"91":{"start":{"line":110,"column":0},"end":{"line":117,"column":2}}},"fnMap":{"0":{"name":"(anonymous_0)","decl":{"start":{"line":5,"column":22},"end":{"line":5,"column":23}},"loc":{"start":{"line":5,"column":48},"end":{"line":15,"column":1}},"line":5},"1":{"name":"(anonymous_1)","decl":{"start":{"line":17,"column":25},"end":{"line":17,"column":26}},"loc":{"start":{"line":17,"column":51},"end":{"line":32,"column":1}},"line":17},"2":{"name":"(anonymous_2)","decl":{"start":{"line":25,"column":44},"end":{"line":25,"column":45}},"loc":{"start":{"line":25,"column":49},"end":{"line":25,"column":80}},"line":25},"3":{"name":"(anonymous_3)","decl":{"start":{"line":34,"column":23},"end":{"line":34,"column":24}},"loc":{"start":{"line":34,"column":49},"end":{"line":51,"column":1}},"line":34},"4":{"name":"(anonymous_4)","decl":{"start":{"line":41,"column":44},"end":{"line":41,"column":45}},"loc":{"start":{"line":41,"column":49},"end":{"line":41,"column":80}},"line":41},"5":{"name":"(anonymous_5)","decl":{"start":{"line":53,"column":26},"end":{"line":53,"column":27}},"loc":{"start":{"line":53,"column":52},"end":{"line":68,"column":1}},"line":53},"6":{"name":"(anonymous_6)","decl":{"start":{"line":60,"column":44},"end":{"line":60,"column":45}},"loc":{"start":{"line":60,"column":49},"end":{"line":60,"column":80}},"line":60},"7":{"name":"(anonymous_7)","decl":{"start":{"line":70,"column":26},"end":{"line":70,"column":27}},"loc":{"start":{"line":70,"column":52},"end":{"line":85,"column":1}},"line":70},"8":{"name":"(anonymous_8)","decl":{"start":{"line":76,"column":44},"end":{"line":76,"column":45}},"loc":{"start":{"line":76,"column":49},"end":{"line":76,"column":80}},"line":76},"9":{"name":"(anonymous_9)","decl":{"start":{"line":89,"column":29},"end":{"line":89,"column":30}},"loc":{"start":{"line":89,"column":55},"end":{"line":108,"column":1}},"line":89},"10":{"name":"(anonymous_10)","decl":{"start":{"line":99,"column":44},"end":{"line":99,"column":45}},"loc":{"start":{"line":99,"column":50},"end":{"line":105,"column":7}},"line":99}},"branchMap":{"0":{"loc":{"start":{"line":8,"column":24},"end":{"line":8,"column":65}},"type":"binary-expr","locations":[{"start":{"line":8,"column":24},"end":{"line":8,"column":37}},{"start":{"line":8,"column":41},"end":{"line":8,"column":65}}],"line":8},"1":{"loc":{"start":{"line":10,"column":4},"end":{"line":12,"column":5}},"type":"if","locations":[{"start":{"line":10,"column":4},"end":{"line":12,"column":5}},{"start":{},"end":{}}],"line":10},"2":{"loc":{"start":{"line":20,"column":26},"end":{"line":20,"column":51}},"type":"binary-expr","locations":[{"start":{"line":20,"column":26},"end":{"line":20,"column":37}},{"start":{"line":20,"column":41},"end":{"line":20,"column":51}}],"line":20},"3":{"loc":{"start":{"line":23,"column":4},"end":{"line":23,"column":124}},"type":"if","locations":[{"start":{"line":23,"column":4},"end":{"line":23,"column":124}},{"start":{},"end":{}}],"line":23},"4":{"loc":{"start":{"line":26,"column":4},"end":{"line":26,"column":104}},"type":"if","locations":[{"start":{"line":26,"column":4},"end":{"line":26,"column":104}},{"start":{},"end":{}}],"line":26},"5":{"loc":{"start":{"line":28,"column":85},"end":{"line":28,"column":133}},"type":"cond-expr","locations":[{"start":{"line":28,"column":99},"end":{"line":28,"column":120}},{"start":{"line":28,"column":123},"end":{"line":28,"column":133}}],"line":28},"6":{"loc":{"start":{"line":39,"column":4},"end":{"line":39,"column":100}},"type":"if","locations":[{"start":{"line":39,"column":4},"end":{"line":39,"column":100}},{"start":{},"end":{}}],"line":39},"7":{"loc":{"start":{"line":42,"column":4},"end":{"line":42,"column":87}},"type":"if","locations":[{"start":{"line":42,"column":4},"end":{"line":42,"column":87}},{"start":{},"end":{}}],"line":42},"8":{"loc":{"start":{"line":58,"column":4},"end":{"line":58,"column":100}},"type":"if","locations":[{"start":{"line":58,"column":4},"end":{"line":58,"column":100}},{"start":{},"end":{}}],"line":58},"9":{"loc":{"start":{"line":61,"column":4},"end":{"line":61,"column":87}},"type":"if","locations":[{"start":{"line":61,"column":4},"end":{"line":61,"column":87}},{"start":{},"end":{}}],"line":61},"10":{"loc":{"start":{"line":74,"column":4},"end":{"line":74,"column":86}},"type":"if","locations":[{"start":{"line":74,"column":4},"end":{"line":74,"column":86}},{"start":{},"end":{}}],"line":74},"11":{"loc":{"start":{"line":77,"column":4},"end":{"line":77,"column":87}},"type":"if","locations":[{"start":{"line":77,"column":4},"end":{"line":77,"column":87}},{"start":{},"end":{}}],"line":77},"12":{"loc":{"start":{"line":92,"column":24},"end":{"line":92,"column":65}},"type":"binary-expr","locations":[{"start":{"line":92,"column":24},"end":{"line":92,"column":37}},{"start":{"line":92,"column":41},"end":{"line":92,"column":65}}],"line":92},"13":{"loc":{"start":{"line":94,"column":4},"end":{"line":94,"column":95}},"type":"if","locations":[{"start":{"line":94,"column":4},"end":{"line":94,"column":95}},{"start":{},"end":{}}],"line":94}},"s":{"0":0,"1":0,"2":0,"3":0,"4":0,"5":0,"6":0,"7":0,"8":0,"9":0,"10":0,"11":0,"12":0,"13":0,"14":0,"15":0,"16":0,"17":0,"18":0,"19":0,"20":0,"21":0,"22":0,"23":0,"24":0,"25":0,"26":0,"27":0,"28":0,"29":0,"30":0,"31":0,"32":0,"33":0,"34":0,"35":0,"36":0,"37":0,"38":0,"39":0,"40":0,"41":0,"42":0,"43":0,"44":0,"45":0,"46":0,"47":0,"48":0,"49":0,"50":0,"51":0,"52":0,"53":0,"54":0,"55":0,"56":0,"57":0,"58":0,"59":0,"60":0,"61":0,"62":0,"63":0,"64":0,"65":0,"66":0,"67":0,"68":0,"69":0,"70":0,"71":0,"72":0,"73":0,"74":0,"75":0,"76":0,"77":0,"78":0,"79":0,"80":0,"81":0,"82":0,"83":0,"84":0,"85":0,"86":0,"87":0,"88":0,"89":0,"90":0,"91":0},"f":{"0":0,"1":0,"2":0,"3":0,"4":0,"5":0,"6":0,"7":0,"8":0,"9":0,"10":0},"b":{"0":[0,0],"1":[0,0],"2":[0,0],"3":[0,0],"4":[0,0],"5":[0,0],"6":[0,0],"7":[0,0],"8":[0,0],"9":[0,0],"10":[0,0],"11":[0,0],"12":[0,0],"13":[0,0]}}
,"C:\\Users\\samu3\\Desktop\\Contador IA\\backend\\controllers\\dashboardController.js": {"path":"C:\\Users\\samu3\\Desktop\\Contador IA\\backend\\controllers\\dashboardController.js","statementMap":{"0":{"start":{"line":1,"column":16},"end":{"line":1,"column":44}},"1":{"start":{"line":2,"column":16},"end":{"line":2,"column":44}},"2":{"start":{"line":3,"column":31},"end":{"line":3,"column":69}},"3":{"start":{"line":4,"column":17},"end":{"line":4,"column":36}},"4":{"start":{"line":6,"column":16},"end":{"line":16,"column":1}},"5":{"start":{"line":7,"column":2},"end":{"line":15,"column":34}},"6":{"start":{"line":8,"column":15},"end":{"line":8,"column":37}},"7":{"start":{"line":9,"column":4},"end":{"line":12,"column":5}},"8":{"start":{"line":10,"column":21},"end":{"line":10,"column":99}},"9":{"start":{"line":11,"column":6},"end":{"line":11,"column":70}},"10":{"start":{"line":13,"column":23},"end":{"line":13,"column":70}},"11":{"start":{"line":14,"column":4},"end":{"line":14,"column":25}},"12":{"start":{"line":15,"column":20},"end":{"line":15,"column":32}},"13":{"start":{"line":18,"column":27},"end":{"line":46,"column":1}},"14":{"start":{"line":19,"column":2},"end":{"line":45,"column":34}},"15":{"start":{"line":20,"column":15},"end":{"line":20,"column":37}},"16":{"start":{"line":21,"column":4},"end":{"line":24,"column":5}},"17":{"start":{"line":22,"column":21},"end":{"line":22,"column":99}},"18":{"start":{"line":23,"column":6},"end":{"line":23,"column":70}},"19":{"start":{"line":25,"column":19},"end":{"line":25,"column":123}},"20":{"start":{"line":26,"column":22},"end":{"line":37,"column":6}},"21":{"start":{"line":39,"column":4},"end":{"line":44,"column":9}},"22":{"start":{"line":39,"column":33},"end":{"line":44,"column":5}},"23":{"start":{"line":45,"column":20},"end":{"line":45,"column":32}},"24":{"start":{"line":48,"column":25},"end":{"line":83,"column":1}},"25":{"start":{"line":49,"column":2},"end":{"line":82,"column":34}},"26":{"start":{"line":50,"column":15},"end":{"line":50,"column":37}},"27":{"start":{"line":51,"column":4},"end":{"line":54,"column":5}},"28":{"start":{"line":52,"column":21},"end":{"line":52,"column":99}},"29":{"start":{"line":53,"column":6},"end":{"line":53,"column":70}},"30":{"start":{"line":55,"column":49},"end":{"line":66,"column":6}},"31":{"start":{"line":69,"column":18},"end":{"line":69,"column":91}},"32":{"start":{"line":70,"column":22},"end":{"line":79,"column":6}},"33":{"start":{"line":71,"column":21},"end":{"line":71,"column":26}},"34":{"start":{"line":72,"column":20},"end":{"line":72,"column":63}},"35":{"start":{"line":72,"column":46},"end":{"line":72,"column":62}},"36":{"start":{"line":73,"column":22},"end":{"line":73,"column":67}},"37":{"start":{"line":73,"column":50},"end":{"line":73,"column":66}},"38":{"start":{"line":74,"column":6},"end":{"line":78,"column":8}},"39":{"start":{"line":81,"column":4},"end":{"line":81,"column":24}},"40":{"start":{"line":82,"column":20},"end":{"line":82,"column":32}},"41":{"start":{"line":85,"column":0},"end":{"line":85,"column":67}}},"fnMap":{"0":{"name":"(anonymous_0)","decl":{"start":{"line":6,"column":16},"end":{"line":6,"column":17}},"loc":{"start":{"line":6,"column":42},"end":{"line":16,"column":1}},"line":6},"1":{"name":"(anonymous_1)","decl":{"start":{"line":18,"column":27},"end":{"line":18,"column":28}},"loc":{"start":{"line":18,"column":53},"end":{"line":46,"column":1}},"line":18},"2":{"name":"(anonymous_2)","decl":{"start":{"line":39,"column":27},"end":{"line":39,"column":28}},"loc":{"start":{"line":39,"column":33},"end":{"line":44,"column":5}},"line":39},"3":{"name":"(anonymous_3)","decl":{"start":{"line":48,"column":25},"end":{"line":48,"column":26}},"loc":{"start":{"line":48,"column":51},"end":{"line":83,"column":1}},"line":48},"4":{"name":"(anonymous_4)","decl":{"start":{"line":70,"column":32},"end":{"line":70,"column":33}},"loc":{"start":{"line":70,"column":47},"end":{"line":79,"column":5}},"line":70},"5":{"name":"(anonymous_5)","decl":{"start":{"line":72,"column":41},"end":{"line":72,"column":42}},"loc":{"start":{"line":72,"column":46},"end":{"line":72,"column":62}},"line":72},"6":{"name":"(anonymous_6)","decl":{"start":{"line":73,"column":45},"end":{"line":73,"column":46}},"loc":{"start":{"line":73,"column":50},"end":{"line":73,"column":66}},"line":73}},"branchMap":{"0":{"loc":{"start":{"line":9,"column":4},"end":{"line":12,"column":5}},"type":"if","locations":[{"start":{"line":9,"column":4},"end":{"line":12,"column":5}},{"start":{},"end":{}}],"line":9},"1":{"loc":{"start":{"line":11,"column":13},"end":{"line":11,"column":69}},"type":"cond-expr","locations":[{"start":{"line":11,"column":22},"end":{"line":11,"column":42}},{"start":{"line":11,"column":45},"end":{"line":11,"column":69}}],"line":11},"2":{"loc":{"start":{"line":21,"column":4},"end":{"line":24,"column":5}},"type":"if","locations":[{"start":{"line":21,"column":4},"end":{"line":24,"column":5}},{"start":{},"end":{}}],"line":21},"3":{"loc":{"start":{"line":23,"column":13},"end":{"line":23,"column":69}},"type":"cond-expr","locations":[{"start":{"line":23,"column":22},"end":{"line":23,"column":42}},{"start":{"line":23,"column":45},"end":{"line":23,"column":69}}],"line":23},"4":{"loc":{"start":{"line":40,"column":17},"end":{"line":40,"column":42}},"type":"binary-expr","locations":[{"start":{"line":40,"column":17},"end":{"line":40,"column":22}},{"start":{"line":40,"column":26},"end":{"line":40,"column":42}}],"line":40},"5":{"loc":{"start":{"line":51,"column":4},"end":{"line":54,"column":5}},"type":"if","locations":[{"start":{"line":51,"column":4},"end":{"line":54,"column":5}},{"start":{},"end":{}}],"line":51},"6":{"loc":{"start":{"line":53,"column":13},"end":{"line":53,"column":69}},"type":"cond-expr","locations":[{"start":{"line":53,"column":22},"end":{"line":53,"column":42}},{"start":{"line":53,"column":45},"end":{"line":53,"column":69}}],"line":53},"7":{"loc":{"start":{"line":76,"column":27},"end":{"line":76,"column":44}},"type":"binary-expr","locations":[{"start":{"line":76,"column":27},"end":{"line":76,"column":39}},{"start":{"line":76,"column":43},"end":{"line":76,"column":44}}],"line":76},"8":{"loc":{"start":{"line":77,"column":29},"end":{"line":77,"column":48}},"type":"binary-expr","locations":[{"start":{"line":77,"column":29},"end":{"line":77,"column":43}},{"start":{"line":77,"column":47},"end":{"line":77,"column":48}}],"line":77}},"s":{"0":0,"1":0,"2":0,"3":0,"4":0,"5":0,"6":0,"7":0,"8":0,"9":0,"10":0,"11":0,"12":0,"13":0,"14":0,"15":0,"16":0,"17":0,"18":0,"19":0,"20":0,"21":0,"22":0,"23":0,"24":0,"25":0,"26":0,"27":0,"28":0,"29":0,"30":0,"31":0,"32":0,"33":0,"34":0,"35":0,"36":0,"37":0,"38":0,"39":0,"40":0,"41":0},"f":{"0":0,"1":0,"2":0,"3":0,"4":0,"5":0,"6":0},"b":{"0":[0,0],"1":[0,0],"2":[0,0],"3":[0,0],"4":[0,0],"5":[0,0],"6":[0,0],"7":[0,0],"8":[0,0]}}
,"C:\\Users\\samu3\\Desktop\\Contador IA\\backend\\controllers\\declaracionController.js": {"path":"C:\\Users\\samu3\\Desktop\\Contador IA\\backend\\controllers\\declaracionController.js","statementMap":{"0":{"start":{"line":1,"column":16},"end":{"line":1,"column":44}},"1":{"start":{"line":2,"column":16},"end":{"line":2,"column":44}},"2":{"start":{"line":3,"column":16},"end":{"line":3,"column":44}},"3":{"start":{"line":4,"column":20},"end":{"line":4,"column":52}},"4":{"start":{"line":5,"column":48},"end":{"line":5,"column":89}},"5":{"start":{"line":6,"column":57},"end":{"line":6,"column":95}},"6":{"start":{"line":10,"column":35},"end":{"line":24,"column":1}},"7":{"start":{"line":11,"column":2},"end":{"line":23,"column":34}},"8":{"start":{"line":12,"column":20},"end":{"line":12,"column":115}},"9":{"start":{"line":13,"column":4},"end":{"line":13,"column":80}},"10":{"start":{"line":13,"column":20},"end":{"line":13,"column":36}},"11":{"start":{"line":13,"column":37},"end":{"line":13,"column":78}},"12":{"start":{"line":14,"column":4},"end":{"line":22,"column":7}},"13":{"start":{"line":23,"column":20},"end":{"line":23,"column":32}},"14":{"start":{"line":26,"column":38},"end":{"line":41,"column":1}},"15":{"start":{"line":27,"column":2},"end":{"line":40,"column":34}},"16":{"start":{"line":28,"column":90},"end":{"line":28,"column":98}},"17":{"start":{"line":29,"column":20},"end":{"line":29,"column":59}},"18":{"start":{"line":30,"column":4},"end":{"line":30,"column":80}},"19":{"start":{"line":30,"column":20},"end":{"line":30,"column":36}},"20":{"start":{"line":30,"column":37},"end":{"line":30,"column":78}},"21":{"start":{"line":32,"column":4},"end":{"line":32,"column":71}},"22":{"start":{"line":32,"column":38},"end":{"line":32,"column":71}},"23":{"start":{"line":33,"column":4},"end":{"line":33,"column":110}},"24":{"start":{"line":33,"column":42},"end":{"line":33,"column":110}},"25":{"start":{"line":34,"column":4},"end":{"line":34,"column":107}},"26":{"start":{"line":34,"column":41},"end":{"line":34,"column":107}},"27":{"start":{"line":35,"column":4},"end":{"line":35,"column":95}},"28":{"start":{"line":35,"column":37},"end":{"line":35,"column":95}},"29":{"start":{"line":36,"column":4},"end":{"line":36,"column":113}},"30":{"start":{"line":36,"column":43},"end":{"line":36,"column":113}},"31":{"start":{"line":38,"column":4},"end":{"line":38,"column":25}},"32":{"start":{"line":39,"column":4},"end":{"line":39,"column":112}},"33":{"start":{"line":40,"column":20},"end":{"line":40,"column":32}},"34":{"start":{"line":45,"column":34},"end":{"line":76,"column":1}},"35":{"start":{"line":46,"column":2},"end":{"line":75,"column":34}},"36":{"start":{"line":47,"column":35},"end":{"line":47,"column":44}},"37":{"start":{"line":48,"column":20},"end":{"line":48,"column":60}},"38":{"start":{"line":49,"column":20},"end":{"line":49,"column":62}},"39":{"start":{"line":51,"column":20},"end":{"line":51,"column":89}},"40":{"start":{"line":53,"column":25},"end":{"line":56,"column":6}},"41":{"start":{"line":59,"column":28},"end":{"line":59,"column":29}},"42":{"start":{"line":60,"column":4},"end":{"line":67,"column":5}},"43":{"start":{"line":61,"column":6},"end":{"line":66,"column":12}},"44":{"start":{"line":62,"column":8},"end":{"line":64,"column":9}},"45":{"start":{"line":63,"column":10},"end":{"line":63,"column":63}},"46":{"start":{"line":65,"column":8},"end":{"line":65,"column":19}},"47":{"start":{"line":69,"column":4},"end":{"line":74,"column":7}},"48":{"start":{"line":75,"column":20},"end":{"line":75,"column":32}},"49":{"start":{"line":80,"column":27},"end":{"line":185,"column":1}},"50":{"start":{"line":81,"column":2},"end":{"line":184,"column":34}},"51":{"start":{"line":82,"column":50},"end":{"line":82,"column":58}},"52":{"start":{"line":83,"column":4},"end":{"line":86,"column":5}},"53":{"start":{"line":84,"column":6},"end":{"line":84,"column":22}},"54":{"start":{"line":85,"column":6},"end":{"line":85,"column":61}},"55":{"start":{"line":88,"column":20},"end":{"line":88,"column":41}},"56":{"start":{"line":90,"column":4},"end":{"line":125,"column":5}},"57":{"start":{"line":91,"column":6},"end":{"line":91,"column":100}},"58":{"start":{"line":91,"column":27},"end":{"line":91,"column":43}},"59":{"start":{"line":91,"column":44},"end":{"line":91,"column":98}},"60":{"start":{"line":92,"column":22},"end":{"line":92,"column":42}},"61":{"start":{"line":93,"column":18},"end":{"line":93,"column":83}},"62":{"start":{"line":96,"column":24},"end":{"line":106,"column":7}},"63":{"start":{"line":108,"column":6},"end":{"line":110,"column":7}},"64":{"start":{"line":109,"column":8},"end":{"line":109,"column":92}},"65":{"start":{"line":112,"column":20},"end":{"line":122,"column":8}},"66":{"start":{"line":124,"column":6},"end":{"line":124,"column":93}},"67":{"start":{"line":127,"column":4},"end":{"line":180,"column":5}},"68":{"start":{"line":128,"column":20},"end":{"line":128,"column":70}},"69":{"start":{"line":131,"column":22},"end":{"line":131,"column":91}},"70":{"start":{"line":132,"column":30},"end":{"line":132,"column":31}},"71":{"start":{"line":133,"column":6},"end":{"line":140,"column":7}},"72":{"start":{"line":134,"column":8},"end":{"line":139,"column":14}},"73":{"start":{"line":135,"column":10},"end":{"line":137,"column":11}},"74":{"start":{"line":136,"column":12},"end":{"line":136,"column":65}},"75":{"start":{"line":138,"column":10},"end":{"line":138,"column":21}},"76":{"start":{"line":142,"column":24},"end":{"line":157,"column":7}},"77":{"start":{"line":159,"column":6},"end":{"line":161,"column":7}},"78":{"start":{"line":160,"column":8},"end":{"line":160,"column":162}},"79":{"start":{"line":163,"column":20},"end":{"line":177,"column":8}},"80":{"start":{"line":179,"column":6},"end":{"line":179,"column":163}},"81":{"start":{"line":182,"column":4},"end":{"line":182,"column":20}},"82":{"start":{"line":183,"column":4},"end":{"line":183,"column":53}},"83":{"start":{"line":184,"column":20},"end":{"line":184,"column":32}},"84":{"start":{"line":189,"column":28},"end":{"line":204,"column":1}},"85":{"start":{"line":190,"column":2},"end":{"line":203,"column":34}},"86":{"start":{"line":191,"column":49},"end":{"line":191,"column":58}},"87":{"start":{"line":192,"column":19},"end":{"line":192,"column":47}},"88":{"start":{"line":193,"column":4},"end":{"line":193,"column":33}},"89":{"start":{"line":193,"column":14},"end":{"line":193,"column":33}},"90":{"start":{"line":194,"column":4},"end":{"line":194,"column":50}},"91":{"start":{"line":194,"column":14},"end":{"line":194,"column":50}},"92":{"start":{"line":196,"column":17},"end":{"line":196,"column":51}},"93":{"start":{"line":197,"column":35},"end":{"line":200,"column":6}},"94":{"start":{"line":202,"column":4},"end":{"line":202,"column":109}},"95":{"start":{"line":203,"column":20},"end":{"line":203,"column":32}},"96":{"start":{"line":208,"column":27},"end":{"line":229,"column":1}},"97":{"start":{"line":209,"column":2},"end":{"line":228,"column":34}},"98":{"start":{"line":210,"column":24},"end":{"line":210,"column":99}},"99":{"start":{"line":211,"column":4},"end":{"line":211,"column":88}},"100":{"start":{"line":211,"column":24},"end":{"line":211,"column":40}},"101":{"start":{"line":211,"column":41},"end":{"line":211,"column":86}},"102":{"start":{"line":214,"column":28},"end":{"line":214,"column":29}},"103":{"start":{"line":215,"column":4},"end":{"line":225,"column":5}},"104":{"start":{"line":216,"column":22},"end":{"line":216,"column":91}},"105":{"start":{"line":217,"column":6},"end":{"line":224,"column":7}},"106":{"start":{"line":218,"column":8},"end":{"line":223,"column":14}},"107":{"start":{"line":219,"column":10},"end":{"line":221,"column":11}},"108":{"start":{"line":220,"column":12},"end":{"line":220,"column":65}},"109":{"start":{"line":222,"column":10},"end":{"line":222,"column":21}},"110":{"start":{"line":227,"column":4},"end":{"line":227,"column":94}},"111":{"start":{"line":228,"column":20},"end":{"line":228,"column":32}},"112":{"start":{"line":233,"column":36},"end":{"line":242,"column":1}},"113":{"start":{"line":234,"column":2},"end":{"line":241,"column":34}},"114":{"start":{"line":235,"column":23},"end":{"line":235,"column":31}},"115":{"start":{"line":236,"column":24},"end":{"line":236,"column":99}},"116":{"start":{"line":237,"column":4},"end":{"line":237,"column":88}},"117":{"start":{"line":237,"column":24},"end":{"line":237,"column":40}},"118":{"start":{"line":237,"column":41},"end":{"line":237,"column":86}},"119":{"start":{"line":238,"column":4},"end":{"line":238,"column":32}},"120":{"start":{"line":239,"column":4},"end":{"line":239,"column":29}},"121":{"start":{"line":240,"column":4},"end":{"line":240,"column":73}},"122":{"start":{"line":241,"column":20},"end":{"line":241,"column":32}},"123":{"start":{"line":246,"column":28},"end":{"line":252,"column":1}},"124":{"start":{"line":247,"column":2},"end":{"line":251,"column":34}},"125":{"start":{"line":248,"column":24},"end":{"line":248,"column":108}},"126":{"start":{"line":249,"column":4},"end":{"line":249,"column":88}},"127":{"start":{"line":249,"column":24},"end":{"line":249,"column":40}},"128":{"start":{"line":249,"column":41},"end":{"line":249,"column":86}},"129":{"start":{"line":250,"column":4},"end":{"line":250,"column":51}},"130":{"start":{"line":251,"column":20},"end":{"line":251,"column":32}},"131":{"start":{"line":256,"column":22},"end":{"line":275,"column":1}},"132":{"start":{"line":257,"column":2},"end":{"line":274,"column":34}},"133":{"start":{"line":258,"column":44},"end":{"line":258,"column":53}},"134":{"start":{"line":259,"column":20},"end":{"line":259,"column":60}},"135":{"start":{"line":260,"column":20},"end":{"line":260,"column":62}},"136":{"start":{"line":261,"column":23},"end":{"line":261,"column":39}},"137":{"start":{"line":263,"column":18},"end":{"line":263,"column":82}},"138":{"start":{"line":265,"column":4},"end":{"line":273,"column":5}},"139":{"start":{"line":266,"column":18},"end":{"line":266,"column":35}},"140":{"start":{"line":267,"column":6},"end":{"line":267,"column":63}},"141":{"start":{"line":268,"column":6},"end":{"line":268,"column":128}},"142":{"start":{"line":270,"column":6},"end":{"line":270,"column":31}},"143":{"start":{"line":272,"column":6},"end":{"line":272,"column":56}},"144":{"start":{"line":274,"column":20},"end":{"line":274,"column":32}},"145":{"start":{"line":279,"column":32},"end":{"line":325,"column":1}},"146":{"start":{"line":280,"column":2},"end":{"line":324,"column":34}},"147":{"start":{"line":281,"column":68},"end":{"line":281,"column":77}},"148":{"start":{"line":282,"column":19},"end":{"line":282,"column":47}},"149":{"start":{"line":284,"column":4},"end":{"line":286,"column":5}},"150":{"start":{"line":285,"column":6},"end":{"line":285,"column":42}},"151":{"start":{"line":287,"column":4},"end":{"line":289,"column":5}},"152":{"start":{"line":288,"column":6},"end":{"line":288,"column":49}},"153":{"start":{"line":290,"column":4},"end":{"line":292,"column":5}},"154":{"start":{"line":291,"column":6},"end":{"line":291,"column":48}},"155":{"start":{"line":294,"column":17},"end":{"line":294,"column":51}},"156":{"start":{"line":295,"column":30},"end":{"line":298,"column":6}},"157":{"start":{"line":300,"column":19},"end":{"line":312,"column":7}},"158":{"start":{"line":300,"column":38},"end":{"line":312,"column":5}},"159":{"start":{"line":311,"column":51},"end":{"line":311,"column":64}},"160":{"start":{"line":314,"column":27},"end":{"line":314,"column":93}},"161":{"start":{"line":314,"column":46},"end":{"line":314,"column":59}},"162":{"start":{"line":314,"column":78},"end":{"line":314,"column":89}},"163":{"start":{"line":315,"column":29},"end":{"line":315,"column":96}},"164":{"start":{"line":315,"column":48},"end":{"line":315,"column":62}},"165":{"start":{"line":315,"column":81},"end":{"line":315,"column":92}},"166":{"start":{"line":317,"column":4},"end":{"line":323,"column":7}},"167":{"start":{"line":324,"column":20},"end":{"line":324,"column":32}},"168":{"start":{"line":329,"column":35},"end":{"line":355,"column":1}},"169":{"start":{"line":330,"column":2},"end":{"line":354,"column":34}},"170":{"start":{"line":331,"column":68},"end":{"line":
[...]
":9},"end":{"line":117,"column":36}},"loc":{"start":{"line":117,"column":58},"end":{"line":149,"column":1}},"line":117},"1":{"name":"validarTarifaLinea","decl":{"start":{"line":156,"column":9},"end":{"line":156,"column":27}},"loc":{"start":{"line":156,"column":35},"end":{"line":218,"column":1}},"line":156},"2":{"name":"validarTarifasFactura","decl":{"start":{"line":225,"column":9},"end":{"line":225,"column":30}},"loc":{"start":{"line":225,"column":39},"end":{"line":246,"column":1}},"line":225},"3":{"name":"(anonymous_3)","decl":{"start":{"line":231,"column":36},"end":{"line":231,"column":37}},"loc":{"start":{"line":231,"column":41},"end":{"line":231,"column":54}},"line":231},"4":{"name":"(anonymous_4)","decl":{"start":{"line":232,"column":38},"end":{"line":232,"column":39}},"loc":{"start":{"line":232,"column":43},"end":{"line":232,"column":66}},"line":232},"5":{"name":"(anonymous_5)","decl":{"start":{"line":233,"column":44},"end":{"line":233,"column":45}},"loc":{"start":{"line":233,"column":49},"end":{"line":233,"column":78}},"line":233},"6":{"name":"(anonymous_6)","decl":{"start":{"line":234,"column":46},"end":{"line":234,"column":47}},"loc":{"start":{"line":234,"column":58},"end":{"line":234,"column":86}},"line":234},"7":{"name":"(anonymous_7)","decl":{"start":{"line":242,"column":34},"end":{"line":242,"column":35}},"loc":{"start":{"line":242,"column":39},"end":{"line":242,"column":53}},"line":242}},"branchMap":{"0":{"loc":{"start":{"line":118,"column":2},"end":{"line":120,"column":3}},"type":"if","locations":[{"start":{"line":118,"column":2},"end":{"line":120,"column":3}},{"start":{},"end":{}}],"line":118},"1":{"loc":{"start":{"line":137,"column":6},"end":{"line":140,"column":7}},"type":"if","locations":[{"start":{"line":137,"column":6},"end":{"line":140,"column":7}},{"start":{},"end":{}}],"line":137},"2":{"loc":{"start":{"line":139,"column":8},"end":{"line":139,"column":58}},"type":"if","locations":[{"start":{"line":139,"column":8},"end":{"line":139,"column":58}},{"start":{},"end":{}}],"line":139},"3":{"loc":{"start":{"line":160,"column":23},"end":{"line":160,"column":59}},"type":"binary-expr","locations":[{"start":{"line":160,"column":23},"end":{"line":160,"column":51}},{"start":{"line":160,"column":55},"end":{"line":160,"column":59}}],"line":160},"4":{"loc":{"start":{"line":161,"column":27},"end":{"line":161,"column":55}},"type":"binary-expr","locations":[{"start":{"line":161,"column":27},"end":{"line":161,"column":49}},{"start":{"line":161,"column":53},"end":{"line":161,"column":55}}],"line":161},"5":{"loc":{"start":{"line":164,"column":2},"end":{"line":179,"column":3}},"type":"if","locations":[{"start":{"line":164,"column":2},"end":{"line":179,"column":3}},{"start":{},"end":{}}],"line":164},"6":{"loc":{"start":{"line":164,"column":6},"end":{"line":164,"column":51}},"type":"binary-expr","locations":[{"start":{"line":164,"column":6},"end":{"line":164,"column":26}},{"start":{"line":164,"column":30},"end":{"line":164,"column":51}}],"line":164},"7":{"loc":{"start":{"line":175,"column":21},"end":{"line":175,"column":75}},"type":"cond-expr","locations":[{"start":{"line":175,"column":38},"end":{"line":175,"column":71}},{"start":{"line":175,"column":74},"end":{"line":175,"column":75}}],"line":175},"8":{"loc":{"start":{"line":182,"column":2},"end":{"line":194,"column":3}},"type":"if","locations":[{"start":{"line":182,"column":2},"end":{"line":194,"column":3}},{"start":{},"end":{}}],"line":182},"9":{"loc":{"start":{"line":182,"column":6},"end":{"line":182,"column":78}},"type":"binary-expr","locations":[{"start":{"line":182,"column":6},"end":{"line":182,"column":26}},{"start":{"line":182,"column":31},"end":{"line":182,"column":52}},{"start":{"line":182,"column":56},"end":{"line":182,"column":77}}],"line":182},"10":{"loc":{"start":{"line":197,"column":2},"end":{"line":207,"column":3}},"type":"if","locations":[{"start":{"line":197,"column":2},"end":{"line":207,"column":3}},{"start":{},"end":{}}],"line":197},"11":{"loc":{"start":{"line":197,"column":6},"end":{"line":197,"column":79}},"type":"binary-expr","locations":[{"start":{"line":197,"column":6},"end":{"line":197,"column":27}},{"start":{"line":197,"column":32},"end":{"line":197,"column":53}},{"start":{"line":197,"column":57},"end":{"line":197,"column":78}}],"line":197},"12":{"loc":{"start":{"line":226,"column":2},"end":{"line":228,"column":3}},"type":"if","locations":[{"start":{"line":226,"column":2},"end":{"line":228,"column":3}},{"start":{},"end":{}}],"line":226},"13":{"loc":{"start":{"line":226,"column":6},"end":{"line":226,"column":36}},"type":"binary-expr","locations":[{"start":{"line":226,"column":6},"end":{"line":226,"column":13}},{"start":{"line":226,"column":17},"end":{"line":226,"column":36}}],"line":226},"14":{"loc":{"start":{"line":234,"column":65},"end":{"line":234,"column":85}},"type":"binary-expr","locations":[{"start":{"line":234,"column":65},"end":{"line":234,"column":80}},{"start":{"line":234,"column":84},"end":{"line":234,"column":85}}],"line":234}},"s":{"0":0,"1":0,"2":0,"3":0,"4":0,"5":0,"6":0,"7":0,"8":0,"9":0,"10":0,"11":0,"12":0,"13":0,"14":0,"15":0,"16":0,"17":0,"18":0,"19":0,"20":0,"21":0,"22":0,"23":0,"24":0,"25":0,"26":0,"27":0,"28":0,"29":0,"30":0,"31":0,"32":0,"33":0,"34":0,"35":0,"36":0,"37":0},"f":{"0":0,"1":0,"2":0,"3":0,"4":0,"5":0,"6":0,"7":0},"b":{"0":[0,0],"1":[0,0],"2":[0,0],"3":[0,0],"4":[0,0],"5":[0,0],"6":[0,0],"7":[0,0],"8":[0,0],"9":[0,0,0],"10":[0,0],"11":[0,0,0],"12":[0,0],"13":[0,0],"14":[0,0]}}
,"C:\\Users\\samu3\\Desktop\\Contador IA\\backend\\utils\\migrateNewCollections.js": {"path":"C:\\Users\\samu3\\Desktop\\Contador IA\\backend\\utils\\migrateNewCollections.js","statementMap":{"0":{"start":{"line":11,"column":0},"end":{"line":11,"column":46}},"1":{"start":{"line":12,"column":17},"end":{"line":12,"column":36}},"2":{"start":{"line":15,"column":2},"end":{"line":84,"column":3}},"3":{"start":{"line":16,"column":4},"end":{"line":16,"column":52}},"4":{"start":{"line":17,"column":4},"end":{"line":17,"column":41}},"5":{"start":{"line":19,"column":15},"end":{"line":19,"column":37}},"6":{"start":{"line":20,"column":24},"end":{"line":20,"column":60}},"7":{"start":{"line":21,"column":31},"end":{"line":21,"column":59}},"8":{"start":{"line":21,"column":52},"end":{"line":21,"column":58}},"9":{"start":{"line":23,"column":4},"end":{"line":23,"column":79}},"10":{"start":{"line":26,"column":30},"end":{"line":26,"column":84}},"11":{"start":{"line":28,"column":4},"end":{"line":35,"column":5}},"12":{"start":{"line":29,"column":6},"end":{"line":34,"column":7}},"13":{"start":{"line":30,"column":8},"end":{"line":30,"column":44}},"14":{"start":{"line":31,"column":8},"end":{"line":31,"column":56}},"15":{"start":{"line":33,"column":8},"end":{"line":33,"column":60}},"16":{"start":{"line":38,"column":4},"end":{"line":38,"column":43}},"17":{"start":{"line":41,"column":4},"end":{"line":41,"column":67}},"18":{"start":{"line":42,"column":4},"end":{"line":42,"column":75}},"19":{"start":{"line":43,"column":4},"end":{"line":43,"column":78}},"20":{"start":{"line":44,"column":4},"end":{"line":44,"column":82}},"21":{"start":{"line":45,"column":4},"end":{"line":45,"column":80}},"22":{"start":{"line":46,"column":4},"end":{"line":46,"column":52}},"23":{"start":{"line":49,"column":4},"end":{"line":49,"column":90}},"24":{"start":{"line":50,"column":4},"end":{"line":50,"column":92}},"25":{"start":{"line":51,"column":4},"end":{"line":51,"column":47}},"26":{"start":{"line":54,"column":4},"end":{"line":54,"column":106}},"27":{"start":{"line":55,"column":4},"end":{"line":55,"column":89}},"28":{"start":{"line":56,"column":4},"end":{"line":56,"column":86}},"29":{"start":{"line":57,"column":4},"end":{"line":57,"column":56}},"30":{"start":{"line":60,"column":21},"end":{"line":60,"column":46}},"31":{"start":{"line":61,"column":27},"end":{"line":61,"column":51}},"32":{"start":{"line":62,"column":4},"end":{"line":77,"column":5}},"33":{"start":{"line":63,"column":6},"end":{"line":75,"column":8}},"34":{"start":{"line":76,"column":6},"end":{"line":76,"column":82}},"35":{"start":{"line":79,"column":4},"end":{"line":79,"column":57}},"36":{"start":{"line":80,"column":4},"end":{"line":80,"column":20}},"37":{"start":{"line":82,"column":4},"end":{"line":82,"column":58}},"38":{"start":{"line":83,"column":4},"end":{"line":83,"column":20}},"39":{"start":{"line":87,"column":0},"end":{"line":87,"column":10}}},"fnMap":{"0":{"name":"migrate","decl":{"start":{"line":14,"column":15},"end":{"line":14,"column":22}},"loc":{"start":{"line":14,"column":25},"end":{"line":85,"column":1}},"line":14},"1":{"name":"(anonymous_1)","decl":{"start":{"line":21,"column":47},"end":{"line":21,"column":48}},"loc":{"start":{"line":21,"column":52},"end":{"line":21,"column":58}},"line":21}},"branchMap":{"0":{"loc":{"start":{"line":29,"column":6},"end":{"line":34,"column":7}},"type":"if","locations":[{"start":{"line":29,"column":6},"end":{"line":34,"column":7}},{"start":{"line":32,"column":13},"end":{"line":34,"column":7}}],"line":29},"1":{"loc":{"start":{"line":62,"column":4},"end":{"line":77,"column":5}},"type":"if","locations":[{"start":{"line":62,"column":4},"end":{"line":77,"column":5}},{"start":{},"end":{}}],"line":62},"2":{"loc":{"start":{"line":62,"column":8},"end":{"line":62,"column":61}},"type":"binary-expr","locations":[{"start":{"line":62,"column":8},"end":{"line":62,"column":22}},{"start":{"line":62,"column":26},"end":{"line":62,"column":61}}],"line":62}},"s":{"0":0,"1":0,"2":0,"3":0,"4":0,"5":0,"6":0,"7":0,"8":0,"9":0,"10":0,"11":0,"12":0,"13":0,"14":0,"15":0,"16":0,"17":0,"18":0,"19":0,"20":0,"21":0,"22":0,"23":0,"24":0,"25":0,"26":0,"27":0,"28":0,"29":0,"30":0,"31":0,"32":0,"33":0,"34":0,"35":0,"36":0,"37":0,"38":0,"39":0},"f":{"0":0,"1":0},"b":{"0":[0,0],"1":[0,0],"2":[0,0]}}
,"C:\\Users\\samu3\\Desktop\\Contador IA\\backend\\utils\\sanitizer.js": {"path":"C:\\Users\\samu3\\Desktop\\Contador IA\\backend\\utils\\sanitizer.js","statementMap":{"0":{"start":{"line":10,"column":25},"end":{"line":10,"column":29}},"1":{"start":{"line":11,"column":25},"end":{"line":11,"column":26}},"2":{"start":{"line":14,"column":21},"end":{"line":27,"column":1}},"3":{"start":{"line":30,"column":34},"end":{"line":42,"column":1}},"4":{"start":{"line":52,"column":2},"end":{"line":54,"column":3}},"5":{"start":{"line":53,"column":4},"end":{"line":53,"column":75}},"6":{"start":{"line":56,"column":15},"end":{"line":56,"column":27}},"7":{"start":{"line":58,"column":2},"end":{"line":60,"column":3}},"8":{"start":{"line":59,"column":4},"end":{"line":59,"column":64}},"9":{"start":{"line":62,"column":2},"end":{"line":64,"column":3}},"10":{"start":{"line":63,"column":4},"end":{"line":63,"column":109}},"11":{"start":{"line":67,"column":29},"end":{"line":67,"column":92}},"12":{"start":{"line":67,"column":71},"end":{"line":67,"column":91}},"13":{"start":{"line":68,"column":2},"end":{"line":72,"column":3}},"14":{"start":{"line":69,"column":4},"end":{"line":69,"column":89}},"15":{"start":{"line":71,"column":4},"end":{"line":71,"column":49}},"16":{"start":{"line":75,"column":2},"end":{"line":75,"column":67}},"17":{"start":{"line":77,"column":2},"end":{"line":77,"column":41}},"18":{"start":{"line":86,"column":2},"end":{"line":86,"column":56}},"19":{"start":{"line":86,"column":43},"end":{"line":86,"column":56}},"20":{"start":{"line":88,"column":18},"end":{"line":88,"column":23}},"21":{"start":{"line":89,"column":2},"end":{"line":93,"column":3}},"22":{"start":{"line":91,"column":23},"end":{"line":91,"column":60}},"23":{"start":{"line":92,"column":4},"end":{"line":92,"column":59}},"24":{"start":{"line":94,"column":2},"end":{"line":94,"column":19}},"25":{"start":{"line":104,"column":2},"end":{"line":104,"column":33}},"26":{"start":{"line":104,"column":17},"end":{"line":104,"column":33}},"27":{"start":{"line":106,"column":21},"end":{"line":106,"column":57}},"28":{"start":{"line":109,"column":2},"end":{"line":114,"column":3}},"29":{"start":{"line":110,"column":4},"end":{"line":113,"column":8}},"30":{"start":{"line":110,"column":70},"end":{"line":113,"column":5}},"31":{"start":{"line":117,"column":2},"end":{"line":122,"column":3}},"32":{"start":{"line":118,"column":4},"end":{"line":121,"column":8}},"33":{"start":{"line":118,"column":70},"end":{"line":121,"column":5}},"34":{"start":{"line":124,"column":2},"end":{"line":124,"column":20}},"35":{"start":{"line":127,"column":0},"end":{"line":135,"column":2}}},"fnMap":{"0":{"name":"sanitizarInput","decl":{"start":{"line":51,"column":9},"end":{"line":51,"column":23}},"loc":{"start":{"line":51,"column":31},"end":{"line":78,"column":1}},"line":51},"1":{"name":"(anonymous_1)","decl":{"start":{"line":67,"column":60},"end":{"line":67,"column":61}},"loc":{"start":{"line":67,"column":71},"end":{"line":67,"column":91}},"line":67},"2":{"name":"filtrarPII","decl":{"start":{"line":85,"column":9},"end":{"line":85,"column":19}},"loc":{"start":{"line":85,"column":27},"end":{"line":95,"column":1}},"line":85},"3":{"name":"sanitizarContexto","decl":{"start":{"line":103,"column":9},"end":{"line":103,"column":26}},"loc":{"start":{"line":103,"column":37},"end":{"line":125,"column":1}},"line":103},"4":{"name":"(anonymous_4)","decl":{"start":{"line":110,"column":64},"end":{"line":110,"column":65}},"loc":{"start":{"line":110,"column":70},"end":{"line":113,"column":5}},"line":110},"5":{"name":"(anonymous_5)","decl":{"start":{"line":118,"column":64},"end":{"line":118,"column":65}},"loc":{"start":{"line":118,"column":70},"end":{"line":121,"column":5}},"line":118}},"branchMap":{"0":{"loc":{"start":{"line":52,"column":2},"end":{"line":54,"column":3}},"type":"if","locations":[{"start":{"line":52,"column":2},"end":{"line":54,"column":3}},{"start":{},"end":{}}],"line":52},"1":{"loc":{"start":{"line":52,"column":6},"end":{"line":52,"column":41}},"type":"binary-expr","locations":[{"start":{"line":52,"column":6},"end":{"line":52,"column":12}},{"start":{"line":52,"column":16},"end":{"line":52,"column":41}}],"line":52},"2":{"loc":{"start":{"line":58,"column":2},"end":{"line":60,"column":3}},"type":"if","locations":[{"start":{"line":58,"column":2},"end":{"line":60,"column":3}},{"start":{},"end":{}}],"line":58},"3":{"loc":{"start":{"line":62,"column":2},"end":{"line":64,"column":3}},"type":"if","locations":[{"start":{"line":62,"column":2},"end":{"line":64,"column":3}},{"start":{},"end":{}}],"line":62},"4":{"loc":{"start":{"line":68,"column":2},"end":{"line":72,"column":3}},"type":"if","locations":[{"start":{"line":68,"column":2},"end":{"line":72,"column":3}},{"start":{},"end":{}}],"line":68},"5":{"loc":{"start":{"line":86,"column":2},"end":{"line":86,"column":56}},"type":"if","locations":[{"start":{"line":86,"column":2},"end":{"line":86,"column":56}},{"start":{},"end":{}}],"line":86},"6":{"loc":{"start":{"line":86,"column":6},"end":{"line":86,"column":41}},"type":"binary-expr","locations":[{"start":{"line":86,"column":6},"end":{"line":86,"column":12}},{"start":{"line":86,"column":16},"end":{"line":86,"column":41}}],"line":86},"7":{"loc":{"start":{"line":104,"column":2},"end":{"line":104,"column":33}},"type":"if","locations":[{"start":{"line":104,"column":2},"end":{"line":104,"column":33}},{"start":{},"end":{}}],"line":104},"8":{"loc":{"start":{"line":109,"column":2},"end":{"line":114,"column":3}},"type":"if","locations":[{"start":{"line":109,"column":2},"end":{"line":114,"column":3}},{"start":{},"end":{}}],"line":109},"9":{"loc":{"start":{"line":112,"column":14},"end":{"line":112,"column":56}},"type":"cond-expr","locations":[{"start":{"line":112,"column":25},"end":{"line":112,"column":45}},{"start":{"line":112,"column":48},"end":{"line":112,"column":56}}],"line":112},"10":{"loc":{"start":{"line":117,"column":2},"end":{"line":122,"column":3}},"type":"if","locations":[{"start":{"line":117,"column":2},"end":{"line":122,"column":3}},{"start":{},"end":{}}],"line":117},"11":{"loc":{"start":{"line":120,"column":16},"end":{"line":120,"column":64}},"type":"cond-expr","locations":[{"start":{"line":120,"column":29},"end":{"line":120,"column":51}},{"start":{"line":120,"column":54},"end":{"line":120,"column":64}}],"line":120}},"s":{"0":1,"1":1,"2":1,"3":1,"4":8,"5":3,"6":5,"7":5,"8":1,"9":4,"10":1,"11":3,"12":23,"13":3,"14":1,"15":1,"16":3,"17":3,"18":8,"19":2,"20":6,"21":6,"22":36,"23":36,"24":6,"25":2,"26":1,"27":1,"28":1,"29":1,"30":1,"31":1,"32":1,"33":1,"34":1,"35":1},"f":{"0":8,"1":23,"2":8,"3":2,"4":1,"5":1},"b":{"0":[3,5],"1":[8,5],"2":[1,4],"3":[1,3],"4":[1,2],"5":[2,6],"6":[8,6],"7":[1,1],"8":[1,0],"9":[1,0],"10":[1,0],"11":[1,0]},"_coverageSchema":"1a1c01bbd47fc00a2c39e90264f33305004495a9","hash":"9c731250484d094c8be684ddaa776362d7060489"}
,"C:\\Users\\samu3\\Desktop\\Contador IA\\backend\\utils\\seed.js": {"path":"C:\\Users\\samu3\\Desktop\\Contador IA\\backend\\utils\\seed.js","statementMap":{"0":{"start":{"line":9,"column":0},"end":{"line":9,"column":46}},"1":{"start":{"line":10,"column":17},"end":{"line":10,"column":36}},"2":{"start":{"line":11,"column":18},"end":{"line":11,"column":48}},"3":{"start":{"line":12,"column":16},"end":{"line":12,"column":44}},"4":{"start":{"line":14,"column":23},"end":{"line":27,"column":1}},"5":{"start":{"line":30,"column":2},"end":{"line":78,"column":3}},"6":{"start":{"line":31,"column":4},"end":{"line":31,"column":52}},"7":{"start":{"line":32,"column":4},"end":{"line":32,"column":71}},"8":{"start":{"line":35,"column":4},"end":{"line":35,"column":35}},"9":{"start":{"line":36,"column":17},"end":{"line":36,"column":59}},"10":{"start":{"line":37,"column":4},"end":{"line":37,"column":58}},"11":{"start":{"line":40,"column":4},"end":{"line":66,"column":5}},"12":{"start":{"line":41,"column":28},"end":{"line":41,"column":81}},"13":{"start":{"line":42,"column":6},"end":{"line":63,"column":7}},"14":{"start":{"line":43,"column":23},"end":{"line":43,"column":42}},"15":{"start":{"line":44,"column":21},"end":{"line":44,"column":45}},"16":{"start":{"line":46,"column":31},"end":{"line":46,"column":73}},"17":{"start":{"line":48,"column":8},"end":{"line":58,"column":11}},"18":{"start":{"line":59,"column":8},"end":{"line":59,"column":88}},"19":{"start":{"line":60,"column":8},"end":{"line":60,"column":92}},"20":{"start":{"line":62,"column":8},"end":{"line":62,"column":54}},"21":{"start":{"line":65,"column":6},"end":{"line":65,"column":103}},"22":{"start":{"line":69,"column":24},"end":{"line":69,"column":80}},"23":{"start":{"line":70,"column":4},"end":{"line":70,"column":57}},"24":{"start":{"line":71,"column":4},"end":{"line":71,"column":60}},"25":{"start":{"line":71,"column":29},"end":{"line":71,"column":58}},"26":{"start":{"line":73,"column":4},"end":{"line":73,"column":53}},"27":{"start":{"line":74,"column":4},"end":{"line":74,"column":20}},"28":{"start":{"line":76,"column":4},"end":{"line":76,"column":53}},"29":{"start":{"line":77,"column":4},"end":{"line":77,"column":20}},"30":{"start":{"line":81,"column":0},"end":{"line":81,"column":7}}},"fnMap":{"0":{"name":"seed","decl":{"start":{"line":29,"column":15},"end":{"line":29,"column":19}},"loc":{"start":{"line":29,"column":22},"end":{"line":79,"column":1}},"line":29},"1":{"name":"(anonymous_1)","decl":{"start":{"line":71,"column":24},"end":{"line":71,"column":25}},"loc":{"start":{"line":71,"column":29},"end":{"line":71,"column":58}},"line":71}},"branchMap":{"0":{"loc":{"start":{"line":40,"column":4},"end":{"line":66,"column":5}},"type":"if","locations":[{"start":{"line":40,"column":4},"end":{"line":66,"column":5}},{"start":{"line":64,"column":11},"end":{"line":66,"column":5}}],"line":40},"1":{"loc":{"start":{"line":42,"column":6},"end":{"line":63,"column":7}},"type":"if","locations":[{"start":{"line":42,"column":6},"end":{"line":63,"column":7}},{"start":{"line":61,"column":13},"end":{"line":63,"column":7}}],"line":42}},"s":{"0":0,"1":0,"2":0,"3":0,"4":0,"5":0,"6":0,"7":0,"8":0,"9":0,"10":0,"11":0,"12":0,"13":0,"14":0,"15":0,"16":0,"17":0,"18":0,"19":0,"20":0,"21":0,"22":0,"23":0,"24":0,"25":0,"26":0,"27":0,"28":0,"29":0,"30":0},"f":{"0":0,"1":0},"b":{"0":[0,0],"1":[0,0]}}
}
