TN:
SF:controllers\authController.js
FN:5,(anonymous_0)
FN:16,(anonymous_1)
FN:54,(anonymous_2)
FN:88,(anonymous_3)
FN:101,(anonymous_4)
FN:137,(anonymous_5)
FNF:6
FNH:0
FNDA:0,(anonymous_0)
FNDA:0,(anonymous_1)
FNDA:0,(anonymous_2)
FNDA:0,(anonymous_3)
FNDA:0,(anonymous_4)
FNDA:0,(anonymous_5)
DA:1,0
DA:2,0
DA:5,0
DA:6,0
DA:16,0
DA:17,0
DA:18,0
DA:21,0
DA:22,0
DA:23,0
DA:24,0
DA:27,0
DA:37,0
DA:45,0
DA:54,0
DA:55,0
DA:56,0
DA:58,0
DA:59,0
DA:60,0
DA:64,0
DA:66,0
DA:67,0
DA:68,0
DA:71,0
DA:79,0
DA:88,0
DA:89,0
DA:90,0
DA:92,0
DA:101,0
DA:102,0
DA:103,0
DA:105,0
DA:106,0
DA:107,0
DA:108,0
DA:111,0
DA:112,0
DA:113,0
DA:114,0
DA:115,0
DA:117,0
DA:119,0
DA:128,0
DA:137,0
DA:138,0
DA:139,0
DA:141,0
DA:142,0
DA:143,0
DA:146,0
DA:147,0
DA:148,0
DA:151,0
DA:152,0
DA:153,0
DA:154,0
DA:157,0
DA:158,0
DA:159,0
DA:160,0
DA:163,0
DA:164,0
DA:166,0
DA:168,0
DA:172,0
LF:67
LH:0
BRDA:7,0,0,0
BRDA:7,0,1,0
BRDA:22,1,0,0
BRDA:22,1,1,0
BRDA:58,2,0,0
BRDA:58,2,1,0
BRDA:58,3,0,0
BRDA:58,3,1,0
BRDA:66,4,0,0
BRDA:66,4,1,0
BRDA:66,5,0,0
BRDA:66,5,1,0
BRDA:106,6,0,0
BRDA:106,6,1,0
BRDA:111,7,0,0
BRDA:111,7,1,0
BRDA:112,8,0,0
BRDA:112,8,1,0
BRDA:113,9,0,0
BRDA:113,9,1,0
BRDA:114,10,0,0
BRDA:114,10,1,0
BRDA:115,11,0,0
BRDA:115,11,1,0
BRDA:141,12,0,0
BRDA:141,12,1,0
BRDA:141,13,0,0
BRDA:141,13,1,0
BRDA:146,14,0,0
BRDA:146,14,1,0
BRDA:152,15,0,0
BRDA:152,15,1,0
BRDA:158,16,0,0
BRDA:158,16,1,0
BRF:34
BRH:0
end_of_record
TN:
SF:controllers\chatController.js
FN:21,obtenerEncoder
FN:32,contarTokens
FN:42,inicializarCliente
FN:58,(anonymous_3)
FN:70,estaIADisponible
FN:131,obtenerContextoUsuario
FN:143,(anonymous_6)
FN:144,(anonymous_7)
FN:146,(anonymous_8)
FN:152,(anonymous_9)
FN:153,(anonymous_10)
FN:156,(anonymous_11)
FN:157,(anonymous_12)
FN:162,(anonymous_13)
FN:163,(anonymous_14)
FN:170,(anonymous_15)
FN:170,(anonymous_16)
FN:190,(anonymous_17)
FN:198,(anonymous_18)
FN:215,construirPromptContexto
FN:221,(anonymous_20)
FN:222,(anonymous_21)
FN:235,(anonymous_22)
FN:241,(anonymous_23)
FN:244,(anonymous_24)
FN:253,truncarContexto
FN:283,generarRespuestaOffline
FN:300,(anonymous_27)
FN:307,chat
FN:350,(anonymous_29)
FN:426,chatStream
FN:467,(anonymous_31)
FN:521,enviarFeedback
FNF:33
FNH:11
FNDA:4,obtenerEncoder
FNDA:4,contarTokens
FNDA:0,inicializarCliente
FNDA:0,(anonymous_3)
FNDA:0,estaIADisponible
FNDA:0,obtenerContextoUsuario
FNDA:0,(anonymous_6)
FNDA:0,(anonymous_7)
FNDA:0,(anonymous_8)
FNDA:0,(anonymous_9)
FNDA:0,(anonymous_10)
FNDA:0,(anonymous_11)
FNDA:0,(anonymous_12)
FNDA:0,(anonymous_13)
FNDA:0,(anonymous_14)
FNDA:0,(anonymous_15)
FNDA:0,(anonymous_16)
FNDA:0,(anonymous_17)
FNDA:0,(anonymous_18)
FNDA:9,construirPromptContexto
FNDA:17,(anonymous_20)
FNDA:26,(anonymous_21)
FNDA:27,(anonymous_22)
FNDA:27,(anonymous_23)
FNDA:17,(anonymous_24)
FNDA:2,truncarContexto
FNDA:3,generarRespuestaOffline
FNDA:6,(anonymous_27)
FNDA:0,chat
FNDA:0,(anonymous_29)
FNDA:0,chatStream
FNDA:0,(anonymous_31)
FNDA:0,enviarFeedback
DA:1,1
DA:2,1
DA:3,1
DA:4,1
DA:5,1
DA:6,1
DA:7,1
DA:8,1
DA:9,1
DA:10,1
DA:11,1
DA:15,1
DA:16,1
DA:17,1
DA:18,1
DA:19,1
DA:22,4
DA:23,1
DA:24,1
DA:26,0
DA:29,4
DA:33,4
DA:34,4
DA:35,4
DA:38,0
DA:43,0
DA:44,0
DA:46,0
DA:47,0
DA:48,0
DA:49,0
DA:51,0
DA:52,0
DA:58,0
DA:60,0
DA:61,0
DA:62,0
DA:63,0
DA:65,0
DA:66,0
DA:71,0
DA:76,1
DA:133,0
DA:134,0
DA:136,0
DA:143,0
DA:144,0
DA:145,0
DA:146,0
DA:147,0
DA:148,0
DA:152,0
DA:153,0
DA:154,0
DA:155,0
DA:156,0
DA:157,0
DA:158,0
DA:161,0
DA:162,0
DA:163,0
DA:164,0
DA:167,0
DA:168,0
DA:169,0
DA:170,0
DA:171,0
DA:172,0
DA:173,0
DA:176,0
DA:190,0
DA:198,0
DA:208,0
DA:210,0
DA:216,9
DA:217,9
DA:218,9
DA:220,9
DA:221,17
DA:222,26
DA:225,9
DA:235,27
DA:241,27
DA:244,17
DA:249,1
DA:250,1
DA:251,1
DA:254,2
DA:255,2
DA:257,2
DA:261,1
DA:262,1
DA:263,1
DA:265,1
DA:278,1
DA:284,3
DA:285,1
DA:288,2
DA:300,6
DA:308,0
DA:309,0
DA:311,0
DA:312,0
DA:313,0
DA:316,0
DA:317,0
DA:318,0
DA:325,0
DA:327,0
DA:328,0
DA:329,0
DA:334,0
DA:342,0
DA:343,0
DA:344,0
DA:347,0
DA:350,0
DA:355,0
DA:363,0
DA:370,0
DA:371,0
DA:373,0
DA:374,0
DA:376,0
DA:378,0
DA:379,0
DA:382,0
DA:383,0
DA:390,0
DA:391,0
DA:397,0
DA:398,0
DA:404,0
DA:406,0
DA:407,0
DA:408,0
DA:417,0
DA:427,0
DA:428,0
DA:431,0
DA:438,0
DA:439,0
DA:440,0
DA:443,0
DA:444,0
DA:445,0
DA:446,0
DA:447,0
DA:450,0
DA:451,0
DA:452,0
DA:453,0
DA:455,0
DA:457,0
DA:458,0
DA:462,0
DA:463,0
DA:464,0
DA:465,0
DA:467,0
DA:472,0
DA:480,0
DA:488,0
DA:489,0
DA:490,0
DA:491,0
DA:492,0
DA:493,0
DA:497,0
DA:498,0
DA:500,0
DA:501,0
DA:502,0
DA:504,0
DA:505,0
DA:507,0
DA:513,0
DA:514,0
DA:515,0
DA:522,0
DA:523,0
DA:524,0
DA:526,0
DA:527,0
DA:530,0
DA:539,0
DA:541,0
DA:543,0
DA:544,0
DA:550,1
LF:190
LH:50
BRDA:22,0,0,1
BRDA:22,0,1,3
BRDA:43,1,0,0
BRDA:43,1,1,0
BRDA:47,2,0,0
BRDA:47,2,1,0
BRDA:134,3,0,0
BRDA:134,3,1,0
BRDA:143,4,0,0
BRDA:143,4,1,0
BRDA:144,5,0,0
BRDA:144,5,1,0
BRDA:147,6,0,0
BRDA:147,6,1,0
BRDA:148,7,0,0
BRDA:148,7,1,0
BRDA:148,8,0,0
BRDA:148,8,1,0
BRDA:155,9,0,0
BRDA:155,9,1,0
BRDA:156,10,0,0
BRDA:156,10,1,0
BRDA:157,11,0,0
BRDA:157,11,1,0
BRDA:158,12,0,0
BRDA:158,12,1,0
BRDA:161,13,0,0
BRDA:161,13,1,0
BRDA:162,14,0,0
BRDA:162,14,1,0
BRDA:162,15,0,0
BRDA:162,15,1,0
BRDA:163,16,0,0
BRDA:163,16,1,0
BRDA:163,17,0,0
BRDA:163,17,1,0
BRDA:164,18,0,0
BRDA:164,18,1,0
BRDA:173,19,0,0
BRDA:173,19,1,0
BRDA:173,20,0,0
BRDA:173,20,1,0
BRDA:186,21,0,0
BRDA:186,21,1,0
BRDA:187,22,0,0
BRDA:187,22,1,0
BRDA:217,23,0,9
BRDA:217,23,1,0
BRDA:218,24,0,9
BRDA:218,24,1,0
BRDA:220,25,0,9
BRDA:220,25,1,0
BRDA:232,26,0,9
BRDA:232,26,1,0
BRDA:235,27,0,9
BRDA:235,27,1,0
BRDA:238,28,0,9
BRDA:238,28,1,0
BRDA:241,29,0,9
BRDA:241,29,1,0
BRDA:241,30,0,27
BRDA:241,30,1,0
BRDA:241,31,0,27
BRDA:241,31,1,0
BRDA:244,32,0,9
BRDA:244,32,1,0
BRDA:244,33,0,17
BRDA:244,33,1,0
BRDA:253,34,0,0
BRDA:257,35,0,1
BRDA:257,35,1,1
BRDA:273,36,0,1
BRDA:273,36,1,0
BRDA:284,37,0,1
BRDA:284,37,1,2
BRDA:300,38,0,2
BRDA:300,38,1,0
BRDA:312,39,0,0
BRDA:317,40,0,0
BRDA:317,40,1,0
BRDA:325,41,0,0
BRDA:325,41,1,0
BRDA:351,42,0,0
BRDA:351,42,1,0
BRDA:352,43,0,0
BRDA:352,43,1,0
BRDA:370,44,0,0
BRDA:370,44,1,0
BRDA:371,45,0,0
BRDA:371,45,1,0
BRDA:382,46,0,0
BRDA:382,46,1,0
BRDA:386,47,0,0
BRDA:386,47,1,0
BRDA:390,48,0,0
BRDA:390,48,1,0
BRDA:397,49,0,0
BRDA:397,49,1,0
BRDA:404,50,0,0
BRDA:404,50,1,0
BRDA:404,51,0,0
BRDA:404,51,1,0
BRDA:439,52,0,0
BRDA:444,53,0,0
BRDA:444,53,1,0
BRDA:450,54,0,0
BRDA:450,54,1,0
BRDA:468,55,0,0
BRDA:468,55,1,0
BRDA:469,56,0,0
BRDA:469,56,1,0
BRDA:491,57,0,0
BRDA:491,57,1,0
BRDA:507,58,0,0
BRDA:507,58,1,0
BRDA:509,59,0,0
BRDA:509,59,1,0
BRDA:526,60,0,0
BRDA:526,60,1,0
BRDA:526,61,0,0
BRDA:526,61,1,0
BRDA:526,61,2,0
BRF:122
BRH:19
end_of_record
TN:
SF:controllers\costoController.js
FN:5,(anonymous_0)
FN:17,(anonymous_1)
FN:25,(anonymous_2)
FN:34,(anonymous_3)
FN:41,(anonymous_4)
FN:53,(anonymous_5)
FN:60,(anonymous_6)
FN:70,(anonymous_7)
FN:76,(anonymous_8)
FN:89,(anonymous_9)
FN:99,(anonymous_10)
FNF:11
FNH:0
FNDA:0,(anonymous_0)
FNDA:0,(anonymous_1)
FNDA:0,(anonymous_2)
FNDA:0,(anonymous_3)
FNDA:0,(anonymous_4)
FNDA:0,(anonymous_5)
FNDA:0,(anonymous_6)
FNDA:0,(anonymous_7)
FNDA:0,(anonymous_8)
FNDA:0,(anonymous_9)
FNDA:0,(anonymous_10)
DA:1,0
DA:5,0
DA:6,0
DA:7,0
DA:8,0
DA:9,0
DA:10,0
DA:11,0
DA:13,0
DA:14,0
DA:17,0
DA:18,0
DA:19,0
DA:20,0
DA:22,0
DA:23,0
DA:25,0
DA:26,0
DA:28,0
DA:29,0
DA:30,0
DA:31,0
DA:34,0
DA:35,0
DA:36,0
DA:37,0
DA:38,0
DA:39,0
DA:41,0
DA:42,0
DA:44,0
DA:45,0
DA:47,0
DA:48,0
DA:49,0
DA:50,0
DA:53,0
DA:54,0
DA:55,0
DA:56,0
DA:57,0
DA:58,0
DA:60,0
DA:61,0
DA:63,0
DA:64,0
DA:65,0
DA:66,0
DA:67,0
DA:70,0
DA:71,0
DA:72,0
DA:73,0
DA:74,0
DA:76,0
DA:77,0
DA:79,0
DA:80,0
DA:81,0
DA:82,0
DA:83,0
DA:84,0
DA:89,0
DA:90,0
DA:91,0
DA:92,0
DA:93,0
DA:94,0
DA:96,0
DA:99,0
DA:107,0
DA:110,0
LF:72
LH:0
BRDA:8,0,0,0
BRDA:8,0,1,0
BRDA:10,1,0,0
BRDA:10,1,1,0
BRDA:20,2,0,0
BRDA:20,2,1,0
BRDA:23,3,0,0
BRDA:23,3,1,0
BRDA:26,4,0,0
BRDA:26,4,1,0
BRDA:28,5,0,0
BRDA:28,5,1,0
BRDA:39,6,0,0
BRDA:39,6,1,0
BRDA:42,7,0,0
BRDA:42,7,1,0
BRDA:58,8,0,0
BRDA:58,8,1,0
BRDA:61,9,0,0
BRDA:61,9,1,0
BRDA:74,10,0,0
BRDA:74,10,1,0
BRDA:77,11,0,0
BRDA:77,11,1,0
BRDA:92,12,0,0
BRDA:92,12,1,0
BRDA:94,13,0,0
BRDA:94,13,1,0
BRF:28
BRH:0
end_of_record
TN:
SF:controllers\dashboardController.js
FN:6,(anonymous_0)
FN:18,(anonymous_1)
FN:39,(anonymous_2)
FN:48,(anonymous_3)
FN:70,(anonymous_4)
FN:72,(anonymous_5)
FN:73,(anonymous_6)
FNF:7
FNH:0
FNDA:0,(anonymous_0)
FNDA:0,(anonymous_1)
FNDA:0,(anonymous_2)
FNDA:0,(anonymous_3)
FNDA:0,(anonymous_4)
FNDA:0,(anonymous_5)
FNDA:0,(anonymous_6)
DA:1,0
DA:2,0
DA:3,0
DA:4,0
DA:6,0
DA:7,0
DA:8,0
DA:9,0
DA:10,0
DA:11,0
DA:13,0
DA:14,0
DA:15,0
DA:18,0
DA:19,0
DA:20,0
DA:21,0
DA:22,0
DA:23,0
DA:25,0
DA:26,0
DA:39,0
DA:45,0
DA:48,0
DA:49,0
DA:50,0
DA:51,0
DA:52,0
DA:53,0
DA:55,0
DA:69,0
DA:70,0
DA:71,0
DA:72,0
DA:73,0
DA:74,0
DA:81,0
DA:82,0
DA:85,0
LF:39
LH:0
BRDA:9,0,0,0
BRDA:9,0,1,0
BRDA:11,1,0,0
BRDA:11,1,1,0
BRDA:21,2,0,0
BRDA:21,2,1,0
BRDA:23,3,0,0
BRDA:23,3,1,0
BRDA:40,4,0,0
BRDA:40,4,1,0
BRDA:51,5,0,0
BRDA:51,5,1,0
BRDA:53,6,0,0
BRDA:53,6,1,0
BRDA:76,7,0,0
BRDA:76,7,1,0
BRDA:77,8,0,0
BRDA:77,8,1,0
BRF:18
BRH:0
end_of_record
TN:
SF:controllers\declaracionController.js
FN:10,(anonymous_0)
FN:26,(anonymous_1)
FN:45,(anonymous_2)
FN:61,(anonymous_3)
FN:80,(anonymous_4)
FN:134,(anonymous_5)
FN:189,(anonymous_6)
FN:208,(anonymous_7)
FN:218,(anonymous_8)
FN:233,(anonymous_9)
FN:246,(anonymous_10)
FN:256,(anonymous_11)
FN:279,(anonymous_12)
FN:300,(anonymous_13)
FN:311,(anonymous_14)
FN:314,(anonymous_15)
FN:314,(anonymous_16)
FN:315,(anonymous_17)
FN:315,(anonymous_18)
FN:329,(anonymous_19)
FN:344,(anonymous_20)
FN:345,(anonymous_21)
FNF:22
FNH:0
FNDA:0,(anonymous_0)
FNDA:0,(anonymous_1)
FNDA:0,(anonymous_2)
FNDA:0,(anonymous_3)
FNDA:0,(anonymous_4)
FNDA:0,(anonymous_5)
FNDA:0,(anonymous_6)
FNDA:0,(anonymous_7)
FNDA:0,(anonymous_8)
FNDA:0,(anonymous_9)
FNDA:0,(anonymous_10)
FNDA:0,(anonymous_11)
FNDA:0,(anonymous_12)
FNDA:0,(anonymous_13)
FNDA:0,(anonymous_14)
FNDA:0,(anonymous_15)
FNDA:0,(anonymous_16)
FNDA:0,(anonymous_17)
FNDA:0,(anonymous_18)
FNDA:0,(anonymous_19)
FNDA:0,(anonymous_20)
FNDA:0,(anonymous_21)
DA:1,0
DA:2,0
DA:3,0
DA:4,0
DA:5,0
DA:6,0
DA:10,0
DA:11,0
DA:12,0
DA:13,0
DA:14,0
DA:23,0
DA:26,0
DA:27,0
DA:28,0
DA:29,0
DA:30,0
DA:32,0
DA:33,0
DA:34,0
DA:35,0
DA:36,0
DA:38,0
DA:39,0
DA:40,0
DA:45,0
DA:46,0
DA:47,0
DA:48,0
DA:49,0
DA:51,0
DA:53,0
DA:59,0
DA:60,0
DA:61,0
DA:62,0
DA:63,0
DA:65,0
DA:69,0
DA:75,0
DA:80,0
DA:81,0
DA:82,0
DA:83,0
DA:84,0
DA:85,0
DA:88,0
DA:90,0
DA:91,0
DA:92,0
DA:93,0
DA:96,0
DA:108,0
DA:109,0
DA:112,0
DA:124,0
DA:127,0
DA:128,0
DA:131,0
DA:132,0
DA:133,0
DA:134,0
DA:135,0
DA:136,0
DA:138,0
DA:142,0
DA:159,0
DA:160,0
DA:163,0
DA:179,0
DA:182,0
DA:183,0
DA:184,0
DA:189,0
DA:190,0
DA:191,0
DA:192,0
DA:193,0
DA:194,0
DA:196,0
DA:197,0
DA:202,0
DA:203,0
DA:208,0
DA:209,0
DA:210,0
DA:211,0
DA:214,0
DA:215,0
DA:216,0
DA:217,0
DA:218,0
DA:219,0
DA:220,0
DA:222,0
DA:227,0
DA:228,0
DA:233,0
DA:234,0
DA:235,0
DA:236,0
DA:237,0
DA:238,0
DA:239,0
DA:240,0
DA:241,0
DA:246,0
DA:247,0
DA:248,0
DA:249,0
DA:250,0
DA:251,0
DA:256,0
DA:257,0
DA:258,0
DA:259,0
DA:260,0
DA:261,0
DA:263,0
DA:265,0
DA:266,0
DA:267,0
DA:268,0
DA:270,0
DA:272,0
DA:274,0
DA:279,0
DA:280,0
DA:281,0
DA:282,0
DA:284,0
DA:285,0
DA:287,0
DA:288,0
DA:290,0
DA:291,0
DA:294,0
DA:295,0
DA:300,0
DA:311,0
DA:314,0
DA:315,0
DA:317,0
DA:324,0
DA:329,0
DA:330,0
DA:331,0
DA:332,0
DA:334,0
DA:335,0
DA:336,0
DA:338,0
DA:339,0
DA:344,0
DA:345,0
DA:347,0
DA:354,0
DA:357,0
LF:158
LH:0
BRDA:13,0,0,0
BRDA:13,0,1,0
BRDA:15,1,0,0
BRDA:15,1,1,0
BRDA:16,2,0,0
BRDA:16,2,1,0
BRDA:17,3,0,0
BRDA:17,3,1,0
BRDA:18,4,0,0
BRDA:18,4,1,0
BRDA:30,5,0,0
BRDA:30,5,1,0
BRDA:32,6,0,0
BRDA:32,6,1,0
BRDA:33,7,0,0
BRDA:33,7,1,0
BRDA:34,8,0,0
BRDA:34,8,1,0
BRDA:35,9,0,0
BRDA:35,9,1,0
BRDA:36,10,0,0
BRDA:36,10,1,0
BRDA:48,11,0,0
BRDA:48,11,1,0
BRDA:49,12,0,0
BRDA:49,12,1,0
BRDA:54,13,0,0
BRDA:54,13,1,0
BRDA:60,14,0,0
BRDA:60,14,1,0
BRDA:62,15,0,0
BRDA:62,15,1,0
BRDA:62,16,0,0
BRDA:62,16,1,0
BRDA:62,16,2,0
BRDA:83,17,0,0
BRDA:83,17,1,0
BRDA:83,18,0,0
BRDA:83,18,1,0
BRDA:90,19,0,0
BRDA:90,19,1,0
BRDA:91,20,0,0
BRDA:91,20,1,0
BRDA:108,21,0,0
BRDA:108,21,1,0
BRDA:127,22,0,0
BRDA:127,22,1,0
BRDA:133,23,0,0
BRDA:133,23,1,0
BRDA:135,24,0,0
BRDA:135,24,1,0
BRDA:135,25,0,0
BRDA:135,25,1,0
BRDA:135,25,2,0
BRDA:159,26,0,0
BRDA:159,26,1,0
BRDA:191,27,0,0
BRDA:191,28,0,0
BRDA:193,29,0,0
BRDA:193,29,1,0
BRDA:194,30,0,0
BRDA:194,30,1,0
BRDA:211,31,0,0
BRDA:211,31,1,0
BRDA:215,32,0,0
BRDA:215,32,1,0
BRDA:217,33,0,0
BRDA:217,33,1,0
BRDA:219,34,0,0
BRDA:219,34,1,0
BRDA:219,35,0,0
BRDA:219,35,1,0
BRDA:219,35,2,0
BRDA:237,36,0,0
BRDA:237,36,1,0
BRDA:249,37,0,0
BRDA:249,37,1,0
BRDA:259,38,0,0
BRDA:259,38,1,0
BRDA:260,39,0,0
BRDA:260,39,1,0
BRDA:261,40,0,0
BRDA:261,40,1,0
BRDA:265,41,0,0
BRDA:265,41,1,0
BRDA:268,42,0,0
BRDA:268,42,1,0
BRDA:281,43,0,0
BRDA:281,44,0,0
BRDA:284,45,0,0
BRDA:284,45,1,0
BRDA:287,46,0,0
BRDA:287,46,1,0
BRDA:290,47,0,0
BRDA:290,47,1,0
BRDA:304,48,0,0
BRDA:304,48,1,0
BRDA:305,49,0,0
BRDA:305,49,1,0
BRDA:306,50,0,0
BRDA:306,50,1,0
BRDA:307,51,0,0
BRDA:307,51,1,0
BRDA:310,52,0,0
BRDA:310,52,1,0
BRDA:311,53,0,0
BRDA:311,53,1,0
BRDA:331,54,0,0
BRDA:331,55,0,0
BRDA:334,56,0,0
BRDA:334,56,1,0
BRDA:335,57,0,0
BRDA:335,57,1,0
BRDA:336,58,0,0
BRDA:336,58,1,0
BRDA:344,59,0,0
BRDA:344,59,1,0
BRDA:345,60,0,0
BRDA:345,60,1,0
BRF:119
BRH:0
end_of_record
TN:
SF:controllers\facturaController.js
FN:8,(anonymous_0)
FN:30,(anonymous_1)
FN:38,(anonymous_2)
FN:51,(anonymous_3)
FN:67,(anonymous_4)
FN:85,resolverRutaArchivo
FN:93,(anonymous_6)
FN:107,(anonymous_7)
FN:116,(anonymous_8)
FN:130,(anonymous_9)
FN:141,(anonymous_10)
FN:176,(anonymous_11)
FN:183,(anonymous_12)
FN:191,(anonymous_13)
FN:250,(anonymous_14)
FNF:15
FNH:0
FNDA:0,(anonymous_0)
FNDA:0,(anonymous_1)
FNDA:0,(anonymous_2)
FNDA:0,(anonymous_3)
FNDA:0,(anonymous_4)
FNDA:0,resolverRutaArchivo
FNDA:0,(anonymous_6)
FNDA:0,(anonymous_7)
FNDA:0,(anonymous_8)
FNDA:0,(anonymous_9)
FNDA:0,(anonymous_10)
FNDA:0,(anonymous_11)
FNDA:0,(anonymous_12)
FNDA:0,(anonymous_13)
FNDA:0,(anonymous_14)
DA:1,0
DA:2,0
DA:3,0
DA:4,0
DA:5,0
DA:6,0
DA:8,0
DA:9,0
DA:10,0
DA:11,0
DA:12,0
DA:13,0
DA:14,0
DA:15,0
DA:16,0
DA:18,0
DA:19,0
DA:21,0
DA:22,0
DA:26,0
DA:27,0
DA:30,0
DA:31,0
DA:32,0
DA:33,0
DA:34,0
DA:35,0
DA:38,0
DA:39,0
DA:40,0
DA:41,0
DA:42,0
DA:43,0
DA:44,0
DA:45,0
DA:46,0
DA:47,0
DA:48,0
DA:51,0
DA:52,0
DA:53,0
DA:54,0
DA:55,0
DA:56,0
DA:57,0
DA:58,0
DA:60,0
DA:62,0
DA:63,0
DA:64,0
DA:67,0
DA:68,0
DA:69,0
DA:70,0
DA:72,0
DA:73,0
DA:75,0
DA:76,0
DA:78,0
DA:79,0
DA:86,0
DA:88,0
DA:90,0
DA:93,0
DA:94,0
DA:95,0
DA:96,0
DA:97,0
DA:99,0
DA:100,0
DA:102,0
DA:103,0
DA:104,0
DA:106,0
DA:107,0
DA:108,0
DA:109,0
DA:110,0
DA:113,0
DA:116,0
DA:117,0
DA:118,0
DA:119,0
DA:120,0
DA:122,0
DA:123,0
DA:125,0
DA:126,0
DA:127,0
DA:129,0
DA:130,0
DA:131,0
DA:132,0
DA:133,0
DA:136,0
DA:141,0
DA:142,0
DA:143,0
DA:148,0
DA:149,0
DA:151,0
DA:152,0
DA:153,0
DA:154,0
DA:160,0
DA:165,0
DA:171,0
DA:176,0
DA:177,0
DA:178,0
DA:179,0
DA:180,0
DA:183,0
DA:184,0
DA:185,0
DA:186,0
DA:187,0
DA:188,0
DA:191,0
DA:192,0
DA:193,0
DA:195,0
DA:196,0
DA:197,0
DA:200,0
DA:201,0
DA:203,0
DA:204,0
DA:205,0
DA:207,0
DA:208,0
DA:209,0
DA:212,0
DA:215,0
DA:216,0
DA:217,0
DA:218,0
DA:219,0
DA:220,0
DA:221,0
DA:224,0
DA:246,0
DA:247,0
DA:250,0
DA:251,0
DA:252,0
DA:253,0
DA:254,0
DA:256,0
DA:257,0
DA:264,0
DA:265,0
DA:267,0
DA:268,0
DA:269,0
DA:270,0
DA:271,0
DA:273,0
DA:274,0
DA:277,0
DA:290,0
DA:293,0
LF:162
LH:0
BRDA:10,0,0,0
BRDA:10,1,0,0
BRDA:12,2,0,0
BRDA:12,2,1,0
BRDA:13,3,0,0
BRDA:13,3,1,0
BRDA:14,4,0,0
BRDA:14,4,1,0
BRDA:15,5,0,0
BRDA:15,5,1,0
BRDA:16,6,0,0
BRDA:16,6,1,0
BRDA:18,7,0,0
BRDA:18,7,1,0
BRDA:33,8,0,0
BRDA:33,8,1,0
BRDA:42,9,0,0
BRDA:42,9,1,0
BRDA:43,10,0,0
BRDA:43,10,1,0
BRDA:44,11,0,0
BRDA:44,11,1,0
BRDA:45,12,0,0
BRDA:45,12,1,0
BRDA:55,13,0,0
BRDA:55,13,1,0
BRDA:57,14,0,0
BRDA:57,14,1,0
BRDA:58,15,0,0
BRDA:58,15,1,0
BRDA:70,16,0,0
BRDA:70,16,1,0
BRDA:72,17,0,0
BRDA:72,17,1,0
BRDA:72,18,0,0
BRDA:72,18,1,0
BRDA:75,19,0,0
BRDA:75,19,1,0
BRDA:75,20,0,0
BRDA:75,20,1,0
BRDA:86,21,0,0
BRDA:86,21,1,0
BRDA:88,22,0,0
BRDA:88,22,1,0
BRDA:96,23,0,0
BRDA:96,23,1,0
BRDA:99,24,0,0
BRDA:99,24,1,0
BRDA:103,25,0,0
BRDA:103,25,1,0
BRDA:108,26,0,0
BRDA:108,26,1,0
BRDA:108,27,0,0
BRDA:108,27,1,0
BRDA:119,28,0,0
BRDA:119,28,1,0
BRDA:122,29,0,0
BRDA:122,29,1,0
BRDA:126,30,0,0
BRDA:126,30,1,0
BRDA:131,31,0,0
BRDA:131,31,1,0
BRDA:131,32,0,0
BRDA:131,32,1,0
BRDA:152,33,0,0
BRDA:152,33,1,0
BRDA:153,34,0,0
BRDA:153,34,1,0
BRDA:160,35,0,0
BRDA:160,35,1,0
BRDA:185,36,0,0
BRDA:185,36,1,0
BRDA:195,37,0,0
BRDA:195,37,1,0
BRDA:195,38,0,0
BRDA:195,38,1,0
BRDA:195,38,2,0
BRDA:195,38,3,0
BRDA:201,39,0,0
BRDA:201,39,1,0
BRDA:203,40,0,0
BRDA:203,40,1,0
BRDA:203,41,0,0
BRDA:203,41,1,0
BRDA:207,42,0,0
BRDA:207,42,1,0
BRDA:207,43,0,0
BRDA:207,43,1,0
BRDA:217,44,0,0
BRDA:217,44,1,0
BRDA:233,45,0,0
BRDA:233,45,1,0
BRDA:234,46,0,0
BRDA:234,46,1,0
BRDA:236,47,0,0
BRDA:236,47,1,0
BRDA:256,48,0,0
BRDA:256,48,1,0
BRDA:256,49,0,0
BRDA:256,49,1,0
BRDA:270,50,0,0
BRDA:270,50,1,0
BRDA:274,51,0,0
BRDA:274,51,1,0
BRDA:286,52,0,0
BRDA:286,52,1,0
BRF:106
BRH:0
end_of_record
TN:
SF:controllers\facturaEmisionController.js
FN:6,(anonymous_0)
FN:23,(anonymous_1)
FN:31,(anonymous_2)
FN:70,(anonymous_3)
FN:89,(anonymous_4)
FN:104,(anonymous_5)
FN:110,(anonymous_6)
FN:111,(anonymous_7)
FN:118,(anonymous_8)
FN:122,(anonymous_9)
FNF:10
FNH:0
FNDA:0,(anonymous_0)
FNDA:0,(anonymous_1)
FNDA:0,(anonymous_2)
FNDA:0,(anonymous_3)
FNDA:0,(anonymous_4)
FNDA:0,(anonymous_5)
FNDA:0,(anonymous_6)
FNDA:0,(anonymous_7)
FNDA:0,(anonymous_8)
FNDA:0,(anonymous_9)
DA:1,0
DA:2,0
DA:6,0
DA:7,0
DA:8,0
DA:9,0
DA:10,0
DA:11,0
DA:12,0
DA:14,0
DA:15,0
DA:19,0
DA:20,0
DA:23,0
DA:24,0
DA:25,0
DA:26,0
DA:27,0
DA:28,0
DA:31,0
DA:32,0
DA:36,0
DA:38,0
DA:39,0
DA:40,0
DA:43,0
DA:44,0
DA:45,0
DA:47,0
DA:66,0
DA:67,0
DA:70,0
DA:71,0
DA:72,0
DA:73,0
DA:74,0
DA:76,0
DA:77,0
DA:78,0
DA:80,0
DA:81,0
DA:84,0
DA:85,0
DA:86,0
DA:89,0
DA:90,0
DA:91,0
DA:92,0
DA:93,0
DA:94,0
DA:96,0
DA:97,0
DA:98,0
DA:99,0
DA:104,0
DA:105,0
DA:106,0
DA:107,0
DA:109,0
DA:110,0
DA:111,0
DA:113,0
DA:119,0
DA:120,0
DA:123,0
DA:124,0
DA:127,0
DA:130,0
LF:68
LH:0
BRDA:8,0,0,0
BRDA:8,1,0,0
BRDA:10,2,0,0
BRDA:10,2,1,0
BRDA:11,3,0,0
BRDA:11,3,1,0
BRDA:12,4,0,0
BRDA:12,4,1,0
BRDA:26,5,0,0
BRDA:26,5,1,0
BRDA:38,6,0,0
BRDA:38,6,1,0
BRDA:38,7,0,0
BRDA:38,7,1,0
BRDA:38,7,2,0
BRDA:38,7,3,0
BRDA:38,7,4,0
BRDA:53,8,0,0
BRDA:53,8,1,0
BRDA:54,9,0,0
BRDA:54,9,1,0
BRDA:57,10,0,0
BRDA:57,10,1,0
BRDA:74,11,0,0
BRDA:74,11,1,0
BRDA:76,12,0,0
BRDA:76,12,1,0
BRDA:77,13,0,0
BRDA:77,13,1,0
BRDA:80,14,0,0
BRDA:80,14,1,0
BRDA:92,15,0,0
BRDA:92,15,1,0
BRDA:93,16,0,0
BRDA:93,16,1,0
BRDA:107,17,0,0
BRDA:107,17,1,0
BRDA:110,18,0,0
BRDA:110,18,1,0
BRDA:111,19,0,0
BRDA:111,19,1,0
BRDA:119,20,0,0
BRDA:119,20,1,0
BRDA:123,21,0,0
BRDA:123,21,1,0
BRDA:123,22,0,0
BRDA:123,22,1,0
BRF:47
BRH:0
end_of_record
TN:
SF:controllers\impuestoController.js
FN:3,(anonymous_0)
FN:11,(anonymous_1)
FN:18,(anonymous_2)
FNF:3
FNH:0
FNDA:0,(anonymous_0)
FNDA:0,(anonymous_1)
FNDA:0,(anonymous_2)
DA:1,0
DA:3,0
DA:4,0
DA:5,0
DA:6,0
DA:7,0
DA:8,0
DA:11,0
DA:12,0
DA:13,0
DA:14,0
DA:15,0
DA:18,0
DA:19,0
DA:20,0
DA:21,0
DA:22,0
DA:25,0
LF:18
LH:0
BRF:0
BRH:0
end_of_record
TN:
SF:controllers\ingresoController.js
FN:4,(anonymous_0)
FN:21,(anonymous_1)
FN:29,(anonymous_2)
FN:65,(anonymous_3)
FN:76,(anonymous_4)
FN:90,(anonymous_5)
FNF:6
FNH:0
FNDA:0,(anonymous_0)
FNDA:0,(anonymous_1)
FNDA:0,(anonymous_2)
FNDA:0,(anonymous_3)
FNDA:0,(anonymous_4)
FNDA:0,(anonymous_5)
DA:1,0
DA:2,0
DA:4,0
DA:5,0
DA:6,0
DA:7,0
DA:8,0
DA:9,0
DA:10,0
DA:11,0
DA:12,0
DA:13,0
DA:17,0
DA:18,0
DA:21,0
DA:22,0
DA:23,0
DA:24,0
DA:25,0
DA:26,0
DA:29,0
DA:30,0
DA:36,0
DA:38,0
DA:40,0
DA:61,0
DA:62,0
DA:65,0
DA:66,0
DA:67,0
DA:68,0
DA:70,0
DA:76,0
DA:78,0
DA:79,0
DA:80,0
DA:81,0
DA:82,0
DA:85,0
DA:86,0
DA:87,0
DA:90,0
DA:91,0
DA:92,0
DA:93,0
DA:94,0
DA:95,0
DA:98,0
LF:48
LH:0
BRDA:6,0,0,0
BRDA:6,1,0,0
BRDA:8,2,0,0
BRDA:8,2,1,0
BRDA:9,3,0,0
BRDA:9,3,1,0
BRDA:10,4,0,0
BRDA:10,4,1,0
BRDA:11,5,0,0
BRDA:11,5,1,0
BRDA:24,6,0,0
BRDA:24,6,1,0
BRDA:43,7,0,0
BRDA:43,7,1,0
BRDA:45,8,0,0
BRDA:45,8,1,0
BRDA:46,9,0,0
BRDA:46,9,1,0
BRDA:47,10,0,0
BRDA:47,10,1,0
BRDA:48,11,0,0
BRDA:48,11,1,0
BRDA:49,12,0,0
BRDA:49,12,1,0
BRDA:52,13,0,0
BRDA:52,13,1,0
BRDA:53,14,0,0
BRDA:53,14,1,0
BRDA:68,15,0,0
BRDA:68,15,1,0
BRDA:76,16,0,0
BRDA:76,16,1,0
BRDA:78,17,0,0
BRDA:78,17,1,0
BRDA:93,18,0,0
BRDA:93,18,1,0
BRF:36
BRH:0
end_of_record
TN:
SF:controllers\inventarioController.js
FN:5,(anonymous_0)
FN:17,(anonymous_1)
FN:23,(anonymous_2)
FN:32,(anonymous_3)
FN:39,(anonymous_4)
FN:52,(anonymous_5)
FN:65,(anonymous_6)
FN:71,(anonymous_7)
FN:80,(anonymous_8)
FN:87,(anonymous_9)
FN:100,(anonymous_10)
FN:106,(anonymous_11)
FN:115,(anonymous_12)
FN:122,(anonymous_13)
FN:138,(anonymous_14)
FN:144,(anonymous_15)
FN:153,(anonymous_16)
FN:160,(anonymous_17)
FN:178,(anonymous_18)
FN:189,(anonymous_19)
FN:189,(anonymous_20)
FN:193,(anonymous_21)
FN:193,(anonymous_22)
FN:201,(anonymous_23)
FN:212,(anonymous_24)
FN:223,(anonymous_25)
FNF:26
FNH:0
FNDA:0,(anonymous_0)
FNDA:0,(anonymous_1)
FNDA:0,(anonymous_2)
FNDA:0,(anonymous_3)
FNDA:0,(anonymous_4)
FNDA:0,(anonymous_5)
FNDA:0,(anonymous_6)
FNDA:0,(anonymous_7)
FNDA:0,(anonymous_8)
FNDA:0,(anonymous_9)
FNDA:0,(anonymous_10)
FNDA:0,(anonymous_11)
FNDA:0,(anonymous_12)
FNDA:0,(anonymous_13)
FNDA:0,(anonymous_14)
FNDA:0,(anonymous_15)
FNDA:0,(anonymous_16)
FNDA:0,(anonymous_17)
FNDA:0,(anonymous_18)
FNDA:0,(anonymous_19)
FNDA:0,(anonymous_20)
FNDA:0,(anonymous_21)
FNDA:0,(anonymous_22)
FNDA:0,(anonymous_23)
FNDA:0,(anonymous_24)
FNDA:0,(anonymous_25)
DA:1,0
DA:5,0
DA:6,0
DA:7,0
DA:8,0
DA:9,0
DA:11,0
DA:12,0
DA:17,0
DA:18,0
DA:19,0
DA:20,0
DA:21,0
DA:23,0
DA:24,0
DA:26,0
DA:27,0
DA:28,0
DA:29,0
DA:32,0
DA:33,0
DA:34,0
DA:35,0
DA:36,0
DA:38,0
DA:39,0
DA:42,0
DA:43,0
DA:44,0
DA:47,0
DA:48,0
DA:49,0
DA:52,0
DA:53,0
DA:54,0
DA:55,0
DA:56,0
DA:57,0
DA:58,0
DA:59,0
DA:60,0
DA:65,0
DA:66,0
DA:67,0
DA:68,0
DA:69,0
DA:71,0
DA:72,0
DA:74,0
DA:75,0
DA:76,0
DA:77,0
DA:80,0
DA:81,0
DA:82,0
DA:83,0
DA:84,0
DA:86,0
DA:87,0
DA:89,0
DA:90,0
DA:93,0
DA:94,0
DA:95,0
DA:100,0
DA:101,0
DA:102,0
DA:103,0
DA:104,0
DA:106,0
DA:107,0
DA:109,0
DA:110,0
DA:111,0
DA:112,0
DA:115,0
DA:116,0
DA:117,0
DA:118,0
DA:119,0
DA:121,0
DA:122,0
DA:124,0
DA:125,0
DA:127,0
DA:128,0
DA:131,0
DA:132,0
DA:133,0
DA:138,0
DA:139,0
DA:140,0
DA:141,0
DA:142,0
DA:144,0
DA:145,0
DA:147,0
DA:148,0
DA:149,0
DA:150,0
DA:153,0
DA:154,0
DA:155,0
DA:156,0
DA:157,0
DA:159,0
DA:160,0
DA:162,0
DA:163,0
DA:164,0
DA:165,0
DA:167,0
DA:168,0
DA:171,0
DA:172,0
DA:173,0
DA:178,0
DA:179,0
DA:180,0
DA:181,0
DA:183,0
DA:189,0
DA:190,0
DA:191,0
DA:193,0
DA:194,0
DA:195,0
DA:198,0
DA:201,0
DA:202,0
DA:203,0
DA:204,0
DA:205,0
DA:206,0
DA:207,0
DA:208,0
DA:209,0
DA:212,0
DA:213,0
DA:214,0
DA:215,0
DA:216,0
DA:217,0
DA:218,0
DA:219,0
DA:220,0
DA:223,0
DA:224,0
DA:225,0
DA:226,0
DA:227,0
DA:228,0
DA:229,0
DA:230,0
DA:231,0
DA:234,0
LF:156
LH:0
BRDA:8,0,0,0
BRDA:8,0,1,0
BRDA:21,1,0,0
BRDA:21,1,1,0
BRDA:24,2,0,0
BRDA:24,2,1,0
BRDA:36,3,0,0
BRDA:36,3,1,0
BRDA:39,4,0,0
BRDA:39,4,1,0
BRDA:42,5,0,0
BRDA:42,5,1,0
BRDA:56,6,0,0
BRDA:56,6,1,0
BRDA:69,7,0,0
BRDA:69,7,1,0
BRDA:72,8,0,0
BRDA:72,8,1,0
BRDA:84,9,0,0
BRDA:84,9,1,0
BRDA:87,10,0,0
BRDA:87,10,1,0
BRDA:89,11,0,0
BRDA:89,11,1,0
BRDA:104,12,0,0
BRDA:104,12,1,0
BRDA:107,13,0,0
BRDA:107,13,1,0
BRDA:119,14,0,0
BRDA:119,14,1,0
BRDA:122,15,0,0
BRDA:122,15,1,0
BRDA:124,16,0,0
BRDA:124,16,1,0
BRDA:127,17,0,0
BRDA:127,17,1,0
BRDA:142,18,0,0
BRDA:142,18,1,0
BRDA:145,19,0,0
BRDA:145,19,1,0
BRDA:157,20,0,0
BRDA:157,20,1,0
BRDA:160,21,0,0
BRDA:160,21,1,0
BRDA:162,22,0,0
BRDA:162,22,1,0
BRDA:164,23,0,0
BRDA:164,23,1,0
BRDA:165,24,0,0
BRDA:165,24,1,0
BRDA:167,25,0,0
BRDA:167,25,1,0
BRDA:181,26,0,0
BRDA:181,26,1,0
BRDA:190,27,0,0
BRDA:190,27,1,0
BRDA:194,28,0,0
BRDA:194,28,1,0
BRDA:205,29,0,0
BRDA:205,29,1,0
BRDA:216,30,0,0
BRDA:216,30,1,0
BRDA:227,31,0,0
BRDA:227,31,1,0
BRF:64
BRH:0
end_of_record
TN:
SF:models\Categoria.js
FNF:0
FNH:0
DA:1,0
DA:3,0
DA:34,0
LF:3
LH:0
BRF:0
BRH:0
end_of_record
TN:
SF:models\ChatFeedback.js
FNF:0
FNH:0
DA:1,1
DA:3,1
DA:44,1
DA:45,1
DA:47,1
LF:5
LH:5
BRF:0
BRH:0
end_of_record
TN:
SF:models\CostoProduccion.js
FN:112,(anonymous_0)
FN:113,(anonymous_1)
FN:117,(anonymous_2)
FN:134,(anonymous_3)
FN:135,(anonymous_4)
FN:148,(anonymous_5)
FN:149,(anonymous_6)
FN:150,(anonymous_7)
FN:151,(anonymous_8)
FN:152,(anonymous_9)
FNF:10
FNH:0
FNDA:0,(anonymous_0)
FNDA:0,(anonymous_1)
FNDA:0,(anonymous_2)
FNDA:0,(anonymous_3)
FNDA:0,(anonymous_4)
FNDA:0,(anonymous_5)
FNDA:0,(anonymous_6)
FNDA:0,(anonymous_7)
FNDA:0,(anonymous_8)
FNDA:0,(anonymous_9)
DA:1,1
DA:10,1
DA:36,1
DA:56,1
DA:86,1
DA:108,1
DA:109,1
DA:112,1
DA:113,0
DA:114,0
DA:117,0
DA:120,0
DA:121,0
DA:122,0
DA:123,0
DA:125,0
DA:126,0
DA:127,0
DA:128,0
DA:129,0
DA:133,0
DA:134,0
DA:135,0
DA:137,0
DA:140,0
DA:141,0
DA:142,0
DA:143,0
DA:144,0
DA:145,0
DA:148,0
DA:149,0
DA:150,0
DA:151,0
DA:152,0
DA:154,0
DA:155,0
DA:159,0
DA:162,1
LF:39
LH:9
BRDA:114,0,0,0
BRDA:114,0,1,0
BRDA:117,1,0,0
BRDA:117,1,1,0
BRDA:126,2,0,0
BRDA:126,2,1,0
BRDA:127,3,0,0
BRDA:127,3,1,0
BRDA:128,4,0,0
BRDA:128,4,1,0
BRDA:129,5,0,0
BRDA:129,5,1,0
BRDA:134,6,0,0
BRDA:134,6,1,0
BRDA:137,7,0,0
BRDA:137,7,1,0
BRDA:140,8,0,0
BRDA:140,8,1,0
BRDA:141,9,0,0
BRDA:141,9,1,0
BRDA:142,10,0,0
BRDA:142,10,1,0
BRDA:149,11,0,0
BRDA:149,11,1,0
BRDA:150,12,0,0
BRDA:150,12,1,0
BRDA:152,13,0,0
BRDA:152,13,1,0
BRDA:155,14,0,0
BRDA:155,14,1,0
BRF:30
BRH:0
end_of_record
TN:
SF:models\Declaracion.js
FNF:0
FNH:0
DA:1,0
DA:3,0
DA:11,0
DA:71,0
DA:73,0
LF:5
LH:0
BRF:0
BRH:0
end_of_record
TN:
SF:models\Factura.js
FNF:0
FNH:0
DA:1,1
DA:3,1
DA:24,1
DA:60,1
DA:216,1
DA:217,1
DA:218,1
DA:220,1
LF:8
LH:8
BRF:0
BRH:0
end_of_record
TN:
SF:models\FacturaEmision.js
FN:159,(anonymous_0)
FN:189,(anonymous_1)
FNF:2
FNH:0
FNDA:0,(anonymous_0)
FNDA:0,(anonymous_1)
DA:1,0
DA:9,0
DA:29,0
DA:154,0
DA:155,0
DA:156,0
DA:159,0
DA:160,0
DA:162,0
DA:163,0
DA:164,0
DA:165,0
DA:166,0
DA:167,0
DA:170,0
DA:172,0
DA:173,0
DA:174,0
DA:175,0
DA:176,0
DA:178,0
DA:179,0
DA:182,0
DA:183,0
DA:185,0
DA:189,0
DA:190,0
DA:191,0
DA:193,0
DA:208,0
LF:30
LH:0
BRDA:160,0,0,0
BRDA:160,0,1,0
BRDA:182,1,0,0
BRDA:182,1,1,0
BRDA:182,2,0,0
BRDA:182,2,1,0
BRF:6
BRH:0
end_of_record
TN:
SF:models\Ingreso.js
FN:107,(anonymous_0)
FNF:1
FNH:0
FNDA:0,(anonymous_0)
DA:1,1
DA:3,1
DA:107,1
DA:108,0
DA:109,0
DA:112,0
DA:113,0
DA:116,0
DA:117,0
DA:120,0
DA:121,0
DA:124,0
DA:125,0
DA:126,0
DA:131,1
DA:132,1
DA:134,1
LF:17
LH:6
BRDA:108,0,0,0
BRDA:108,0,1,0
BRDA:108,1,0,0
BRDA:108,1,1,0
BRDA:108,1,2,0
BRDA:108,1,3,0
BRDA:108,1,4,0
BRDA:108,1,5,0
BRDA:108,1,6,0
BRDA:109,2,0,0
BRDA:109,2,1,0
BRDA:112,3,0,0
BRDA:112,3,1,0
BRDA:112,4,0,0
BRDA:112,4,1,0
BRDA:112,4,2,0
BRDA:116,5,0,0
BRDA:116,5,1,0
BRDA:116,6,0,0
BRDA:116,6,1,0
BRDA:116,6,2,0
BRDA:120,7,0,0
BRDA:120,7,1,0
BRDA:120,8,0,0
BRDA:120,8,1,0
BRDA:120,8,2,0
BRF:26
BRH:0
end_of_record
TN:
SF:models\Inventario.js
FN:254,(anonymous_0)
FN:255,(anonymous_1)
FN:257,(anonymous_2)
FN:258,(anonymous_3)
FN:260,(anonymous_4)
FN:261,(anonymous_5)
FN:263,(anonymous_6)
FN:264,(anonymous_7)
FN:266,(anonymous_8)
FN:267,(anonymous_9)
FNF:10
FNH:0
FNDA:0,(anonymous_0)
FNDA:0,(anonymous_1)
FNDA:0,(anonymous_2)
FNDA:0,(anonymous_3)
FNDA:0,(anonymous_4)
FNDA:0,(anonymous_5)
FNDA:0,(anonymous_6)
FNDA:0,(anonymous_7)
FNDA:0,(anonymous_8)
FNDA:0,(anonymous_9)
DA:1,1
DA:9,1
DA:16,1
DA:67,1
DA:90,1
DA:115,1
DA:124,1
DA:174,1
DA:182,1
DA:227,1
DA:247,1
DA:248,1
DA:249,1
DA:250,1
DA:251,1
DA:254,1
DA:255,0
DA:257,1
DA:258,0
DA:260,1
DA:261,0
DA:263,1
DA:264,0
DA:266,1
DA:267,0
DA:270,1
LF:26
LH:21
BRDA:255,0,0,0
BRDA:255,0,1,0
BRDA:258,1,0,0
BRDA:258,1,1,0
BRDA:258,2,0,0
BRDA:258,2,1,0
BRDA:258,3,0,0
BRDA:258,3,1,0
BRDA:261,4,0,0
BRDA:261,4,1,0
BRDA:261,5,0,0
BRDA:261,5,1,0
BRDA:261,6,0,0
BRDA:261,6,1,0
BRDA:264,7,0,0
BRDA:264,7,1,0
BRDA:264,8,0,0
BRDA:264,8,1,0
BRDA:264,9,0,0
BRDA:264,9,1,0
BRDA:267,10,0,0
BRDA:267,10,1,0
BRDA:267,11,0,0
BRDA:267,11,1,0
BRDA:267,12,0,0
BRDA:267,12,1,0
BRF:26
BRH:0
end_of_record
TN:
SF:models\RecordatorioFiscal.js
FN:102,(anonymous_0)
FN:107,(anonymous_1)
FN:113,(anonymous_2)
FN:179,(anonymous_3)
FN:182,(anonymous_4)
FNF:5
FNH:0
FNDA:0,(anonymous_0)
FNDA:0,(anonymous_1)
FNDA:0,(anonymous_2)
FNDA:0,(anonymous_3)
FNDA:0,(anonymous_4)
DA:1,0
DA:3,0
DA:98,0
DA:99,0
DA:102,0
DA:103,0
DA:107,0
DA:108,0
DA:109,0
DA:113,0
DA:114,0
DA:117,0
DA:123,0
DA:124,0
DA:137,0
DA:148,0
DA:155,0
DA:156,0
DA:157,0
DA:172,0
DA:178,0
DA:179,0
DA:182,0
DA:183,0
DA:184,0
DA:187,0
DA:188,0
DA:191,0
DA:194,0
LF:29
LH:0
BRDA:103,0,0,0
BRDA:103,0,1,0
BRDA:156,1,0,0
BRDA:156,1,1,0
BRDA:179,2,0,0
BRDA:179,2,1,0
BRDA:183,3,0,0
BRDA:183,3,1,0
BRDA:187,4,0,0
BRDA:187,4,1,0
BRF:10
BRH:0
end_of_record
TN:
SF:models\Usuario.js
FN:81,(anonymous_0)
FN:91,(anonymous_1)
FN:97,(anonymous_2)
FNF:3
FNH:0
FNDA:0,(anonymous_0)
FNDA:0,(anonymous_1)
FNDA:0,(anonymous_2)
DA:1,0
DA:2,0
DA:3,0
DA:5,0
DA:81,0
DA:82,0
DA:83,0
DA:84,0
DA:86,0
DA:87,0
DA:91,0
DA:92,0
DA:93,0
DA:97,0
DA:98,0
DA:101,0
LF:16
LH:0
BRDA:82,0,0,0
BRDA:82,0,1,0
BRDA:86,1,0,0
BRDA:86,1,1,0
BRDA:86,2,0,0
BRDA:86,2,1,0
BRDA:92,3,0,0
BRDA:92,3,1,0
BRDA:92,4,0,0
BRDA:92,4,1,0
BRF:10
BRH:0
end_of_record
TN:
SF:services\aiService.js
FN:15,inicializarCliente
FN:69,(anonymous_1)
FN:74,getSystemPrompt
FN:83,categorizarFactura
FN:94,(anonymous_4)
FN:154,categoriaFallback
FNF:6
FNH:0
FNDA:0,inicializarCliente
FNDA:0,(anonymous_1)
FNDA:0,getSystemPrompt
FNDA:0,categorizarFactura
FNDA:0,(anonymous_4)
FNDA:0,categoriaFallback
DA:6,0
DA:7,0
DA:9,0
DA:10,0
DA:16,0
DA:17,0
DA:18,0
DA:19,0
DA:20,0
DA:22,0
DA:27,0
DA:28,0
DA:32,0
DA:64,0
DA:65,0
DA:66,0
DA:67,0
DA:68,0
DA:69,0
DA:71,0
DA:75,0
DA:84,0
DA:86,0
DA:87,0
DA:88,0
DA:91,0
DA:93,0
DA:94,0
DA:97,0
DA:109,0
DA:120,0
DA:121,0
DA:123,0
DA:126,0
DA:133,0
DA:134,0
DA:135,0
DA:138,0
DA:146,0
DA:147,0
DA:155,0
DA:164,0
LF:42
LH:0
BRDA:16,0,0,0
BRDA:16,0,1,0
BRDA:18,1,0,0
BRDA:18,1,1,0
BRDA:86,2,0,0
BRDA:86,2,1,0
BRDA:93,3,0,0
BRDA:93,3,1,0
BRDA:94,4,0,0
BRDA:94,4,1,0
BRDA:99,5,0,0
BRDA:99,5,1,0
BRDA:100,6,0,0
BRDA:100,6,1,0
BRDA:102,7,0,0
BRDA:102,7,1,0
BRDA:103,8,0,0
BRDA:103,8,1,0
BRDA:107,9,0,0
BRDA:107,9,1,0
BRDA:121,10,0,0
BRDA:121,10,1,0
BRDA:133,11,0,0
BRDA:133,11,1,0
BRDA:135,12,0,0
BRDA:135,12,1,0
BRDA:140,13,0,0
BRDA:140,13,1,0
BRDA:142,14,0,0
BRDA:142,14,1,0
BRDA:143,15,0,0
BRDA:143,15,1,0
BRF:32
BRH:0
end_of_record
TN:
SF:services\declaracionService.js
FN:8,generarDatosExportacion
FN:34,(anonymous_1)
FN:44,(anonymous_2)
FN:57,(anonymous_3)
FN:85,generarCSV
FN:104,(anonymous_5)
FN:106,(anonymous_6)
FN:115,(anonymous_7)
FN:115,(anonymous_8)
FNF:9
FNH:0
FNDA:0,generarDatosExportacion
FNDA:0,(anonymous_1)
FNDA:0,(anonymous_2)
FNDA:0,(anonymous_3)
FNDA:0,generarCSV
FNDA:0,(anonymous_5)
FNDA:0,(anonymous_6)
FNDA:0,(anonymous_7)
FNDA:0,(anonymous_8)
DA:1,0
DA:2,0
DA:3,0
DA:11,0
DA:12,0
DA:13,0
DA:14,0
DA:16,0
DA:17,0
DA:21,0
DA:28,0
DA:34,0
DA:35,0
DA:36,0
DA:37,0
DA:38,0
DA:39,0
DA:44,0
DA:57,0
DA:58,0
DA:59,0
DA:60,0
DA:62,0
DA:79,0
DA:86,0
DA:88,0
DA:104,0
DA:106,0
DA:107,0
DA:108,0
DA:109,0
DA:110,0
DA:112,0
DA:115,0
DA:117,0
DA:120,0
LF:36
LH:0
BRDA:8,0,0,0
BRDA:11,1,0,0
BRDA:11,1,1,0
BRDA:35,2,0,0
BRDA:35,2,1,0
BRDA:36,3,0,0
BRDA:36,3,1,0
BRDA:37,4,0,0
BRDA:37,4,1,0
BRDA:38,5,0,0
BRDA:38,5,1,0
BRDA:38,5,2,0
BRDA:41,6,0,0
BRDA:41,6,1,0
BRDA:42,7,0,0
BRDA:42,7,1,0
BRDA:43,8,0,0
BRDA:43,8,1,0
BRDA:44,9,0,0
BRDA:44,9,1,0
BRDA:49,10,0,0
BRDA:49,10,1,0
BRDA:49,10,2,0
BRDA:50,11,0,0
BRDA:50,11,1,0
BRDA:51,12,0,0
BRDA:51,12,1,0
BRDA:52,13,0,0
BRDA:52,13,1,0
BRDA:59,14,0,0
BRDA:59,14,1,0
BRDA:60,15,0,0
BRDA:60,15,1,0
BRDA:64,16,0,0
BRDA:64,16,1,0
BRDA:65,17,0,0
BRDA:65,17,1,0
BRDA:66,18,0,0
BRDA:66,18,1,0
BRDA:67,19,0,0
BRDA:67,19,1,0
BRDA:69,20,0,0
BRDA:69,20,1,0
BRDA:70,21,0,0
BRDA:70,21,1,0
BRDA:71,22,0,0
BRDA:71,22,1,0
BRDA:72,23,0,0
BRDA:72,23,1,0
BRDA:72,23,2,0
BRDA:75,24,0,0
BRDA:75,24,1,0
BRDA:86,25,0,0
BRDA:86,25,1,0
BRDA:107,26,0,0
BRDA:107,26,1,0
BRDA:107,27,0,0
BRDA:107,27,1,0
BRDA:109,28,0,0
BRDA:109,28,1,0
BRDA:109,29,0,0
BRDA:109,29,1,0
BRDA:109,29,2,0
BRF:63
BRH:0
end_of_record
TN:
SF:services\emailService.js
FN:42,logErrorDetallado
FN:51,liberarLockIdle
FN:63,restablecerLockIdle
FN:72,(anonymous_3)
FN:99,asegurarDirectoriosUploads
FN:110,obtenerCarpetasDisponibles
FN:130,carpetasParaBuscar
FN:136,(anonymous_7)
FN:159,iniciarListener
FN:191,(anonymous_9)
FN:196,(anonymous_10)
FN:202,(anonymous_11)
FN:219,(anonymous_12)
FN:224,(anonymous_13)
FN:226,(anonymous_14)
FN:245,(anonymous_15)
FN:256,procesarTodasLasCarpetas
FN:261,(anonymous_17)
FN:265,(anonymous_18)
FN:267,(anonymous_19)
FN:278,procesarEmailsEnCarpeta
FN:322,(anonymous_21)
FN:329,(anonymous_22)
FN:335,(anonymous_23)
FN:372,(anonymous_24)
FN:397,escucharNuevosEmails
FN:404,(anonymous_26)
FN:422,(anonymous_27)
FN:423,(anonymous_28)
FN:427,(anonymous_29)
FN:446,procesarMensaje
FN:601,(anonymous_31)
FN:623,sincronizarManual
FN:644,(anonymous_33)
FN:681,obtenerEstado
FN:697,detenerListener
FNF:36
FNH:0
FNDA:0,logErrorDetallado
FNDA:0,liberarLockIdle
FNDA:0,restablecerLockIdle
FNDA:0,(anonymous_3)
FNDA:0,asegurarDirectoriosUploads
FNDA:0,obtenerCarpetasDisponibles
FNDA:0,carpetasParaBuscar
FNDA:0,(anonymous_7)
FNDA:0,iniciarListener
FNDA:0,(anonymous_9)
FNDA:0,(anonymous_10)
FNDA:0,(anonymous_11)
FNDA:0,(anonymous_12)
FNDA:0,(anonymous_13)
FNDA:0,(anonymous_14)
FNDA:0,(anonymous_15)
FNDA:0,procesarTodasLasCarpetas
FNDA:0,(anonymous_17)
FNDA:0,(anonymous_18)
FNDA:0,(anonymous_19)
FNDA:0,procesarEmailsEnCarpeta
FNDA:0,(anonymous_21)
FNDA:0,(anonymous_22)
FNDA:0,(anonymous_23)
FNDA:0,(anonymous_24)
FNDA:0,escucharNuevosEmails
FNDA:0,(anonymous_26)
FNDA:0,(anonymous_27)
FNDA:0,(anonymous_28)
FNDA:0,(anonymous_29)
FNDA:0,procesarMensaje
FNDA:0,(anonymous_31)
FNDA:0,sincronizarManual
FNDA:0,(anonymous_33)
FNDA:0,obtenerEstado
FNDA:0,detenerListener
DA:13,0
DA:14,0
DA:15,0
DA:16,0
DA:17,0
DA:18,0
DA:19,0
DA:20,0
DA:23,0
DA:24,0
DA:25,0
DA:26,0
DA:34,0
DA:35,0
DA:36,0
DA:37,0
DA:38,0
DA:39,0
DA:40,0
DA:43,0
DA:44,0
DA:45,0
DA:46,0
DA:47,0
DA:52,0
DA:53,0
DA:54,0
DA:55,0
DA:57,0
DA:59,0
DA:64,0
DA:65,0
DA:66,0
DA:67,0
DA:68,0
DA:70,0
DA:72,0
DA:78,0
DA:79,0
DA:80,0
DA:86,0
DA:100,0
DA:101,0
DA:102,0
DA:111,0
DA:113,0
DA:114,0
DA:115,0
DA:116,0
DA:119,0
DA:121,0
DA:124,0
DA:131,0
DA:132,0
DA:134,0
DA:136,0
DA:137,0
DA:141,0
DA:142,0
DA:147,0
DA:148,0
DA:151,0
DA:152,0
DA:160,0
DA:161,0
DA:162,0
DA:165,0
DA:167,0
DA:168,0
DA:169,0
DA:173,0
DA:174,0
DA:175,0
DA:177,0
DA:178,0
DA:179,0
DA:182,0
DA:183,0
DA:186,0
DA:188,0
DA:189,0
DA:191,0
DA:192,0
DA:193,0
DA:196,0
DA:197,0
DA:198,0
DA:199,0
DA:201,0
DA:202,0
DA:203,0
DA:204,0
DA:205,0
DA:210,0
DA:211,0
DA:212,0
DA:213,0
DA:216,0
DA:219,0
DA:220,0
DA:224,0
DA:225,0
DA:226,0
DA:227,0
DA:232,0
DA:233,0
DA:234,0
DA:235,0
DA:237,0
DA:238,0
DA:239,0
DA:240,0
DA:244,0
DA:245,0
DA:246,0
DA:247,0
DA:257,0
DA:260,0
DA:261,0
DA:265,0
DA:266,0
DA:267,0
DA:270,0
DA:272,0
DA:280,0
DA:281,0
DA:284,0
DA:285,0
DA:288,0
DA:289,0
DA:292,0
DA:293,0
DA:294,0
DA:297,0
DA:298,0
DA:299,0
DA:300,0
DA:302,0
DA:306,0
DA:307,0
DA:308,0
DA:309,0
DA:310,0
DA:314,0
DA:316,0
DA:317,0
DA:318,0
DA:322,0
DA:323,0
DA:328,0
DA:330,0
DA:331,0
DA:335,0
DA:337,0
DA:339,0
DA:340,0
DA:341,0
DA:344,0
DA:347,0
DA:348,0
DA:349,0
DA:351,0
DA:352,0
DA:354,0
DA:363,0
DA:364,0
DA:365,0
DA:369,0
DA:370,0
DA:371,0
DA:372,0
DA:375,0
DA:376,0
DA:377,0
DA:379,0
DA:380,0
DA:386,0
DA:387,0
DA:390,0
DA:398,0
DA:399,0
DA:400,0
DA:401,0
DA:404,0
DA:405,0
DA:408,0
DA:409,0
DA:410,0
DA:412,0
DA:414,0
DA:416,0
DA:417,0
DA:422,0
DA:423,0
DA:424,0
DA:425,0
DA:427,0
DA:428,0
DA:429,0
DA:434,0
DA:436,0
DA:447,0
DA:450,0
DA:451,0
DA:452,0
DA:456,0
DA:457,0
DA:459,0
DA:464,0
DA:465,0
DA:466,0
DA:468,0
DA:469,0
DA:470,0
DA:473,0
DA:475,0
DA:476,0
DA:478,0
DA:483,0
DA:484,0
DA:485,0
DA:486,0
DA:488,0
DA:493,0
DA:495,0
DA:496,0
DA:497,0
DA:498,0
DA:506,0
DA:507,0
DA:509,0
DA:510,0
DA:512,0
DA:514,0
DA:520,0
DA:521,0
DA:523,0
DA:524,0
DA:525,0
DA:527,0
DA:528,0
DA:529,0
DA:533,0
DA:534,0
DA:536,0
DA:537,0
DA:539,0
DA:549,0
DA:553,0
DA:554,0
DA:558,0
DA:559,0
DA:560,0
DA:567,0
DA:568,0
DA:569,0
DA:570,0
DA:571,0
DA:573,0
DA:574,0
DA:580,0
DA:581,0
DA:583,0
DA:584,0
DA:594,0
DA:601,0
DA:605,0
DA:607,0
DA:608,0
DA:612,0
DA:613,0
DA:615,0
DA:624,0
DA:625,0
DA:626,0
DA:630,0
DA:631,0
DA:632,0
DA:633,0
DA:634,0
DA:636,0
DA:638,0
DA:639,0
DA:640,0
DA:643,0
DA:644,0
DA:645,0
DA:646,0
DA:648,0
DA:649,0
DA:650,0
DA:651,0
DA:653,0
DA:654,0
DA:655,0
DA:656,0
DA:661,0
DA:662,0
DA:664,0
DA:665,0
DA:667,0
DA:668,0
DA:671,0
DA:682,0
DA:698,0
DA:699,0
DA:700,0
DA:702,0
DA:703,0
DA:704,0
DA:706,0
DA:707,0
DA:708,0
DA:710,0
DA:712,0
DA:713,0
DA:714,0
DA:718,0
LF:318
LH:0
BRDA:43,0,0,0
BRDA:43,0,1,0
BRDA:44,1,0,0
BRDA:44,1,1,0
BRDA:45,2,0,0
BRDA:45,2,1,0
BRDA:46,3,0,0
BRDA:46,3,1,0
BRDA:46,4,0,0
BRDA:46,4,1,0
BRDA:52,5,0,0
BRDA:52,5,1,0
BRDA:64,6,0,0
BRDA:64,6,1,0
BRDA:64,7,0,0
BRDA:64,7,1,0
BRDA:64,7,2,0
BRDA:64,7,3,0
BRDA:101,8,0,0
BRDA:101,8,1,0
BRDA:137,9,0,0
BRDA:137,9,1,0
BRDA:137,9,2,0
BRDA:141,10,0,0
BRDA:141,10,1,0
BRDA:141,11,0,0
BRDA:141,11,1,0
BRDA:147,12,0,0
BRDA:147,12,1,0
BRDA:160,13,0,0
BRDA:160,13,1,0
BRDA:167,14,0,0
BRDA:167,14,1,0
BRDA:167,15,0,0
BRDA:167,15,1,0
BRDA:173,16,0,0
BRDA:173,16,1,0
BRDA:177,17,0,0
BRDA:177,17,1,0
BRDA:201,18,0,0
BRDA:201,18,1,0
BRDA:237,19,0,0
BRDA:237,19,1,0
BRDA:244,20,0,0
BRDA:244,20,1,0
BRDA:256,21,0,0
BRDA:256,22,0,0
BRDA:260,23,0,0
BRDA:260,23,1,0
BRDA:261,24,0,0
BRDA:261,24,1,0
BRDA:261,24,2,0
BRDA:278,25,0,0
BRDA:278,26,0,0
BRDA:297,27,0,0
BRDA:297,27,1,0
BRDA:299,28,0,0
BRDA:299,28,1,0
BRDA:309,29,0,0
BRDA:309,29,1,0
BRDA:316,30,0,0
BRDA:316,30,1,0
BRDA:339,31,0,0
BRDA:339,31,1,0
BRDA:376,32,0,0
BRDA:376,32,1,0
BRDA:379,33,0,0
BRDA:379,33,1,0
BRDA:386,34,0,0
BRDA:386,34,1,0
BRDA:446,35,0,0
BRDA:451,36,0,0
BRDA:451,36,1,0
BRDA:457,37,0,0
BRDA:457,37,1,0
BRDA:464,38,0,0
BRDA:464,38,1,0
BRDA:469,39,0,0
BRDA:469,39,1,0
BRDA:470,40,0,0
BRDA:470,40,1,0
BRDA:473,41,0,0
BRDA:473,41,1,0
BRDA:473,42,0,0
BRDA:473,42,1,0
BRDA:473,42,2,0
BRDA:473,42,3,0
BRDA:475,43,0,0
BRDA:475,43,1,0
BRDA:475,44,0,0
BRDA:475,44,1,0
BRDA:475,44,2,0
BRDA:483,45,0,0
BRDA:483,45,1,0
BRDA:483,46,0,0
BRDA:483,46,1,0
BRDA:484,47,0,0
BRDA:484,47,1,0
BRDA:493,48,0,0
BRDA:493,48,1,0
BRDA:493,49,0,0
BRDA:493,49,1,0
BRDA:497,50,0,0
BRDA:497,50,1,0
BRDA:506,51,0,0
BRDA:506,51,1,0
BRDA:523,52,0,0
BRDA:523,52,1,0
BRDA:541,53,0,0
BRDA:541,53,1,0
BRDA:553,54,0,0
BRDA:553,54,1,0
BRDA:558,55,0,0
BRDA:558,55,1,0
BRDA:567,56,0,0
BRDA:567,56,1,0
BRDA:567,57,0,0
BRDA:567,57,1,0
BRDA:573,58,0,0
BRDA:573,58,1,0
BRDA:598,59,0,0
BRDA:598,59,1,0
BRDA:601,60,0,0
BRDA:601,60,1,0
BRDA:607,61,0,0
BRDA:607,61,1,0
BRDA:623,62,0,0
BRDA:625,63,0,0
BRDA:625,63,1,0
BRDA:630,64,0,0
BRDA:630,64,1,0
BRDA:630,65,0,0
BRDA:630,65,1,0
BRDA:633,66,0,0
BRDA:633,66,1,0
BRDA:633,67,0,0
BRDA:633,67,1,0
BRDA:638,68,0,0
BRDA:638,68,1,0
BRDA:685,69,0,0
BRDA:685,69,1,0
BRDA:686,70,0,0
BRDA:686,70,1,0
BRDA:698,71,0,0
BRDA:698,71,1,0
BRDA:702,72,0,0
BRDA:702,72,1,0
BRDA:706,73,0,0
BRDA:706,73,1,0
BRF:149
BRH:0
end_of_record
TN:
SF:services\impuestoService.js
FN:20,calcularIVACuatrimestral
FN:41,(anonymous_1)
FN:59,(anonymous_2)
FN:81,(anonymous_3)
FN:100,calcularRentaAnual
FN:110,(anonymous_5)
FN:121,(anonymous_6)
FN:125,(anonymous_7)
FN:125,(anonymous_8)
FN:157,(anonymous_9)
FN:165,calcularProyeccion
FNF:11
FNH:0
FNDA:0,calcularIVACuatrimestral
FNDA:0,(anonymous_1)
FNDA:0,(anonymous_2)
FNDA:0,(anonymous_3)
FNDA:0,calcularRentaAnual
FNDA:0,(anonymous_5)
FNDA:0,(anonymous_6)
FNDA:0,(anonymous_7)
FNDA:0,(anonymous_8)
FNDA:0,(anonymous_9)
FNDA:0,calcularProyeccion
DA:6,0
DA:7,0
DA:8,0
DA:15,0
DA:21,0
DA:24,0
DA:31,0
DA:37,0
DA:38,0
DA:39,0
DA:41,0
DA:42,0
DA:43,0
DA:44,0
DA:46,0
DA:47,0
DA:49,0
DA:50,0
DA:51,0
DA:52,0
DA:56,0
DA:57,0
DA:59,0
DA:60,0
DA:61,0
DA:62,0
DA:64,0
DA:65,0
DA:67,0
DA:68,0
DA:69,0
DA:70,0
DA:73,0
DA:75,0
DA:81,0
DA:101,0
DA:102,0
DA:105,0
DA:110,0
DA:111,0
DA:115,0
DA:121,0
DA:122,0
DA:125,0
DA:126,0
DA:130,0
DA:133,0
DA:136,0
DA:137,0
DA:143,0
DA:145,0
DA:157,0
DA:166,0
DA:167,0
DA:168,0
DA:170,0
DA:175,0
DA:192,0
LF:58
LH:0
BRDA:42,0,0,0
BRDA:42,0,1,0
BRDA:43,1,0,0
BRDA:43,1,1,0
BRDA:44,2,0,0
BRDA:44,2,1,0
BRDA:46,3,0,0
BRDA:46,3,1,0
BRDA:52,4,0,0
BRDA:52,4,1,0
BRDA:60,5,0,0
BRDA:60,5,1,0
BRDA:61,6,0,0
BRDA:61,6,1,0
BRDA:62,7,0,0
BRDA:62,7,1,0
BRDA:64,8,0,0
BRDA:64,8,1,0
BRDA:70,9,0,0
BRDA:70,9,1,0
BRDA:111,10,0,0
BRDA:111,10,1,0
BRDA:122,11,0,0
BRDA:122,11,1,0
BRDA:126,12,0,0
BRDA:126,12,1,0
BRDA:126,12,2,0
BRDA:138,13,0,0
BRDA:138,13,1,0
BRDA:139,14,0,0
BRDA:139,14,1,0
BRDA:167,15,0,0
BRDA:167,15,1,0
BRDA:168,16,0,0
BRDA:168,16,1,0
BRDA:168,17,0,0
BRDA:168,17,1,0
BRDA:184,18,0,0
BRDA:184,18,1,0
BRDA:185,19,0,0
BRDA:185,19,1,0
BRF:41
BRH:0
end_of_record
TN:
SF:services\xmlParserService.js
FN:25,(anonymous_0)
FN:38,parsearFacturaXML
FN:65,(anonymous_2)
FN:87,procesarNodoFactura
FN:137,detectarVersionEsquema
FN:149,detectarTipoDocumento
FN:170,extraerEmisor
FN:196,extraerReceptor
FN:212,extraerLineasDetalle
FN:220,(anonymous_9)
FN:267,(anonymous_10)
FN:327,extraerResumen
FN:355,extraerOtrosCargos
FN:358,(anonymous_13)
FN:372,calcularTasaPredominante
FN:376,(anonymous_15)
FNF:16
FNH:0
FNDA:0,(anonymous_0)
FNDA:0,parsearFacturaXML
FNDA:0,(anonymous_2)
FNDA:0,procesarNodoFactura
FNDA:0,detectarVersionEsquema
FNDA:0,detectarTipoDocumento
FNDA:0,extraerEmisor
FNDA:0,extraerReceptor
FNDA:0,extraerLineasDetalle
FNDA:0,(anonymous_9)
FNDA:0,(anonymous_10)
FNDA:0,extraerResumen
FNDA:0,extraerOtrosCargos
FNDA:0,(anonymous_13)
FNDA:0,calcularTasaPredominante
FNDA:0,(anonymous_15)
DA:12,0
DA:13,0
DA:14,0
DA:17,0
DA:26,0
DA:27,0
DA:39,0
DA:40,0
DA:45,0
DA:62,0
DA:64,0
DA:65,0
DA:66,0
DA:70,0
DA:71,0
DA:73,0
DA:76,0
DA:78,0
DA:79,0
DA:80,0
DA:88,0
DA:89,0
DA:90,0
DA:91,0
DA:92,0
DA:95,0
DA:98,0
DA:101,0
DA:106,0
DA:108,0
DA:139,0
DA:140,0
DA:141,0
DA:142,0
DA:143,0
DA:151,0
DA:152,0
DA:153,0
DA:154,0
DA:162,0
DA:164,0
DA:171,0
DA:173,0
DA:197,0
DA:199,0
DA:213,0
DA:216,0
DA:217,0
DA:218,0
DA:220,0
DA:224,0
DA:225,0
DA:227,0
DA:229,0
DA:230,0
DA:233,0
DA:234,0
DA:238,0
DA:248,0
DA:249,0
DA:250,0
DA:261,0
DA:262,0
DA:263,0
DA:264,0
DA:266,0
DA:267,0
DA:277,0
DA:278,0
DA:279,0
DA:280,0
DA:287,0
DA:288,0
DA:289,0
DA:290,0
DA:291,0
DA:292,0
DA:293,0
DA:294,0
DA:299,0
DA:300,0
DA:303,0
DA:328,0
DA:329,0
DA:332,0
DA:356,0
DA:357,0
DA:358,0
DA:373,0
DA:375,0
DA:376,0
DA:377,0
DA:378,0
DA:382,0
DA:383,0
DA:384,0
DA:385,0
DA:386,0
DA:387,0
DA:391,0
DA:394,0
LF:101
LH:0
BRDA:45,0,0,0
BRDA:45,0,1,0
BRDA:45,0,2,0
BRDA:45,0,3,0
BRDA:45,0,4,0
BRDA:45,0,5,0
BRDA:45,0,6,0
BRDA:45,0,7,0
BRDA:45,0,8,0
BRDA:45,0,9,0
BRDA:45,0,10,0
BRDA:45,0,11,0
BRDA:45,0,12,0
BRDA:45,0,13,0
BRDA:45,0,14,0
BRDA:62,1,0,0
BRDA:62,1,1,0
BRDA:66,2,0,0
BRDA:66,2,1,0
BRDA:66,2,2,0
BRDA:70,3,0,0
BRDA:70,3,1,0
BRDA:92,4,0,0
BRDA:92,4,1,0
BRDA:109,5,0,0
BRDA:109,5,1,0
BRDA:110,6,0,0
BRDA:110,6,1,0
BRDA:116,7,0,0
BRDA:116,7,1,0
BRDA:117,8,0,0
BRDA:117,8,1,0
BRDA:124,9,0,0
BRDA:124,9,1,0
BRDA:125,10,0,0
BRDA:125,10,1,0
BRDA:139,11,0,0
BRDA:139,11,1,0
BRDA:140,12,0,0
BRDA:140,12,1,0
BRDA:141,13,0,0
BRDA:141,13,1,0
BRDA:142,14,0,0
BRDA:142,14,1,0
BRDA:151,15,0,0
BRDA:151,15,1,0
BRDA:152,16,0,0
BRDA:152,16,1,0
BRDA:162,17,0,0
BRDA:162,17,1,0
BRDA:171,18,0,0
BRDA:171,18,1,0
BRDA:174,19,0,0
BRDA:174,19,1,0
BRDA:175,20,0,0
BRDA:175,20,1,0
BRDA:177,21,0,0
BRDA:177,21,1,0
BRDA:178,22,0,0
BRDA:178,22,1,0
BRDA:180,23,0,0
BRDA:180,23,1,0
BRDA:183,24,0,0
BRDA:183,24,1,0
BRDA:186,25,0,0
BRDA:186,25,1,0
BRDA:197,26,0,0
BRDA:197,26,1,0
BRDA:200,27,0,0
BRDA:200,27,1,0
BRDA:202,28,0,0
BRDA:202,28,1,0
BRDA:203,29,0,0
BRDA:203,29,1,0
BRDA:205,30,0,0
BRDA:205,30,1,0
BRDA:213,31,0,0
BRDA:213,31,1,0
BRDA:217,32,0,0
BRDA:217,32,1,0
BRDA:218,33,0,0
BRDA:218,33,1,0
BRDA:227,34,0,0
BRDA:227,34,1,0
BRDA:229,35,0,0
BRDA:229,35,1,0
BRDA:233,36,0,0
BRDA:233,36,1,0
BRDA:234,37,0,0
BRDA:234,37,1,0
BRDA:239,38,0,0
BRDA:239,38,1,0
BRDA:242,39,0,0
BRDA:242,39,1,0
BRDA:243,40,0,0
BRDA:243,40,1,0
BRDA:244,41,0,0
BRDA:244,41,1,0
BRDA:248,42,0,0
BRDA:248,42,1,0
BRDA:249,43,0,0
BRDA:249,43,1,0
BRDA:251,44,0,0
BRDA:251,44,1,0
BRDA:252,45,0,0
BRDA:252,45,1,0
BRDA:253,46,0,0
BRDA:253,46,1,0
BRDA:254,47,0,0
BRDA:254,47,1,0
BRDA:255,48,0,0
BRDA:255,48,1,0
BRDA:256,49,0,0
BRDA:256,49,1,0
BRDA:261,50,0,0
BRDA:261,50,1,0
BRDA:264,51,0,0
BRDA:264,51,1,0
BRDA:268,52,0,0
BRDA:268,52,1,0
BRDA:269,53,0,0
BRDA:269,53,1,0
BRDA:270,54,0,0
BRDA:270,54,1,0
BRDA:270,55,0,0
BRDA:270,55,1,0
BRDA:271,56,0,0
BRDA:271,56,1,0
BRDA:278,57,0,0
BRDA:278,57,1,0
BRDA:279,58,0,0
BRDA:279,58,1,0
BRDA:281,59,0,0
BRDA:281,59,1,0
BRDA:282,60,0,0
BRDA:282,60,1,0
BRDA:289,61,0,0
BRDA:289,61,1,0
BRDA:290,62,0,0
BRDA:290,62,1,0
BRDA:292,63,0,0
BRDA:292,63,1,0
BRDA:292,63,2,0
BRDA:293,64,0,0
BRDA:293,64,1,0
BRDA:294,65,0,0
BRDA:294,65,1,0
BRDA:299,66,0,0
BRDA:299,66,1,0
BRDA:300,67,0,0
BRDA:300,67,1,0
BRDA:304,68,0,0
BRDA:304,68,1,0
BRDA:305,69,0,0
BRDA:305,69,1,0
BRDA:305,69,2,0
BRDA:306,70,0,0
BRDA:306,70,1,0
BRDA:307,71,0,0
BRDA:307,71,1,0
BRDA:308,72,0,0
BRDA:308,72,1,0
BRDA:309,73,0,0
BRDA:309,73,1,0
BRDA:310,74,0,0
BRDA:310,74,1,0
BRDA:313,75,0,0
BRDA:313,75,1,0
BRDA:313,75,2,0
BRDA:316,76,0,0
BRDA:316,76,1,0
BRDA:317,77,0,0
BRDA:317,77,1,0
BRDA:319,78,0,0
BRDA:319,78,1,0
BRDA:328,79,0,0
BRDA:328,79,1,0
BRDA:333,80,0,0
BRDA:333,80,1,0
BRDA:334,81,0,0
BRDA:334,81,1,0
BRDA:335,82,0,0
BRDA:335,82,1,0
BRDA:336,83,0,0
BRDA:336,83,1,0
BRDA:337,84,0,0
BRDA:337,84,1,0
BRDA:338,85,0,0
BRDA:338,85,1,0
BRDA:339,86,0,0
BRDA:339,86,1,0
BRDA:340,87,0,0
BRDA:340,87,1,0
BRDA:341,88,0,0
BRDA:341,88,1,0
BRDA:342,89,0,0
BRDA:342,89,1,0
BRDA:343,90,0,0
BRDA:343,90,1,0
BRDA:344,91,0,0
BRDA:344,91,1,0
BRDA:345,92,0,0
BRDA:345,92,1,0
BRDA:346,93,0,0
BRDA:346,93,1,0
BRDA:347,94,0,0
BRDA:347,94,1,0
BRDA:348,95,0,0
BRDA:348,95,1,0
BRDA:356,96,0,0
BRDA:356,96,1,0
BRDA:357,97,0,0
BRDA:357,97,1,0
BRDA:359,98,0,0
BRDA:359,98,1,0
BRDA:360,99,0,0
BRDA:360,99,1,0
BRDA:361,100,0,0
BRDA:361,100,1,0
BRDA:362,101,0,0
BRDA:362,101,1,0
BRDA:363,102,0,0
BRDA:363,102,1,0
BRDA:364,103,0,0
BRDA:364,103,1,0
BRDA:373,104,0,0
BRDA:373,104,1,0
BRDA:373,105,0,0
BRDA:373,105,1,0
BRDA:377,106,0,0
BRDA:377,106,1,0
BRDA:378,107,0,0
BRDA:378,107,1,0
BRDA:378,108,0,0
BRDA:378,108,1,0
BRDA:385,109,0,0
BRDA:385,109,1,0
BRF:237
BRH:0
end_of_record
TN:
SF:utils\chatCache.js
FN:10,(anonymous_0)
FN:14,(anonymous_1)
FN:24,(anonymous_2)
FN:43,(anonymous_3)
FN:63,(anonymous_4)
FN:70,(anonymous_5)
FN:77,(anonymous_6)
FN:91,(anonymous_7)
FN:101,(anonymous_8)
FN:114,(anonymous_9)
FNF:10
FNH:7
FNDA:7,(anonymous_0)
FNDA:0,(anonymous_1)
FNDA:7,(anonymous_2)
FNDA:7,(anonymous_3)
FNDA:1,(anonymous_4)
FNDA:1,(anonymous_5)
FNDA:1,(anonymous_6)
FNDA:0,(anonymous_7)
FNDA:0,(anonymous_8)
FNDA:6,(anonymous_9)
DA:6,1
DA:7,1
DA:11,7
DA:12,7
DA:14,7
DA:16,7
DA:25,7
DA:26,7
DA:27,7
DA:29,3
DA:30,1
DA:31,1
DA:34,2
DA:44,7
DA:47,7
DA:48,0
DA:51,7
DA:64,1
DA:71,1
DA:78,1
DA:79,1
DA:80,1
DA:81,2
DA:83,1
DA:92,0
DA:93,0
DA:94,0
DA:95,0
DA:102,0
DA:103,0
DA:104,0
DA:105,0
DA:106,0
DA:107,0
DA:110,0
DA:115,6
DA:116,6
DA:121,1
DA:123,1
LF:39
LH:27
BRDA:10,0,0,1
BRDA:16,1,0,7
BRDA:16,1,1,0
BRDA:27,2,0,4
BRDA:27,2,1,3
BRDA:29,3,0,1
BRDA:29,3,1,2
BRDA:47,4,0,0
BRDA:47,4,1,7
BRDA:47,5,0,7
BRDA:47,5,1,0
BRDA:53,6,0,7
BRDA:53,6,1,6
BRDA:81,7,0,0
BRDA:81,7,1,2
BRDA:94,8,0,0
BRDA:94,8,1,0
BRDA:105,9,0,0
BRDA:105,9,1,0
BRDA:110,10,0,0
BRDA:110,10,1,0
BRF:21
BRH:11
end_of_record
TN:
SF:utils\costaRicaTax.js
FN:70,obtenerCuatrimestre
FN:83,obtenerRangoFechasCuatrimestre
FN:95,calcularImpuestoRentaProgresivo
FN:127,calcularCreditosFiscales
FN:142,codigoTarifaAPorcentaje
FNF:5
FNH:0
FNDA:0,obtenerCuatrimestre
FNDA:0,obtenerRangoFechasCuatrimestre
FNDA:0,calcularImpuestoRentaProgresivo
FNDA:0,calcularCreditosFiscales
FNDA:0,codigoTarifaAPorcentaje
DA:10,0
DA:21,0
DA:29,0
DA:34,0
DA:45,0
DA:59,0
DA:71,0
DA:72,0
DA:73,0
DA:74,0
DA:84,0
DA:85,0
DA:86,0
DA:87,0
DA:96,0
DA:97,0
DA:99,0
DA:100,0
DA:102,0
DA:103,0
DA:105,0
DA:112,0
DA:115,0
DA:128,0
DA:129,0
DA:130,0
DA:143,0
DA:146,0
LF:28
LH:0
BRDA:72,0,0,0
BRDA:72,0,1,0
BRDA:73,1,0,0
BRDA:73,1,1,0
BRDA:100,2,0,0
BRDA:100,2,1,0
BRDA:127,3,0,0
BRDA:127,4,0,0
BRDA:129,5,0,0
BRDA:129,5,1,0
BRDA:143,6,0,0
BRDA:143,6,1,0
BRF:12
BRH:0
end_of_record
TN:
SF:utils\createUser.js
FN:11,crearUsuario
FNF:1
FNH:0
FNDA:0,crearUsuario
DA:7,0
DA:8,0
DA:9,0
DA:12,0
DA:14,0
DA:15,0
DA:16,0
DA:17,0
DA:20,0
DA:22,0
DA:23,0
DA:24,0
DA:27,0
DA:29,0
DA:36,0
DA:37,0
DA:39,0
DA:40,0
DA:44,0
LF:19
LH:0
BRDA:14,0,0,0
BRDA:14,0,1,0
BRDA:33,1,0,0
BRDA:33,1,1,0
BRF:4
BRH:0
end_of_record
TN:
SF:utils\crypto.js
FN:14,(anonymous_0)
FN:26,(anonymous_1)
FNF:2
FNH:0
FNDA:0,(anonymous_0)
FNDA:0,(anonymous_1)
DA:1,0
DA:3,0
DA:5,0
DA:6,0
DA:7,0
DA:8,0
DA:11,0
DA:14,0
DA:15,0
DA:16,0
DA:17,0
DA:18,0
DA:19,0
DA:20,0
DA:21,0
DA:22,0
DA:26,0
DA:27,0
DA:28,0
DA:29,0
DA:30,0
DA:31,0
DA:32,0
DA:33,0
DA:34,0
DA:35,0
DA:38,0
LF:27
LH:0
BRDA:5,0,0,0
BRDA:5,0,1,0
BRDA:7,1,0,0
BRDA:7,1,1,0
BRDA:11,2,0,0
BRDA:11,2,1,0
BRDA:15,3,0,0
BRDA:15,3,1,0
BRDA:16,4,0,0
BRDA:16,4,1,0
BRDA:27,5,0,0
BRDA:27,5,1,0
BRDA:27,6,0,0
BRDA:27,6,1,0
BRDA:28,7,0,0
BRDA:28,7,1,0
BRF:16
BRH:0
end_of_record
TN:
SF:utils\formatters.js
FN:10,formatearColones
FN:24,formatearFecha
FN:37,formatearPorcentaje
FN:46,nombreCuatrimestre
FN:60,nombreTipoGanado
FNF:5
FNH:0
FNDA:0,formatearColones
FNDA:0,formatearFecha
FNDA:0,formatearPorcentaje
FNDA:0,nombreCuatrimestre
FNDA:0,nombreTipoGanado
DA:11,0
DA:25,0
DA:38,0
DA:47,0
DA:52,0
DA:61,0
DA:71,0
DA:74,0
LF:8
LH:0
BRDA:52,0,0,0
BRDA:52,0,1,0
BRDA:71,1,0,0
BRDA:71,1,1,0
BRF:4
BRH:0
end_of_record
TN:
SF:utils\insumosAgropecuarios.js
FN:117,verificarInsumoAgropecuario
FN:156,validarTarifaLinea
FN:225,validarTarifasFactura
FN:231,(anonymous_3)
FN:232,(anonymous_4)
FN:233,(anonymous_5)
FN:234,(anonymous_6)
FN:242,(anonymous_7)
FNF:8
FNH:0
FNDA:0,verificarInsumoAgropecuario
FNDA:0,validarTarifaLinea
FNDA:0,validarTarifasFactura
FNDA:0,(anonymous_3)
FNDA:0,(anonymous_4)
FNDA:0,(anonymous_5)
FNDA:0,(anonymous_6)
FNDA:0,(anonymous_7)
DA:17,0
DA:118,0
DA:119,0
DA:122,0
DA:127,0
DA:128,0
DA:130,0
DA:131,0
DA:132,0
DA:137,0
DA:138,0
DA:139,0
DA:144,0
DA:158,0
DA:160,0
DA:161,0
DA:164,0
DA:165,0
DA:182,0
DA:183,0
DA:197,0
DA:198,0
DA:210,0
DA:226,0
DA:227,0
DA:230,0
DA:231,0
DA:232,0
DA:233,0
DA:234,0
DA:236,0
DA:242,0
DA:248,0
LF:33
LH:0
BRDA:118,0,0,0
BRDA:118,0,1,0
BRDA:137,1,0,0
BRDA:137,1,1,0
BRDA:139,2,0,0
BRDA:139,2,1,0
BRDA:160,3,0,0
BRDA:160,3,1,0
BRDA:161,4,0,0
BRDA:161,4,1,0
BRDA:164,5,0,0
BRDA:164,5,1,0
BRDA:164,6,0,0
BRDA:164,6,1,0
BRDA:175,7,0,0
BRDA:175,7,1,0
BRDA:182,8,0,0
BRDA:182,8,1,0
BRDA:182,9,0,0
BRDA:182,9,1,0
BRDA:182,9,2,0
BRDA:197,10,0,0
BRDA:197,10,1,0
BRDA:197,11,0,0
BRDA:197,11,1,0
BRDA:197,11,2,0
BRDA:226,12,0,0
BRDA:226,12,1,0
BRDA:226,13,0,0
BRDA:226,13,1,0
BRDA:234,14,0,0
BRDA:234,14,1,0
BRF:32
BRH:0
end_of_record
TN:
SF:utils\migrateNewCollections.js
FN:14,migrate
FN:21,(anonymous_1)
FNF:2
FNH:0
FNDA:0,migrate
FNDA:0,(anonymous_1)
DA:11,0
DA:12,0
DA:15,0
DA:16,0
DA:17,0
DA:19,0
DA:20,0
DA:21,0
DA:23,0
DA:26,0
DA:28,0
DA:29,0
DA:30,0
DA:31,0
DA:33,0
DA:38,0
DA:41,0
DA:42,0
DA:43,0
DA:44,0
DA:45,0
DA:46,0
DA:49,0
DA:50,0
DA:51,0
DA:54,0
DA:55,0
DA:56,0
DA:57,0
DA:60,0
DA:61,0
DA:62,0
DA:63,0
DA:76,0
DA:79,0
DA:80,0
DA:82,0
DA:83,0
DA:87,0
LF:39
LH:0
BRDA:29,0,0,0
BRDA:29,0,1,0
BRDA:62,1,0,0
BRDA:62,1,1,0
BRDA:62,2,0,0
BRDA:62,2,1,0
BRF:6
BRH:0
end_of_record
TN:
SF:utils\sanitizer.js
FN:51,sanitizarInput
FN:67,(anonymous_1)
FN:85,filtrarPII
FN:103,sanitizarContexto
FN:110,(anonymous_4)
FN:118,(anonymous_5)
FNF:6
FNH:6
FNDA:8,sanitizarInput
FNDA:23,(anonymous_1)
FNDA:8,filtrarPII
FNDA:2,sanitizarContexto
FNDA:1,(anonymous_4)
FNDA:1,(anonymous_5)
DA:10,1
DA:11,1
DA:14,1
DA:30,1
DA:52,8
DA:53,3
DA:56,5
DA:58,5
DA:59,1
DA:62,4
DA:63,1
DA:67,23
DA:68,3
DA:69,1
DA:71,1
DA:75,3
DA:77,3
DA:86,8
DA:88,6
DA:89,6
DA:91,36
DA:92,36
DA:94,6
DA:104,2
DA:106,1
DA:109,1
DA:110,1
DA:117,1
DA:118,1
DA:124,1
DA:127,1
LF:31
LH:31
BRDA:52,0,0,3
BRDA:52,0,1,5
BRDA:52,1,0,8
BRDA:52,1,1,5
BRDA:58,2,0,1
BRDA:58,2,1,4
BRDA:62,3,0,1
BRDA:62,3,1,3
BRDA:68,4,0,1
BRDA:68,4,1,2
BRDA:86,5,0,2
BRDA:86,5,1,6
BRDA:86,6,0,8
BRDA:86,6,1,6
BRDA:104,7,0,1
BRDA:104,7,1,1
BRDA:109,8,0,1
BRDA:109,8,1,0
BRDA:112,9,0,1
BRDA:112,9,1,0
BRDA:117,10,0,1
BRDA:117,10,1,0
BRDA:120,11,0,1
BRDA:120,11,1,0
BRF:24
BRH:20
end_of_record
TN:
SF:utils\seed.js
FN:29,seed
FN:71,(anonymous_1)
FNF:2
FNH:0
FNDA:0,seed
FNDA:0,(anonymous_1)
DA:9,0
DA:10,0
DA:11,0
DA:12,0
DA:14,0
DA:30,0
DA:31,0
DA:32,0
DA:35,0
DA:36,0
DA:37,0
DA:40,0
DA:41,0
DA:42,0
DA:43,0
DA:44,0
DA:46,0
DA:48,0
DA:59,0
DA:60,0
DA:62,0
DA:65,0
DA:69,0
DA:70,0
DA:71,0
DA:73,0
DA:74,0
DA:76,0
DA:77,0
DA:81,0
LF:30
LH:0
BRDA:40,0,0,0
BRDA:40,0,1,0
BRDA:42,1,0,0
BRDA:42,1,1,0
BRF:4
BRH:0
end_of_record
